#
# There is insufficient memory for the Java Runtime Environment to continue.
# Native memory allocation (malloc) failed to allocate 1202576 bytes for Chunk::new
# Possible reasons:
#   The system is out of physical RAM or swap space
#   The process is running with CompressedOops enabled, and the Java Heap may be blocking the growth of the native heap
# Possible solutions:
#   Reduce memory load on the system
#   Increase physical memory or swap space
#   Check if swap backing store is full
#   Decrease Java heap size (-Xmx/-Xms)
#   Decrease number of Java threads
#   Decrease Java thread stack sizes (-Xss)
#   Set larger code cache with -XX:ReservedCodeCacheSize=
#   JVM is running with Unscaled Compressed Oops mode in which the Java heap is
#     placed in the first 4GB address space. The Java Heap base address is the
#     maximum limit for the native heap growth. Please use -XX:HeapBaseMinAddress
#     to set the Java Heap base and to place the Java Heap above 4GB virtual address.
# This output file may be truncated or incomplete.
#
#  Out of Memory Error (src/hotspot/share/memory/arena.cpp:197), pid=11888, tid=10796
#
# JRE version: OpenJDK Runtime Environment (11.0.15) (build 11.0.15+0-b2043.56-8887301)
# Java VM: OpenJDK 64-Bit Server VM (11.0.15+0-b2043.56-8887301, mixed mode, tiered, compressed oops, g1 gc, windows-amd64)
# No core dump will be written. Minidumps are not enabled by default on client versions of Windows
#

---------------  S U M M A R Y ------------

Command Line: --add-opens=java.base/java.util=ALL-UNNAMED --add-opens=java.base/java.lang=ALL-UNNAMED --add-opens=java.base/java.lang.invoke=ALL-UNNAMED --add-opens=java.base/java.util=ALL-UNNAMED --add-opens=java.prefs/java.util.prefs=ALL-UNNAMED --add-opens=java.prefs/java.util.prefs=ALL-UNNAMED --add-opens=java.base/java.nio.charset=ALL-UNNAMED --add-opens=java.base/java.net=ALL-UNNAMED --add-opens=java.base/java.util.concurrent.atomic=ALL-UNNAMED -Xmx2048m -Dfile.encoding=UTF-8 -Duser.country=US -Duser.language=en -Duser.variant org.gradle.launcher.daemon.bootstrap.GradleDaemon 7.5

Host: Intel(R) Core(TM) i7-4790 CPU @ 3.60GHz, 8 cores, 15G,  Windows 10 , 64 bit Build 17763 (10.0.17763.4131)
Time: Sat Mar 25 17:50:13 2023 Taipei Standard Time elapsed time: 11.832695 seconds (0d 0h 0m 11s)

---------------  T H R E A D  ---------------

Current thread (0x000001e3d6178800):  JavaThread "C2 CompilerThread1" daemon [_thread_in_native, id=10796, stack(0x000000dc9d800000,0x000000dc9d900000)]


Current CompileTask:
C2:  11832 10855       4       org.gradle.api.internal.artifacts.transform.ConsumerProvidedVariantFinder::matchAttributes (68 bytes)

Stack: [0x000000dc9d800000,0x000000dc9d900000]
Native frames: (J=compiled Java code, j=interpreted, Vv=VM code, C=native code)
V  [jvm.dll+0x64135a]
V  [jvm.dll+0x7d39f9]
V  [jvm.dll+0x7d51b9]
V  [jvm.dll+0x7d58a3]
V  [jvm.dll+0x2691c5]
V  [jvm.dll+0xc1a5c]
V  [jvm.dll+0xc200c]
V  [jvm.dll+0x377462]
V  [jvm.dll+0x1b3914]
V  [jvm.dll+0x22163e]
V  [jvm.dll+0x220498]
V  [jvm.dll+0x19e851]
V  [jvm.dll+0x230479]
V  [jvm.dll+0x22e5ef]
V  [jvm.dll+0x794de1]
V  [jvm.dll+0x78dc24]
V  [jvm.dll+0x6400f6]
C  [ucrtbase.dll+0x2268a]
C  [KERNEL32.DLL+0x17ab4]
C  [ntdll.dll+0x5a351]


---------------  P R O C E S S  ---------------

Threads class SMR info:
_java_thread_list=0x000001e3d9c64bf0, length=134, elements={
0x000001e3b9438800, 0x000001e3d414b000, 0x000001e3d4158000, 0x000001e3d41aa800,
0x000001e3d41ab800, 0x000001e3d41ae000, 0x000001e3d41af000, 0x000001e3d41b2800,
0x000001e3d41ba000, 0x000001e3d4318000, 0x000001e3d5801800, 0x000001e3d547a000,
0x000001e3d735d000, 0x000001e3d6153000, 0x000001e3d60ce800, 0x000001e3d6756800,
0x000001e3d514b000, 0x000001e3d6427000, 0x000001e3d65e0000, 0x000001e3d53c2800,
0x000001e3d6178800, 0x000001e3d7515800, 0x000001e3d7512000, 0x000001e3d7514800,
0x000001e3d7513000, 0x000001e3d7517000, 0x000001e3d7516000, 0x000001e3d7513800,
0x000001e3d7518000, 0x000001e3d7518800, 0x000001e3d7a02800, 0x000001e3d7a00000,
0x000001e3d7a01800, 0x000001e3d7a03000, 0x000001e3d7a09000, 0x000001e3d7a05000,
0x000001e3d7a0a800, 0x000001e3d7a07800, 0x000001e3d7a0b800, 0x000001e3d7a0c000,
0x000001e3d7a06800, 0x000001e3d7a0d000, 0x000001e3d7a0e000, 0x000001e3d804b000,
0x000001e3d8048000, 0x000001e3d8049800, 0x000001e3d8048800, 0x000001e3d804a800,
0x000001e3d804c000, 0x000001e3d8046800, 0x000001e3d804d000, 0x000001e3d8047000,
0x000001e3d8052800, 0x000001e3d8051800, 0x000001e3d8053800, 0x000001e3d804d800,
0x000001e3d8054000, 0x000001e3d804e800, 0x000001e3d8050000, 0x000001e3d8055000,
0x000001e3d8051000, 0x000001e3d804f800, 0x000001e3d807a800, 0x000001e3d8078000,
0x000001e3d8076800, 0x000001e3d8078800, 0x000001e3d807d000, 0x000001e3d807b000,
0x000001e3d807c000, 0x000001e3d8079800, 0x000001e3d8077000, 0x000001e3d807d800,
0x000001e3d8081800, 0x000001e3d8083800, 0x000001e3d8084000, 0x000001e3d807e800,
0x000001e3d8085000, 0x000001e3d8082800, 0x000001e3d8081000, 0x000001e3d807f800,
0x000001e3d8080000, 0x000001e3d9857000, 0x000001e3d9858000, 0x000001e3d9854000,
0x000001e3d9852000, 0x000001e3d9853000, 0x000001e3d9858800, 0x000001e3d9859800,
0x000001e3d985a800, 0x000001e3d9854800, 0x000001e3d985b000, 0x000001e3d9855800,
0x000001e3d985c000, 0x000001e3d9856000, 0x000001e3d9860000, 0x000001e3d985d800,
0x000001e3d985e800, 0x000001e3d985d000, 0x000001e3d9861000, 0x000001e3d985f000,
0x000001e3d7ad6800, 0x000001e3d7ad2800, 0x000001e3d7ad4000, 0x000001e3d7ad5800,
0x000001e3d7ad5000, 0x000001e3d7ad3800, 0x000001e3d7ad8000, 0x000001e3d7add000,
0x000001e3d7ad9000, 0x000001e3d7ad7800, 0x000001e3d7adc000, 0x000001e3d7adb800,
0x000001e3d7ada000, 0x000001e3d7ade000, 0x000001e3d7ade800, 0x000001e3d7adf800,
0x000001e3d7ae0800, 0x000001e3d7ada800, 0x000001e3d7ae1000, 0x000001e3d7ac2000,
0x000001e3d7ac1000, 0x000001e3d7ac5000, 0x000001e3d7ac3800, 0x000001e3d7ac2800,
0x000001e3d7ac4800, 0x000001e3d7abf800, 0x000001e3d7acb000, 0x000001e3d7ac6000,
0x000001e3d7ac7000, 0x000001e3d7acb800, 0x000001e3d7acc800, 0x000001e3d7acd800,
0x000001e3d7ac9000, 0x000001e3dce57800
}

Java Threads: ( => current thread )
  0x000001e3b9438800 JavaThread "main" [_thread_blocked, id=1664, stack(0x000000dc9b800000,0x000000dc9b900000)]
  0x000001e3d414b000 JavaThread "Reference Handler" daemon [_thread_blocked, id=6132, stack(0x000000dc9bf00000,0x000000dc9c000000)]
  0x000001e3d4158000 JavaThread "Finalizer" daemon [_thread_blocked, id=10872, stack(0x000000dc9c000000,0x000000dc9c100000)]
  0x000001e3d41aa800 JavaThread "Signal Dispatcher" daemon [_thread_blocked, id=11988, stack(0x000000dc9c100000,0x000000dc9c200000)]
  0x000001e3d41ab800 JavaThread "Attach Listener" daemon [_thread_blocked, id=4404, stack(0x000000dc9c200000,0x000000dc9c300000)]
  0x000001e3d41ae000 JavaThread "Service Thread" daemon [_thread_blocked, id=7272, stack(0x000000dc9c300000,0x000000dc9c400000)]
  0x000001e3d41af000 JavaThread "C2 CompilerThread0" daemon [_thread_blocked, id=10548, stack(0x000000dc9c400000,0x000000dc9c500000)]
  0x000001e3d41b2800 JavaThread "C1 CompilerThread0" daemon [_thread_blocked, id=11576, stack(0x000000dc9c500000,0x000000dc9c600000)]
  0x000001e3d41ba000 JavaThread "Sweeper thread" daemon [_thread_blocked, id=11860, stack(0x000000dc9c600000,0x000000dc9c700000)]
  0x000001e3d4318000 JavaThread "Common-Cleaner" daemon [_thread_blocked, id=1524, stack(0x000000dc9c700000,0x000000dc9c800000)]
  0x000001e3d5801800 JavaThread "Daemon health stats" [_thread_blocked, id=7860, stack(0x000000dc9d000000,0x000000dc9d100000)]
  0x000001e3d547a000 JavaThread "Incoming local TCP Connector on port 55401" [_thread_in_native, id=11872, stack(0x000000dc9c900000,0x000000dc9ca00000)]
  0x000001e3d735d000 JavaThread "Daemon periodic checks" [_thread_blocked, id=6616, stack(0x000000dc9ca00000,0x000000dc9cb00000)]
  0x000001e3d6153000 JavaThread "Daemon" [_thread_blocked, id=2648, stack(0x000000dc9d100000,0x000000dc9d200000)]
  0x000001e3d60ce800 JavaThread "Handler for socket connection from /127.0.0.1:55401 to /127.0.0.1:55402" [_thread_in_native, id=4720, stack(0x000000dc9d200000,0x000000dc9d300000)]
  0x000001e3d6756800 JavaThread "Cancel handler" [_thread_blocked, id=7412, stack(0x000000dc9d300000,0x000000dc9d400000)]
  0x000001e3d514b000 JavaThread "Daemon worker" [_thread_blocked, id=10464, stack(0x000000dc9d400000,0x000000dc9d500000)]
  0x000001e3d6427000 JavaThread "Asynchronous log dispatcher for DefaultDaemonConnection: socket connection from /127.0.0.1:55401 to /127.0.0.1:55402" [_thread_blocked, id=11768, stack(0x000000dc9d500000,0x000000dc9d600000)]
  0x000001e3d65e0000 JavaThread "Stdin handler" [_thread_blocked, id=11136, stack(0x000000dc9d600000,0x000000dc9d700000)]
  0x000001e3d53c2800 JavaThread "Daemon client event forwarder" [_thread_blocked, id=3240, stack(0x000000dc9d700000,0x000000dc9d800000)]
=>0x000001e3d6178800 JavaThread "C2 CompilerThread1" daemon [_thread_in_native, id=10796, stack(0x000000dc9d800000,0x000000dc9d900000)]
  0x000001e3d7515800 JavaThread "Cache worker for journal cache (C:\Users\Ranialvz-PC\.gradle\caches\journal-1)" [_thread_blocked, id=11448, stack(0x000000dc9d900000,0x000000dc9da00000)]
  0x000001e3d7512000 JavaThread "File lock request listener" [_thread_in_native, id=2612, stack(0x000000dc9da00000,0x000000dc9db00000)]
  0x000001e3d7514800 JavaThread "Cache worker for file hash cache (C:\Users\Ranialvz-PC\.gradle\caches\7.5\fileHashes)" [_thread_blocked, id=8984, stack(0x000000dc9db00000,0x000000dc9dc00000)]
  0x000001e3d7513000 JavaThread "File watcher server" daemon [_thread_in_native, id=10048, stack(0x000000dc9e000000,0x000000dc9e100000)]
  0x000001e3d7517000 JavaThread "File watcher consumer" daemon [_thread_blocked, id=7896, stack(0x000000dc9e100000,0x000000dc9e200000)]
  0x000001e3d7516000 JavaThread "Cache worker for checksums cache (C:\Users\Ranialvz-PC\MyApplicationLayout02\.gradle\7.5\checksums)" [_thread_blocked, id=9968, stack(0x000000dc9e200000,0x000000dc9e300000)]
  0x000001e3d7513800 JavaThread "Cache worker for cache directory md-rule (C:\Users\Ranialvz-PC\.gradle\caches\7.5\md-rule)" [_thread_blocked, id=8264, stack(0x000000dc9e300000,0x000000dc9e400000)]
  0x000001e3d7518000 JavaThread "Cache worker for file content cache (C:\Users\Ranialvz-PC\.gradle\caches\7.5\fileContent)" [_thread_blocked, id=11268, stack(0x000000dc9e400000,0x000000dc9e500000)]
  0x000001e3d7518800 JavaThread "Cache worker for file hash cache (C:\Users\Ranialvz-PC\MyApplicationLayout02\.gradle\7.5\fileHashes)" [_thread_blocked, id=11764, stack(0x000000dc9e500000,0x000000dc9e600000)]
  0x000001e3d7a02800 JavaThread "Cache worker for cache directory md-supplier (C:\Users\Ranialvz-PC\.gradle\caches\7.5\md-supplier)" [_thread_blocked, id=11336, stack(0x000000dc9e600000,0x000000dc9e700000)]
  0x000001e3d7a00000 JavaThread "Cache worker for execution history cache (C:\Users\Ranialvz-PC\.gradle\caches\7.5\executionHistory)" [_thread_blocked, id=8292, stack(0x000000dc9e700000,0x000000dc9e800000)]
  0x000001e3d7a01800 JavaThread "jar transforms" [_thread_blocked, id=10428, stack(0x000000dc9e800000,0x000000dc9e900000)]
  0x000001e3d7a03000 JavaThread "jar transforms Thread 2" [_thread_blocked, id=11308, stack(0x000000dc9e900000,0x000000dc9ea00000)]
  0x000001e3d7a09000 JavaThread "jar transforms Thread 3" [_thread_blocked, id=7836, stack(0x000000dc9ea00000,0x000000dc9eb00000)]
  0x000001e3d7a05000 JavaThread "jar transforms Thread 4" [_thread_blocked, id=5080, stack(0x000000dc9eb00000,0x000000dc9ec00000)]
  0x000001e3d7a0a800 JavaThread "Cache worker for dependencies-accessors (C:\Users\Ranialvz-PC\MyApplicationLayout02\.gradle\7.5\dependencies-accessors)" [_thread_blocked, id=10716, stack(0x000000dc9ec00000,0x000000dc9ed00000)]
  0x000001e3d7a07800 JavaThread "jar transforms Thread 5" [_thread_blocked, id=9576, stack(0x000000dc9ed00000,0x000000dc9ee00000)]
  0x000001e3d7a0b800 JavaThread "Cache worker for Build Output Cleanup Cache (C:\Users\Ranialvz-PC\MyApplicationLayout02\.gradle\buildOutputCleanup)" [_thread_blocked, id=11088, stack(0x000000dc9ee00000,0x000000dc9ef00000)]
  0x000001e3d7a0c000 JavaThread "Unconstrained build operations" [_thread_blocked, id=11684, stack(0x000000dc9ef00000,0x000000dc9f000000)]
  0x000001e3d7a06800 JavaThread "Unconstrained build operations Thread 2" [_thread_blocked, id=12244, stack(0x000000dc9f000000,0x000000dc9f100000)]
  0x000001e3d7a0d000 JavaThread "Unconstrained build operations Thread 3" [_thread_blocked, id=10348, stack(0x000000dc9f100000,0x000000dc9f200000)]
  0x000001e3d7a0e000 JavaThread "Unconstrained build operations Thread 4" [_thread_blocked, id=4524, stack(0x000000dc9f200000,0x000000dc9f300000)]
  0x000001e3d804b000 JavaThread "Unconstrained build operations Thread 5" [_thread_blocked, id=6824, stack(0x000000dc9f300000,0x000000dc9f400000)]
  0x000001e3d8048000 JavaThread "Unconstrained build operations Thread 6" [_thread_blocked, id=11340, stack(0x000000dc9f400000,0x000000dc9f500000)]
  0x000001e3d8049800 JavaThread "Unconstrained build operations Thread 7" [_thread_blocked, id=236, stack(0x000000dc9f500000,0x000000dc9f600000)]
  0x000001e3d8048800 JavaThread "Unconstrained build operations Thread 8" [_thread_blocked, id=5116, stack(0x000000dc9f600000,0x000000dc9f700000)]
  0x000001e3d804a800 JavaThread "Unconstrained build operations Thread 9" [_thread_blocked, id=1592, stack(0x000000dc9f700000,0x000000dc9f800000)]
  0x000001e3d804c000 JavaThread "Unconstrained build operations Thread 10" [_thread_blocked, id=6760, stack(0x000000dc9f800000,0x000000dc9f900000)]
  0x000001e3d8046800 JavaThread "Unconstrained build operations Thread 11" [_thread_blocked, id=2664, stack(0x000000dc9f900000,0x000000dc9fa00000)]
  0x000001e3d804d000 JavaThread "Unconstrained build operations Thread 12" [_thread_blocked, id=9808, stack(0x000000dc9fa00000,0x000000dc9fb00000)]
  0x000001e3d8047000 JavaThread "Unconstrained build operations Thread 13" [_thread_blocked, id=9172, stack(0x000000dc9fb00000,0x000000dc9fc00000)]
  0x000001e3d8052800 JavaThread "Unconstrained build operations Thread 14" [_thread_blocked, id=11256, stack(0x000000dc9fc00000,0x000000dc9fd00000)]
  0x000001e3d8051800 JavaThread "Unconstrained build operations Thread 15" [_thread_blocked, id=2532, stack(0x000000dc9fd00000,0x000000dc9fe00000)]
  0x000001e3d8053800 JavaThread "Unconstrained build operations Thread 16" [_thread_blocked, id=5084, stack(0x000000dc9fe00000,0x000000dc9ff00000)]
  0x000001e3d804d800 JavaThread "Unconstrained build operations Thread 17" [_thread_blocked, id=11596, stack(0x000000dc9ff00000,0x000000dca0000000)]
  0x000001e3d8054000 JavaThread "Unconstrained build operations Thread 18" [_thread_blocked, id=7656, stack(0x000000dca0000000,0x000000dca0100000)]
  0x000001e3d804e800 JavaThread "Unconstrained build operations Thread 19" [_thread_blocked, id=4628, stack(0x000000dca0100000,0x000000dca0200000)]
  0x000001e3d8050000 JavaThread "Unconstrained build operations Thread 20" [_thread_blocked, id=11224, stack(0x000000dca0200000,0x000000dca0300000)]
  0x000001e3d8055000 JavaThread "Unconstrained build operations Thread 21" [_thread_blocked, id=8620, stack(0x000000dca0300000,0x000000dca0400000)]
  0x000001e3d8051000 JavaThread "Unconstrained build operations Thread 22" [_thread_blocked, id=10632, stack(0x000000dca0400000,0x000000dca0500000)]
  0x000001e3d804f800 JavaThread "Unconstrained build operations Thread 23" [_thread_blocked, id=1448, stack(0x000000dca0500000,0x000000dca0600000)]
  0x000001e3d807a800 JavaThread "Unconstrained build operations Thread 24" [_thread_blocked, id=2108, stack(0x000000dca0600000,0x000000dca0700000)]
  0x000001e3d8078000 JavaThread "Unconstrained build operations Thread 25" [_thread_blocked, id=2896, stack(0x000000dca0700000,0x000000dca0800000)]
  0x000001e3d8076800 JavaThread "Unconstrained build operations Thread 26" [_thread_blocked, id=8588, stack(0x000000dca0800000,0x000000dca0900000)]
  0x000001e3d8078800 JavaThread "Unconstrained build operations Thread 27" [_thread_blocked, id=6192, stack(0x000000dca0900000,0x000000dca0a00000)]
  0x000001e3d807d000 JavaThread "Unconstrained build operations Thread 28" [_thread_blocked, id=9412, stack(0x000000dca0a00000,0x000000dca0b00000)]
  0x000001e3d807b000 JavaThread "Unconstrained build operations Thread 29" [_thread_blocked, id=1920, stack(0x000000dca0b00000,0x000000dca0c00000)]
  0x000001e3d807c000 JavaThread "Unconstrained build operations Thread 30" [_thread_blocked, id=11980, stack(0x000000dca0c00000,0x000000dca0d00000)]
  0x000001e3d8079800 JavaThread "Unconstrained build operations Thread 31" [_thread_blocked, id=2112, stack(0x000000dca0d00000,0x000000dca0e00000)]
  0x000001e3d8077000 JavaThread "Unconstrained build operations Thread 32" [_thread_blocked, id=11932, stack(0x000000dca0e00000,0x000000dca0f00000)]
  0x000001e3d807d800 JavaThread "Unconstrained build operations Thread 33" [_thread_blocked, id=11564, stack(0x000000dca0f00000,0x000000dca1000000)]
  0x000001e3d8081800 JavaThread "Unconstrained build operations Thread 34" [_thread_blocked, id=6168, stack(0x000000dca1000000,0x000000dca1100000)]
  0x000001e3d8083800 JavaThread "Unconstrained build operations Thread 35" [_thread_blocked, id=4620, stack(0x000000dca1100000,0x000000dca1200000)]
  0x000001e3d8084000 JavaThread "Unconstrained build operations Thread 36" [_thread_blocked, id=7092, stack(0x000000dca1200000,0x000000dca1300000)]
  0x000001e3d807e800 JavaThread "Unconstrained build operations Thread 37" [_thread_blocked, id=11912, stack(0x000000dca1300000,0x000000dca1400000)]
  0x000001e3d8085000 JavaThread "Unconstrained build operations Thread 38" [_thread_blocked, id=10792, stack(0x000000dca1400000,0x000000dca1500000)]
  0x000001e3d8082800 JavaThread "Unconstrained build operations Thread 39" [_thread_blocked, id=11692, stack(0x000000dca1500000,0x000000dca1600000)]
  0x000001e3d8081000 JavaThread "Unconstrained build operations Thread 40" [_thread_blocked, id=6832, stack(0x000000dca1600000,0x000000dca1700000)]
  0x000001e3d807f800 JavaThread "Unconstrained build operations Thread 41" [_thread_blocked, id=4680, stack(0x000000dca1700000,0x000000dca1800000)]
  0x000001e3d8080000 JavaThread "Unconstrained build operations Thread 42" [_thread_blocked, id=11976, stack(0x000000dca1800000,0x000000dca1900000)]
  0x000001e3d9857000 JavaThread "Unconstrained build operations Thread 43" [_thread_blocked, id=11468, stack(0x000000dca1900000,0x000000dca1a00000)]
  0x000001e3d9858000 JavaThread "Unconstrained build operations Thread 44" [_thread_blocked, id=4280, stack(0x000000dca1a00000,0x000000dca1b00000)]
  0x000001e3d9854000 JavaThread "Unconstrained build operations Thread 45" [_thread_blocked, id=12284, stack(0x000000dca1b00000,0x000000dca1c00000)]
  0x000001e3d9852000 JavaThread "Unconstrained build operations Thread 46" [_thread_blocked, id=8636, stack(0x000000dca1c00000,0x000000dca1d00000)]
  0x000001e3d9853000 JavaThread "Unconstrained build operations Thread 47" [_thread_blocked, id=1712, stack(0x000000dca1d00000,0x000000dca1e00000)]
  0x000001e3d9858800 JavaThread "Unconstrained build operations Thread 48" [_thread_blocked, id=6804, stack(0x000000dca1e00000,0x000000dca1f00000)]
  0x000001e3d9859800 JavaThread "Unconstrained build operations Thread 49" [_thread_blocked, id=6852, stack(0x000000dca1f00000,0x000000dca2000000)]
  0x000001e3d985a800 JavaThread "Unconstrained build operations Thread 50" [_thread_blocked, id=11356, stack(0x000000dca2000000,0x000000dca2100000)]
  0x000001e3d9854800 JavaThread "Unconstrained build operations Thread 51" [_thread_blocked, id=11636, stack(0x000000dca2100000,0x000000dca2200000)]
  0x000001e3d985b000 JavaThread "Unconstrained build operations Thread 52" [_thread_blocked, id=3152, stack(0x000000dca2200000,0x000000dca2300000)]
  0x000001e3d9855800 JavaThread "Unconstrained build operations Thread 53" [_thread_blocked, id=9108, stack(0x000000dca2300000,0x000000dca2400000)]
  0x000001e3d985c000 JavaThread "Unconstrained build operations Thread 54" [_thread_blocked, id=11664, stack(0x000000dca2400000,0x000000dca2500000)]
  0x000001e3d9856000 JavaThread "Unconstrained build operations Thread 55" [_thread_blocked, id=11800, stack(0x000000dca2500000,0x000000dca2600000)]
  0x000001e3d9860000 JavaThread "Unconstrained build operations Thread 56" [_thread_blocked, id=11740, stack(0x000000dca2600000,0x000000dca2700000)]
  0x000001e3d985d800 JavaThread "Unconstrained build operations Thread 57" [_thread_blocked, id=10868, stack(0x000000dca2700000,0x000000dca2800000)]
  0x000001e3d985e800 JavaThread "Unconstrained build operations Thread 58" [_thread_blocked, id=11200, stack(0x000000dca2800000,0x000000dca2900000)]
  0x000001e3d985d000 JavaThread "Unconstrained build operations Thread 59" [_thread_blocked, id=11896, stack(0x000000dca2900000,0x000000dca2a00000)]
  0x000001e3d9861000 JavaThread "Unconstrained build operations Thread 60" [_thread_blocked, id=11316, stack(0x000000dca2a00000,0x000000dca2b00000)]
  0x000001e3d985f000 JavaThread "Unconstrained build operations Thread 61" [_thread_blocked, id=12104, stack(0x000000dca2b00000,0x000000dca2c00000)]
  0x000001e3d7ad6800 JavaThread "Unconstrained build operations Thread 62" [_thread_blocked, id=11968, stack(0x000000dca2c00000,0x000000dca2d00000)]
  0x000001e3d7ad2800 JavaThread "Unconstrained build operations Thread 63" [_thread_blocked, id=11832, stack(0x000000dca2d00000,0x000000dca2e00000)]
  0x000001e3d7ad4000 JavaThread "Unconstrained build operations Thread 64" [_thread_blocked, id=12140, stack(0x000000dca2e00000,0x000000dca2f00000)]
  0x000001e3d7ad5800 JavaThread "Unconstrained build operations Thread 65" [_thread_blocked, id=3036, stack(0x000000dca2f00000,0x000000dca3000000)]
  0x000001e3d7ad5000 JavaThread "Unconstrained build operations Thread 66" [_thread_blocked, id=4128, stack(0x000000dca3000000,0x000000dca3100000)]
  0x000001e3d7ad3800 JavaThread "Unconstrained build operations Thread 67" [_thread_blocked, id=4708, stack(0x000000dca3100000,0x000000dca3200000)]
  0x000001e3d7ad8000 JavaThread "Unconstrained build operations Thread 68" [_thread_blocked, id=4216, stack(0x000000dca3200000,0x000000dca3300000)]
  0x000001e3d7add000 JavaThread "Unconstrained build operations Thread 69" [_thread_blocked, id=11920, stack(0x000000dca3300000,0x000000dca3400000)]
  0x000001e3d7ad9000 JavaThread "Unconstrained build operations Thread 70" [_thread_blocked, id=7912, stack(0x000000dca3400000,0x000000dca3500000)]
  0x000001e3d7ad7800 JavaThread "Unconstrained build operations Thread 71" [_thread_blocked, id=8412, stack(0x000000dca3500000,0x000000dca3600000)]
  0x000001e3d7adc000 JavaThread "Unconstrained build operations Thread 72" [_thread_blocked, id=9324, stack(0x000000dca3600000,0x000000dca3700000)]
  0x000001e3d7adb800 JavaThread "Unconstrained build operations Thread 73" [_thread_blocked, id=11312, stack(0x000000dca3700000,0x000000dca3800000)]
  0x000001e3d7ada000 JavaThread "Unconstrained build operations Thread 74" [_thread_blocked, id=10724, stack(0x000000dca3800000,0x000000dca3900000)]
  0x000001e3d7ade000 JavaThread "Unconstrained build operations Thread 75" [_thread_blocked, id=10824, stack(0x000000dca3900000,0x000000dca3a00000)]
  0x000001e3d7ade800 JavaThread "Unconstrained build operations Thread 76" [_thread_blocked, id=7944, stack(0x000000dca3a00000,0x000000dca3b00000)]
  0x000001e3d7adf800 JavaThread "Unconstrained build operations Thread 77" [_thread_blocked, id=11512, stack(0x000000dca3b00000,0x000000dca3c00000)]
  0x000001e3d7ae0800 JavaThread "Unconstrained build operations Thread 78" [_thread_blocked, id=11600, stack(0x000000dca3c00000,0x000000dca3d00000)]
  0x000001e3d7ada800 JavaThread "Unconstrained build operations Thread 79" [_thread_blocked, id=2224, stack(0x000000dca3d00000,0x000000dca3e00000)]
  0x000001e3d7ae1000 JavaThread "Unconstrained build operations Thread 80" [_thread_blocked, id=11780, stack(0x000000dca3e00000,0x000000dca3f00000)]
  0x000001e3d7ac2000 JavaThread "jar transforms Thread 6" [_thread_blocked, id=9640, stack(0x000000dca3f00000,0x000000dca4000000)]
  0x000001e3d7ac1000 JavaThread "jar transforms Thread 7" [_thread_blocked, id=11508, stack(0x000000dca4000000,0x000000dca4100000)]
  0x000001e3d7ac5000 JavaThread "jar transforms Thread 8" [_thread_blocked, id=11328, stack(0x000000dca4100000,0x000000dca4200000)]
  0x000001e3d7ac3800 JavaThread "build event listener" [_thread_blocked, id=9624, stack(0x000000dca4200000,0x000000dca4300000)]
  0x000001e3d7ac2800 JavaThread "Memory manager" [_thread_blocked, id=10484, stack(0x000000dca4300000,0x000000dca4400000)]
  0x000001e3d7ac4800 JavaThread "included builds" [_thread_blocked, id=3236, stack(0x000000dca4400000,0x000000dca4500000)]
  0x000001e3d7abf800 JavaThread "Execution worker" [_thread_in_Java, id=9296, stack(0x000000dca4500000,0x000000dca4600000)]
  0x000001e3d7acb000 JavaThread "Execution worker Thread 2" [_thread_blocked, id=11244, stack(0x000000dca4600000,0x000000dca4700000)]
  0x000001e3d7ac6000 JavaThread "Execution worker Thread 3" [_thread_blocked, id=3716, stack(0x000000dca4700000,0x000000dca4800000)]
  0x000001e3d7ac7000 JavaThread "Execution worker Thread 4" [_thread_blocked, id=11440, stack(0x000000dca4800000,0x000000dca4900000)]
  0x000001e3d7acb800 JavaThread "Execution worker Thread 5" [_thread_blocked, id=1292, stack(0x000000dca4900000,0x000000dca4a00000)]
  0x000001e3d7acc800 JavaThread "Execution worker Thread 6" [_thread_blocked, id=10252, stack(0x000000dca4a00000,0x000000dca4b00000)]
  0x000001e3d7acd800 JavaThread "Execution worker Thread 7" [_thread_blocked, id=10840, stack(0x000000dca4b00000,0x000000dca4c00000)]
  0x000001e3d7ac9000 JavaThread "Cache worker for execution history cache (C:\Users\Ranialvz-PC\MyApplicationLayout02\.gradle\7.5\executionHistory)" [_thread_blocked, id=10700, stack(0x000000dca4c00000,0x000000dca4d00000)]
  0x000001e3dce57800 JavaThread "C2 CompilerThread2" daemon [_thread_in_native, id=11432, stack(0x000000dc9df00000,0x000000dc9e000000)]

Other Threads:
  0x000001e3d4146000 VMThread "VM Thread" [stack: 0x000000dc9be00000,0x000000dc9bf00000] [id=11868]
  0x000001e3d4357800 WatcherThread [stack: 0x000000dc9c800000,0x000000dc9c900000] [id=11856]
  0x000001e3b9452000 GCTaskThread "GC Thread#0" [stack: 0x000000dc9b900000,0x000000dc9ba00000] [id=3288]
  0x000001e3d5c22800 GCTaskThread "GC Thread#1" [stack: 0x000000dc9cb00000,0x000000dc9cc00000] [id=11928]
  0x000001e3d4ed1800 GCTaskThread "GC Thread#2" [stack: 0x000000dc9cc00000,0x000000dc9cd00000] [id=1424]
  0x000001e3d51bd000 GCTaskThread "GC Thread#3" [stack: 0x000000dc9cd00000,0x000000dc9ce00000] [id=11524]
  0x000001e3d52eb000 GCTaskThread "GC Thread#4" [stack: 0x000000dc9ce00000,0x000000dc9cf00000] [id=9776]
  0x000001e3d53c6000 GCTaskThread "GC Thread#5" [stack: 0x000000dc9cf00000,0x000000dc9d000000] [id=10988]
  0x000001e3d6b6c800 GCTaskThread "GC Thread#6" [stack: 0x000000dc9dc00000,0x000000dc9dd00000] [id=10772]
  0x000001e3d52e6800 GCTaskThread "GC Thread#7" [stack: 0x000000dc9dd00000,0x000000dc9de00000] [id=11444]
  0x000001e3b9485800 ConcurrentGCThread "G1 Main Marker" [stack: 0x000000dc9ba00000,0x000000dc9bb00000] [id=6556]
  0x000001e3b9486800 ConcurrentGCThread "G1 Conc#0" [stack: 0x000000dc9bb00000,0x000000dc9bc00000] [id=10800]
  0x000001e3d66f9800 ConcurrentGCThread "G1 Conc#1" [stack: 0x000000dc9de00000,0x000000dc9df00000] [id=12248]
  0x000001e3b94fe800 ConcurrentGCThread "G1 Refine#0" [stack: 0x000000dc9bc00000,0x000000dc9bd00000] [id=11732]
  0x000001e3d3796800 ConcurrentGCThread "G1 Young RemSet Sampling" [stack: 0x000000dc9bd00000,0x000000dc9be00000] [id=12024]

Threads with active compile tasks:
C2 CompilerThread1    11849 10855       4       org.gradle.api.internal.artifacts.transform.ConsumerProvidedVariantFinder::matchAttributes (68 bytes)
C2 CompilerThread2    11849 10885       4       java.net.URLClassLoader$1::run (5 bytes)

VM state:not at safepoint (normal execution)

VM Mutex/Monitor currently owned by a thread: None

Heap address: 0x0000000080000000, size: 2048 MB, Compressed Oops mode: 32-bit
Narrow klass base: 0x0000000000000000, Narrow klass shift: 3
Compressed class space size: 1073741824 Address: 0x0000000100000000

Heap:
 garbage-first heap   total 262144K, used 156272K [0x0000000080000000, 0x0000000100000000)
  region size 1024K, 80 young (81920K), 13 survivors (13312K)
 Metaspace       used 88971K, capacity 91489K, committed 91600K, reserved 1128448K
  class space    used 11632K, capacity 12600K, committed 12672K, reserved 1048576K
Heap Regions: E=young(eden), S=young(survivor), O=old, HS=humongous(starts), HC=humongous(continues), CS=collection set, F=free, A=archive, TAMS=top-at-mark-start (previous, next)
|   0|0x0000000080000000, 0x0000000080100000, 0x0000000080100000|100%| O|  |TAMS 0x0000000080100000, 0x0000000080000000| Untracked 
|   1|0x0000000080100000, 0x0000000080200000, 0x0000000080200000|100%| O|  |TAMS 0x0000000080200000, 0x0000000080100000| Untracked 
|   2|0x0000000080200000, 0x0000000080300000, 0x0000000080300000|100%| O|  |TAMS 0x0000000080300000, 0x0000000080200000| Untracked 
|   3|0x0000000080300000, 0x0000000080400000, 0x0000000080400000|100%|HS|  |TAMS 0x0000000080400000, 0x0000000080300000| Complete 
|   4|0x0000000080400000, 0x0000000080500000, 0x0000000080500000|100%|HC|  |TAMS 0x0000000080500000, 0x0000000080400000| Complete 
|   5|0x0000000080500000, 0x0000000080600000, 0x0000000080600000|100%|HC|  |TAMS 0x0000000080600000, 0x0000000080500000| Complete 
|   6|0x0000000080600000, 0x0000000080700000, 0x0000000080700000|100%| O|  |TAMS 0x0000000080700000, 0x0000000080600000| Untracked 
|   7|0x0000000080700000, 0x0000000080800000, 0x0000000080800000|100%| O|  |TAMS 0x0000000080800000, 0x0000000080700000| Untracked 
|   8|0x0000000080800000, 0x0000000080900000, 0x0000000080900000|100%| O|  |TAMS 0x0000000080900000, 0x0000000080800000| Untracked 
|   9|0x0000000080900000, 0x0000000080a00000, 0x0000000080a00000|100%| O|  |TAMS 0x0000000080a00000, 0x0000000080900000| Untracked 
|  10|0x0000000080a00000, 0x0000000080b00000, 0x0000000080b00000|100%| O|  |TAMS 0x0000000080b00000, 0x0000000080a00000| Untracked 
|  11|0x0000000080b00000, 0x0000000080c00000, 0x0000000080c00000|100%| O|  |TAMS 0x0000000080c00000, 0x0000000080b00000| Untracked 
|  12|0x0000000080c00000, 0x0000000080d00000, 0x0000000080d00000|100%| O|  |TAMS 0x0000000080d00000, 0x0000000080c00000| Untracked 
|  13|0x0000000080d00000, 0x0000000080e00000, 0x0000000080e00000|100%| O|  |TAMS 0x0000000080e00000, 0x0000000080d00000| Untracked 
|  14|0x0000000080e00000, 0x0000000080f00000, 0x0000000080f00000|100%| O|  |TAMS 0x0000000080f00000, 0x0000000080e00000| Untracked 
|  15|0x0000000080f00000, 0x0000000081000000, 0x0000000081000000|100%| O|  |TAMS 0x0000000081000000, 0x0000000080f00000| Untracked 
|  16|0x0000000081000000, 0x0000000081100000, 0x0000000081100000|100%| O|  |TAMS 0x0000000081100000, 0x0000000081000000| Untracked 
|  17|0x0000000081100000, 0x0000000081200000, 0x0000000081200000|100%|HS|  |TAMS 0x0000000081200000, 0x0000000081100000| Complete 
|  18|0x0000000081200000, 0x0000000081300000, 0x0000000081300000|100%|HS|  |TAMS 0x0000000081300000, 0x0000000081200000| Complete 
|  19|0x0000000081300000, 0x0000000081400000, 0x0000000081400000|100%|HC|  |TAMS 0x0000000081400000, 0x0000000081300000| Complete 
|  20|0x0000000081400000, 0x0000000081500000, 0x0000000081500000|100%|HS|  |TAMS 0x0000000081500000, 0x0000000081400000| Complete 
|  21|0x0000000081500000, 0x0000000081600000, 0x0000000081600000|100%|HS|  |TAMS 0x0000000081600000, 0x0000000081500000| Complete 
|  22|0x0000000081600000, 0x0000000081700000, 0x0000000081700000|100%|HC|  |TAMS 0x0000000081700000, 0x0000000081600000| Complete 
|  23|0x0000000081700000, 0x0000000081800000, 0x0000000081800000|100%|HC|  |TAMS 0x0000000081800000, 0x0000000081700000| Complete 
|  24|0x0000000081800000, 0x0000000081900000, 0x0000000081900000|100%|HC|  |TAMS 0x0000000081900000, 0x0000000081800000| Complete 
|  25|0x0000000081900000, 0x0000000081a00000, 0x0000000081a00000|100%| O|  |TAMS 0x0000000081900000, 0x0000000081900000| Untracked 
|  26|0x0000000081a00000, 0x0000000081b00000, 0x0000000081b00000|100%| O|  |TAMS 0x0000000081b00000, 0x0000000081a00000| Untracked 
|  27|0x0000000081b00000, 0x0000000081c00000, 0x0000000081c00000|100%| O|  |TAMS 0x0000000081c00000, 0x0000000081b00000| Untracked 
|  28|0x0000000081c00000, 0x0000000081d00000, 0x0000000081d00000|100%| O|  |TAMS 0x0000000081d00000, 0x0000000081c00000| Untracked 
|  29|0x0000000081d00000, 0x0000000081e00000, 0x0000000081e00000|100%| O|  |TAMS 0x0000000081e00000, 0x0000000081d00000| Untracked 
|  30|0x0000000081e00000, 0x0000000081f00000, 0x0000000081f00000|100%| O|  |TAMS 0x0000000081f00000, 0x0000000081e00000| Untracked 
|  31|0x0000000081f00000, 0x0000000082000000, 0x0000000082000000|100%| O|  |TAMS 0x0000000082000000, 0x0000000081f00000| Untracked 
|  32|0x0000000082000000, 0x0000000082100000, 0x0000000082100000|100%| O|  |TAMS 0x0000000082000000, 0x0000000082000000| Untracked 
|  33|0x0000000082100000, 0x0000000082200000, 0x0000000082200000|100%| O|  |TAMS 0x0000000082100000, 0x0000000082100000| Untracked 
|  34|0x0000000082200000, 0x0000000082300000, 0x0000000082300000|100%| O|  |TAMS 0x0000000082200000, 0x0000000082200000| Untracked 
|  35|0x0000000082300000, 0x0000000082400000, 0x0000000082400000|100%| O|  |TAMS 0x0000000082300000, 0x0000000082300000| Untracked 
|  36|0x0000000082400000, 0x0000000082500000, 0x0000000082500000|100%| O|  |TAMS 0x0000000082400000, 0x0000000082400000| Untracked 
|  37|0x0000000082500000, 0x0000000082600000, 0x0000000082600000|100%| O|  |TAMS 0x0000000082500000, 0x0000000082500000| Untracked 
|  38|0x0000000082600000, 0x0000000082700000, 0x0000000082700000|100%| O|  |TAMS 0x0000000082600000, 0x0000000082600000| Untracked 
|  39|0x0000000082700000, 0x0000000082800000, 0x0000000082800000|100%| O|  |TAMS 0x0000000082800000, 0x0000000082700000| Untracked 
|  40|0x0000000082800000, 0x0000000082900000, 0x0000000082900000|100%| O|  |TAMS 0x0000000082900000, 0x0000000082800000| Untracked 
|  41|0x0000000082900000, 0x0000000082a00000, 0x0000000082a00000|100%| O|  |TAMS 0x0000000082a00000, 0x0000000082900000| Untracked 
|  42|0x0000000082a00000, 0x0000000082b00000, 0x0000000082b00000|100%| O|  |TAMS 0x0000000082b00000, 0x0000000082a00000| Untracked 
|  43|0x0000000082b00000, 0x0000000082c00000, 0x0000000082c00000|100%| O|  |TAMS 0x0000000082c00000, 0x0000000082b00000| Untracked 
|  44|0x0000000082c00000, 0x0000000082d00000, 0x0000000082d00000|100%| O|  |TAMS 0x0000000082d00000, 0x0000000082c00000| Untracked 
|  45|0x0000000082d00000, 0x0000000082e00000, 0x0000000082e00000|100%| O|  |TAMS 0x0000000082e00000, 0x0000000082d00000| Untracked 
|  46|0x0000000082e00000, 0x0000000082f00000, 0x0000000082f00000|100%| O|  |TAMS 0x0000000082f00000, 0x0000000082e00000| Untracked 
|  47|0x0000000082f00000, 0x0000000083000000, 0x0000000083000000|100%| O|  |TAMS 0x0000000083000000, 0x0000000082f00000| Untracked 
|  48|0x0000000083000000, 0x0000000083100000, 0x0000000083100000|100%| O|  |TAMS 0x0000000083100000, 0x0000000083000000| Untracked 
|  49|0x0000000083100000, 0x0000000083200000, 0x0000000083200000|100%| O|  |TAMS 0x0000000083200000, 0x0000000083100000| Untracked 
|  50|0x0000000083200000, 0x0000000083300000, 0x0000000083300000|100%| O|  |TAMS 0x0000000083300000, 0x0000000083200000| Untracked 
|  51|0x0000000083300000, 0x0000000083400000, 0x0000000083400000|100%| O|  |TAMS 0x0000000083400000, 0x0000000083300000| Untracked 
|  52|0x0000000083400000, 0x0000000083500000, 0x0000000083500000|100%| O|  |TAMS 0x0000000083500000, 0x0000000083400000| Untracked 
|  53|0x0000000083500000, 0x0000000083600000, 0x0000000083600000|100%| O|  |TAMS 0x0000000083600000, 0x0000000083500000| Untracked 
|  54|0x0000000083600000, 0x0000000083700000, 0x0000000083700000|100%| O|  |TAMS 0x0000000083700000, 0x0000000083600000| Untracked 
|  55|0x0000000083700000, 0x0000000083800000, 0x0000000083800000|100%| O|  |TAMS 0x000000008379d600, 0x0000000083700000| Untracked 
|  56|0x0000000083800000, 0x0000000083900000, 0x0000000083900000|100%| O|  |TAMS 0x0000000083800000, 0x0000000083800000| Untracked 
|  57|0x0000000083900000, 0x0000000083a00000, 0x0000000083a00000|100%| O|  |TAMS 0x0000000083900000, 0x0000000083900000| Untracked 
|  58|0x0000000083a00000, 0x0000000083b00000, 0x0000000083b00000|100%| O|  |TAMS 0x0000000083a00000, 0x0000000083a00000| Untracked 
|  59|0x0000000083b00000, 0x0000000083c00000, 0x0000000083c00000|100%| O|  |TAMS 0x0000000083b00000, 0x0000000083b00000| Untracked 
|  60|0x0000000083c00000, 0x0000000083d00000, 0x0000000083d00000|100%| O|  |TAMS 0x0000000083c00000, 0x0000000083c00000| Untracked 
|  61|0x0000000083d00000, 0x0000000083e00000, 0x0000000083e00000|100%| O|  |TAMS 0x0000000083d00000, 0x0000000083d00000| Untracked 
|  62|0x0000000083e00000, 0x0000000083f00000, 0x0000000083f00000|100%| O|  |TAMS 0x0000000083e00000, 0x0000000083e00000| Untracked 
|  63|0x0000000083f00000, 0x0000000084000000, 0x0000000084000000|100%| O|  |TAMS 0x0000000083f00000, 0x0000000083f00000| Untracked 
|  64|0x0000000084000000, 0x0000000084100000, 0x0000000084100000|100%| O|  |TAMS 0x0000000084000000, 0x0000000084000000| Untracked 
|  65|0x0000000084100000, 0x0000000084200000, 0x0000000084200000|100%| O|  |TAMS 0x0000000084100000, 0x0000000084100000| Untracked 
|  66|0x0000000084200000, 0x0000000084300000, 0x0000000084300000|100%| O|  |TAMS 0x0000000084200000, 0x0000000084200000| Untracked 
|  67|0x0000000084300000, 0x0000000084400000, 0x0000000084400000|100%| O|  |TAMS 0x0000000084300000, 0x0000000084300000| Untracked 
|  68|0x0000000084400000, 0x0000000084500000, 0x0000000084500000|100%| O|  |TAMS 0x0000000084400000, 0x0000000084400000| Untracked 
|  69|0x0000000084500000, 0x0000000084600000, 0x0000000084600000|100%| O|  |TAMS 0x0000000084500000, 0x0000000084500000| Untracked 
|  70|0x0000000084600000, 0x0000000084700000, 0x0000000084700000|100%| O|  |TAMS 0x0000000084600000, 0x0000000084600000| Untracked 
|  71|0x0000000084700000, 0x0000000084800000, 0x0000000084800000|100%| O|  |TAMS 0x0000000084700000, 0x0000000084700000| Untracked 
|  72|0x0000000084800000, 0x0000000084900000, 0x0000000084900000|100%| O|  |TAMS 0x0000000084800000, 0x0000000084800000| Untracked 
|  73|0x0000000084900000, 0x0000000084a00000, 0x0000000084a00000|100%| O|  |TAMS 0x0000000084900000, 0x0000000084900000| Untracked 
|  74|0x0000000084a00000, 0x0000000084b00000, 0x0000000084b00000|100%| O|  |TAMS 0x0000000084a00000, 0x0000000084a00000| Untracked 
|  75|0x0000000084b00000, 0x0000000084b2da00, 0x0000000084c00000| 17%| O|  |TAMS 0x0000000084b00000, 0x0000000084b00000| Untracked 
|  76|0x0000000084c00000, 0x0000000084c00000, 0x0000000084d00000|  0%| F|  |TAMS 0x0000000084c00000, 0x0000000084c00000| Untracked 
|  77|0x0000000084d00000, 0x0000000084d00000, 0x0000000084e00000|  0%| F|  |TAMS 0x0000000084d00000, 0x0000000084d00000| Untracked 
|  78|0x0000000084e00000, 0x0000000084e00000, 0x0000000084f00000|  0%| F|  |TAMS 0x0000000084e00000, 0x0000000084e00000| Untracked 
|  79|0x0000000084f00000, 0x0000000084f00000, 0x0000000085000000|  0%| F|  |TAMS 0x0000000084f00000, 0x0000000084f00000| Untracked 
|  80|0x0000000085000000, 0x0000000085000000, 0x0000000085100000|  0%| F|  |TAMS 0x0000000085000000, 0x0000000085000000| Untracked 
|  81|0x0000000085100000, 0x0000000085100000, 0x0000000085200000|  0%| F|  |TAMS 0x0000000085100000, 0x0000000085100000| Untracked 
|  82|0x0000000085200000, 0x0000000085200000, 0x0000000085300000|  0%| F|  |TAMS 0x0000000085200000, 0x0000000085200000| Untracked 
|  83|0x0000000085300000, 0x0000000085300000, 0x0000000085400000|  0%| F|  |TAMS 0x0000000085300000, 0x0000000085300000| Untracked 
|  84|0x0000000085400000, 0x0000000085400000, 0x0000000085500000|  0%| F|  |TAMS 0x0000000085400000, 0x0000000085400000| Untracked 
|  85|0x0000000085500000, 0x0000000085500000, 0x0000000085600000|  0%| F|  |TAMS 0x0000000085500000, 0x0000000085500000| Untracked 
|  86|0x0000000085600000, 0x0000000085600000, 0x0000000085700000|  0%| F|  |TAMS 0x0000000085600000, 0x0000000085600000| Untracked 
|  87|0x0000000085700000, 0x0000000085700000, 0x0000000085800000|  0%| F|  |TAMS 0x0000000085700000, 0x0000000085700000| Untracked 
|  88|0x0000000085800000, 0x0000000085800000, 0x0000000085900000|  0%| F|  |TAMS 0x0000000085800000, 0x0000000085800000| Untracked 
|  89|0x0000000085900000, 0x0000000085900000, 0x0000000085a00000|  0%| F|  |TAMS 0x0000000085900000, 0x0000000085900000| Untracked 
|  90|0x0000000085a00000, 0x0000000085a00000, 0x0000000085b00000|  0%| F|  |TAMS 0x0000000085a00000, 0x0000000085a00000| Untracked 
|  91|0x0000000085b00000, 0x0000000085b00000, 0x0000000085c00000|  0%| F|  |TAMS 0x0000000085b00000, 0x0000000085b00000| Untracked 
|  92|0x0000000085c00000, 0x0000000085c00000, 0x0000000085d00000|  0%| F|  |TAMS 0x0000000085c00000, 0x0000000085c00000| Untracked 
|  93|0x0000000085d00000, 0x0000000085d00000, 0x0000000085e00000|  0%| F|  |TAMS 0x0000000085d00000, 0x0000000085d00000| Untracked 
|  94|0x0000000085e00000, 0x0000000085e00000, 0x0000000085f00000|  0%| F|  |TAMS 0x0000000085e00000, 0x0000000085e00000| Untracked 
|  95|0x0000000085f00000, 0x0000000085f00000, 0x0000000086000000|  0%| F|  |TAMS 0x0000000085f00000, 0x0000000085f00000| Untracked 
|  96|0x0000000086000000, 0x0000000086000000, 0x0000000086100000|  0%| F|  |TAMS 0x0000000086000000, 0x0000000086000000| Untracked 
|  97|0x0000000086100000, 0x0000000086100000, 0x0000000086200000|  0%| F|  |TAMS 0x0000000086100000, 0x0000000086100000| Untracked 
|  98|0x0000000086200000, 0x0000000086200000, 0x0000000086300000|  0%| F|  |TAMS 0x0000000086200000, 0x0000000086200000| Untracked 
|  99|0x0000000086300000, 0x0000000086300000, 0x0000000086400000|  0%| F|  |TAMS 0x0000000086300000, 0x0000000086300000| Untracked 
| 100|0x0000000086400000, 0x0000000086400000, 0x0000000086500000|  0%| F|  |TAMS 0x0000000086400000, 0x0000000086400000| Untracked 
| 101|0x0000000086500000, 0x0000000086500000, 0x0000000086600000|  0%| F|  |TAMS 0x0000000086500000, 0x0000000086500000| Untracked 
| 102|0x0000000086600000, 0x0000000086600000, 0x0000000086700000|  0%| F|  |TAMS 0x0000000086600000, 0x0000000086600000| Untracked 
| 103|0x0000000086700000, 0x0000000086700000, 0x0000000086800000|  0%| F|  |TAMS 0x0000000086700000, 0x0000000086700000| Untracked 
| 104|0x0000000086800000, 0x0000000086800000, 0x0000000086900000|  0%| F|  |TAMS 0x0000000086800000, 0x0000000086800000| Untracked 
| 105|0x0000000086900000, 0x0000000086900000, 0x0000000086a00000|  0%| F|  |TAMS 0x0000000086900000, 0x0000000086900000| Untracked 
| 106|0x0000000086a00000, 0x0000000086a00000, 0x0000000086b00000|  0%| F|  |TAMS 0x0000000086a00000, 0x0000000086a00000| Untracked 
| 107|0x0000000086b00000, 0x0000000086b00000, 0x0000000086c00000|  0%| F|  |TAMS 0x0000000086b00000, 0x0000000086b00000| Untracked 
| 108|0x0000000086c00000, 0x0000000086c00000, 0x0000000086d00000|  0%| F|  |TAMS 0x0000000086c00000, 0x0000000086c00000| Untracked 
| 109|0x0000000086d00000, 0x0000000086d00000, 0x0000000086e00000|  0%| F|  |TAMS 0x0000000086d00000, 0x0000000086d00000| Untracked 
| 110|0x0000000086e00000, 0x0000000086e00000, 0x0000000086f00000|  0%| F|  |TAMS 0x0000000086e00000, 0x0000000086e00000| Untracked 
| 111|0x0000000086f00000, 0x0000000086f00000, 0x0000000087000000|  0%| F|  |TAMS 0x0000000086f00000, 0x0000000086f00000| Untracked 
| 112|0x0000000087000000, 0x0000000087000000, 0x0000000087100000|  0%| F|  |TAMS 0x0000000087000000, 0x0000000087000000| Untracked 
| 113|0x0000000087100000, 0x0000000087100000, 0x0000000087200000|  0%| F|  |TAMS 0x0000000087100000, 0x0000000087100000| Untracked 
| 114|0x0000000087200000, 0x0000000087200000, 0x0000000087300000|  0%| F|  |TAMS 0x0000000087200000, 0x0000000087200000| Untracked 
| 115|0x0000000087300000, 0x0000000087300000, 0x0000000087400000|  0%| F|  |TAMS 0x0000000087300000, 0x0000000087300000| Untracked 
| 116|0x0000000087400000, 0x0000000087400000, 0x0000000087500000|  0%| F|  |TAMS 0x0000000087400000, 0x0000000087400000| Untracked 
| 117|0x0000000087500000, 0x0000000087500000, 0x0000000087600000|  0%| F|  |TAMS 0x0000000087500000, 0x0000000087500000| Untracked 
| 118|0x0000000087600000, 0x0000000087600000, 0x0000000087700000|  0%| F|  |TAMS 0x0000000087600000, 0x0000000087600000| Untracked 
| 119|0x0000000087700000, 0x0000000087700000, 0x0000000087800000|  0%| F|  |TAMS 0x0000000087700000, 0x0000000087700000| Untracked 
| 120|0x0000000087800000, 0x0000000087800000, 0x0000000087900000|  0%| F|  |TAMS 0x0000000087800000, 0x0000000087800000| Untracked 
| 121|0x0000000087900000, 0x0000000087900000, 0x0000000087a00000|  0%| F|  |TAMS 0x0000000087900000, 0x0000000087900000| Untracked 
| 122|0x0000000087a00000, 0x0000000087a00000, 0x0000000087b00000|  0%| F|  |TAMS 0x0000000087a00000, 0x0000000087a00000| Untracked 
| 123|0x0000000087b00000, 0x0000000087b6e650, 0x0000000087c00000| 43%| S|CS|TAMS 0x0000000087b00000, 0x0000000087b00000| Complete 
| 124|0x0000000087c00000, 0x0000000087d00000, 0x0000000087d00000|100%| S|CS|TAMS 0x0000000087c00000, 0x0000000087c00000| Complete 
| 125|0x0000000087d00000, 0x0000000087e00000, 0x0000000087e00000|100%| S|CS|TAMS 0x0000000087d00000, 0x0000000087d00000| Complete 
| 126|0x0000000087e00000, 0x0000000087f00000, 0x0000000087f00000|100%| S|CS|TAMS 0x0000000087e00000, 0x0000000087e00000| Complete 
| 127|0x0000000087f00000, 0x0000000088000000, 0x0000000088000000|100%| S|CS|TAMS 0x0000000087f00000, 0x0000000087f00000| Complete 
| 128|0x0000000088000000, 0x0000000088100000, 0x0000000088100000|100%| S|CS|TAMS 0x0000000088000000, 0x0000000088000000| Complete 
| 129|0x0000000088100000, 0x0000000088200000, 0x0000000088200000|100%| S|CS|TAMS 0x0000000088100000, 0x0000000088100000| Complete 
| 130|0x0000000088200000, 0x0000000088300000, 0x0000000088300000|100%| S|CS|TAMS 0x0000000088200000, 0x0000000088200000| Complete 
| 131|0x0000000088300000, 0x0000000088400000, 0x0000000088400000|100%| S|CS|TAMS 0x0000000088300000, 0x0000000088300000| Complete 
| 132|0x0000000088400000, 0x0000000088500000, 0x0000000088500000|100%| S|CS|TAMS 0x0000000088400000, 0x0000000088400000| Complete 
| 133|0x0000000088500000, 0x0000000088600000, 0x0000000088600000|100%| S|CS|TAMS 0x0000000088500000, 0x0000000088500000| Complete 
| 134|0x0000000088600000, 0x0000000088700000, 0x0000000088700000|100%| S|CS|TAMS 0x0000000088600000, 0x0000000088600000| Complete 
| 135|0x0000000088700000, 0x0000000088800000, 0x0000000088800000|100%| S|CS|TAMS 0x0000000088700000, 0x0000000088700000| Complete 
| 136|0x0000000088800000, 0x0000000088800000, 0x0000000088900000|  0%| F|  |TAMS 0x0000000088800000, 0x0000000088800000| Untracked 
| 137|0x0000000088900000, 0x0000000088900000, 0x0000000088a00000|  0%| F|  |TAMS 0x0000000088900000, 0x0000000088900000| Untracked 
| 138|0x0000000088a00000, 0x0000000088a00000, 0x0000000088b00000|  0%| F|  |TAMS 0x0000000088a00000, 0x0000000088a00000| Untracked 
| 139|0x0000000088b00000, 0x0000000088b00000, 0x0000000088c00000|  0%| F|  |TAMS 0x0000000088b00000, 0x0000000088b00000| Untracked 
| 140|0x0000000088c00000, 0x0000000088c00000, 0x0000000088d00000|  0%| F|  |TAMS 0x0000000088c00000, 0x0000000088c00000| Untracked 
| 141|0x0000000088d00000, 0x0000000088d00000, 0x0000000088e00000|  0%| F|  |TAMS 0x0000000088d00000, 0x0000000088d00000| Untracked 
| 142|0x0000000088e00000, 0x0000000088e00000, 0x0000000088f00000|  0%| F|  |TAMS 0x0000000088e00000, 0x0000000088e00000| Untracked 
| 143|0x0000000088f00000, 0x0000000088f00000, 0x0000000089000000|  0%| F|  |TAMS 0x0000000088f00000, 0x0000000088f00000| Untracked 
| 144|0x0000000089000000, 0x0000000089000000, 0x0000000089100000|  0%| F|  |TAMS 0x0000000089000000, 0x0000000089000000| Untracked 
| 145|0x0000000089100000, 0x0000000089100000, 0x0000000089200000|  0%| F|  |TAMS 0x0000000089100000, 0x0000000089100000| Untracked 
| 146|0x0000000089200000, 0x0000000089200000, 0x0000000089300000|  0%| F|  |TAMS 0x0000000089200000, 0x0000000089200000| Untracked 
| 147|0x0000000089300000, 0x0000000089300000, 0x0000000089400000|  0%| F|  |TAMS 0x0000000089300000, 0x0000000089300000| Untracked 
| 148|0x0000000089400000, 0x0000000089400000, 0x0000000089500000|  0%| F|  |TAMS 0x0000000089400000, 0x0000000089400000| Untracked 
| 149|0x0000000089500000, 0x0000000089500000, 0x0000000089600000|  0%| F|  |TAMS 0x0000000089500000, 0x0000000089500000| Untracked 
| 150|0x0000000089600000, 0x0000000089600000, 0x0000000089700000|  0%| F|  |TAMS 0x0000000089600000, 0x0000000089600000| Untracked 
| 151|0x0000000089700000, 0x0000000089700000, 0x0000000089800000|  0%| F|  |TAMS 0x0000000089700000, 0x0000000089700000| Untracked 
| 152|0x0000000089800000, 0x0000000089800000, 0x0000000089900000|  0%| F|  |TAMS 0x0000000089800000, 0x0000000089800000| Untracked 
| 153|0x0000000089900000, 0x0000000089900000, 0x0000000089a00000|  0%| F|  |TAMS 0x0000000089900000, 0x0000000089900000| Untracked 
| 154|0x0000000089a00000, 0x0000000089a00000, 0x0000000089b00000|  0%| F|  |TAMS 0x0000000089a00000, 0x0000000089a00000| Untracked 
| 155|0x0000000089b00000, 0x0000000089b00000, 0x0000000089c00000|  0%| F|  |TAMS 0x0000000089b00000, 0x0000000089b00000| Untracked 
| 156|0x0000000089c00000, 0x0000000089c00000, 0x0000000089d00000|  0%| F|  |TAMS 0x0000000089c00000, 0x0000000089c00000| Untracked 
| 157|0x0000000089d00000, 0x0000000089d00000, 0x0000000089e00000|  0%| F|  |TAMS 0x0000000089d00000, 0x0000000089d00000| Untracked 
| 158|0x0000000089e00000, 0x0000000089e00000, 0x0000000089f00000|  0%| F|  |TAMS 0x0000000089e00000, 0x0000000089e00000| Untracked 
| 159|0x0000000089f00000, 0x0000000089f00000, 0x000000008a000000|  0%| F|  |TAMS 0x0000000089f00000, 0x0000000089f00000| Untracked 
| 160|0x000000008a000000, 0x000000008a000000, 0x000000008a100000|  0%| F|  |TAMS 0x000000008a000000, 0x000000008a000000| Untracked 
| 161|0x000000008a100000, 0x000000008a100000, 0x000000008a200000|  0%| F|  |TAMS 0x000000008a100000, 0x000000008a100000| Untracked 
| 162|0x000000008a200000, 0x000000008a200000, 0x000000008a300000|  0%| F|  |TAMS 0x000000008a200000, 0x000000008a200000| Untracked 
| 163|0x000000008a300000, 0x000000008a300000, 0x000000008a400000|  0%| F|  |TAMS 0x000000008a300000, 0x000000008a300000| Untracked 
| 164|0x000000008a400000, 0x000000008a400000, 0x000000008a500000|  0%| F|  |TAMS 0x000000008a400000, 0x000000008a400000| Untracked 
| 165|0x000000008a500000, 0x000000008a500000, 0x000000008a600000|  0%| F|  |TAMS 0x000000008a500000, 0x000000008a500000| Untracked 
| 166|0x000000008a600000, 0x000000008a600000, 0x000000008a700000|  0%| F|  |TAMS 0x000000008a600000, 0x000000008a600000| Untracked 
| 167|0x000000008a700000, 0x000000008a700000, 0x000000008a800000|  0%| F|  |TAMS 0x000000008a700000, 0x000000008a700000| Untracked 
| 168|0x000000008a800000, 0x000000008a800000, 0x000000008a900000|  0%| F|  |TAMS 0x000000008a800000, 0x000000008a800000| Untracked 
| 169|0x000000008a900000, 0x000000008a900000, 0x000000008aa00000|  0%| F|  |TAMS 0x000000008a900000, 0x000000008a900000| Untracked 
| 170|0x000000008aa00000, 0x000000008aa00000, 0x000000008ab00000|  0%| F|  |TAMS 0x000000008aa00000, 0x000000008aa00000| Untracked 
| 171|0x000000008ab00000, 0x000000008ab00000, 0x000000008ac00000|  0%| F|  |TAMS 0x000000008ab00000, 0x000000008ab00000| Untracked 
| 172|0x000000008ac00000, 0x000000008ac00000, 0x000000008ad00000|  0%| F|  |TAMS 0x000000008ac00000, 0x000000008ac00000| Untracked 
| 173|0x000000008ad00000, 0x000000008ad00000, 0x000000008ae00000|  0%| F|  |TAMS 0x000000008ad00000, 0x000000008ad00000| Untracked 
| 174|0x000000008ae00000, 0x000000008ae00000, 0x000000008af00000|  0%| F|  |TAMS 0x000000008ae00000, 0x000000008ae00000| Untracked 
| 175|0x000000008af00000, 0x000000008af00000, 0x000000008b000000|  0%| F|  |TAMS 0x000000008af00000, 0x000000008af00000| Untracked 
| 176|0x000000008b000000, 0x000000008b000000, 0x000000008b100000|  0%| F|  |TAMS 0x000000008b000000, 0x000000008b000000| Untracked 
| 177|0x000000008b100000, 0x000000008b100000, 0x000000008b200000|  0%| F|  |TAMS 0x000000008b100000, 0x000000008b100000| Untracked 
| 178|0x000000008b200000, 0x000000008b200000, 0x000000008b300000|  0%| F|  |TAMS 0x000000008b200000, 0x000000008b200000| Untracked 
| 179|0x000000008b300000, 0x000000008b300000, 0x000000008b400000|  0%| F|  |TAMS 0x000000008b300000, 0x000000008b300000| Untracked 
| 180|0x000000008b400000, 0x000000008b400000, 0x000000008b500000|  0%| F|  |TAMS 0x000000008b400000, 0x000000008b400000| Untracked 
| 181|0x000000008b500000, 0x000000008b500000, 0x000000008b600000|  0%| F|  |TAMS 0x000000008b500000, 0x000000008b500000| Untracked 
| 182|0x000000008b600000, 0x000000008b600000, 0x000000008b700000|  0%| F|  |TAMS 0x000000008b600000, 0x000000008b600000| Untracked 
| 183|0x000000008b700000, 0x000000008b700000, 0x000000008b800000|  0%| F|  |TAMS 0x000000008b700000, 0x000000008b700000| Untracked 
| 184|0x000000008b800000, 0x000000008b800000, 0x000000008b900000|  0%| F|  |TAMS 0x000000008b800000, 0x000000008b800000| Untracked 
| 185|0x000000008b900000, 0x000000008b900000, 0x000000008ba00000|  0%| F|  |TAMS 0x000000008b900000, 0x000000008b900000| Untracked 
| 186|0x000000008ba00000, 0x000000008ba00000, 0x000000008bb00000|  0%| F|  |TAMS 0x000000008ba00000, 0x000000008ba00000| Untracked 
| 187|0x000000008bb00000, 0x000000008bb00000, 0x000000008bc00000|  0%| F|  |TAMS 0x000000008bb00000, 0x000000008bb00000| Untracked 
| 188|0x000000008bc00000, 0x000000008bc00000, 0x000000008bd00000|  0%| F|  |TAMS 0x000000008bc00000, 0x000000008bc00000| Untracked 
| 189|0x000000008bd00000, 0x000000008be00000, 0x000000008be00000|100%| E|  |TAMS 0x000000008bd00000, 0x000000008bd00000| Complete 
| 190|0x000000008be00000, 0x000000008bf00000, 0x000000008bf00000|100%| E|CS|TAMS 0x000000008be00000, 0x000000008be00000| Complete 
| 191|0x000000008bf00000, 0x000000008c000000, 0x000000008c000000|100%| E|CS|TAMS 0x000000008bf00000, 0x000000008bf00000| Complete 
| 192|0x000000008c000000, 0x000000008c100000, 0x000000008c100000|100%| E|CS|TAMS 0x000000008c000000, 0x000000008c000000| Complete 
| 193|0x000000008c100000, 0x000000008c200000, 0x000000008c200000|100%| E|CS|TAMS 0x000000008c100000, 0x000000008c100000| Complete 
| 194|0x000000008c200000, 0x000000008c300000, 0x000000008c300000|100%| E|CS|TAMS 0x000000008c200000, 0x000000008c200000| Complete 
| 195|0x000000008c300000, 0x000000008c400000, 0x000000008c400000|100%| E|CS|TAMS 0x000000008c300000, 0x000000008c300000| Complete 
| 196|0x000000008c400000, 0x000000008c500000, 0x000000008c500000|100%| E|CS|TAMS 0x000000008c400000, 0x000000008c400000| Complete 
| 197|0x000000008c500000, 0x000000008c600000, 0x000000008c600000|100%| E|CS|TAMS 0x000000008c500000, 0x000000008c500000| Complete 
| 198|0x000000008c600000, 0x000000008c700000, 0x000000008c700000|100%| E|CS|TAMS 0x000000008c600000, 0x000000008c600000| Complete 
| 199|0x000000008c700000, 0x000000008c800000, 0x000000008c800000|100%| E|CS|TAMS 0x000000008c700000, 0x000000008c700000| Complete 
| 200|0x000000008c800000, 0x000000008c900000, 0x000000008c900000|100%| E|CS|TAMS 0x000000008c800000, 0x000000008c800000| Complete 
| 201|0x000000008c900000, 0x000000008ca00000, 0x000000008ca00000|100%| E|CS|TAMS 0x000000008c900000, 0x000000008c900000| Complete 
| 202|0x000000008ca00000, 0x000000008cb00000, 0x000000008cb00000|100%| E|CS|TAMS 0x000000008ca00000, 0x000000008ca00000| Complete 
| 203|0x000000008cb00000, 0x000000008cc00000, 0x000000008cc00000|100%| E|CS|TAMS 0x000000008cb00000, 0x000000008cb00000| Complete 
| 204|0x000000008cc00000, 0x000000008cd00000, 0x000000008cd00000|100%| E|CS|TAMS 0x000000008cc00000, 0x000000008cc00000| Complete 
| 205|0x000000008cd00000, 0x000000008ce00000, 0x000000008ce00000|100%| E|CS|TAMS 0x000000008cd00000, 0x000000008cd00000| Complete 
| 206|0x000000008ce00000, 0x000000008cf00000, 0x000000008cf00000|100%| E|CS|TAMS 0x000000008ce00000, 0x000000008ce00000| Complete 
| 207|0x000000008cf00000, 0x000000008d000000, 0x000000008d000000|100%| E|CS|TAMS 0x000000008cf00000, 0x000000008cf00000| Complete 
| 208|0x000000008d000000, 0x000000008d100000, 0x000000008d100000|100%| E|CS|TAMS 0x000000008d000000, 0x000000008d000000| Complete 
| 209|0x000000008d100000, 0x000000008d200000, 0x000000008d200000|100%| E|CS|TAMS 0x000000008d100000, 0x000000008d100000| Complete 
| 210|0x000000008d200000, 0x000000008d300000, 0x000000008d300000|100%| E|CS|TAMS 0x000000008d200000, 0x000000008d200000| Complete 
| 211|0x000000008d300000, 0x000000008d400000, 0x000000008d400000|100%| E|CS|TAMS 0x000000008d300000, 0x000000008d300000| Complete 
| 212|0x000000008d400000, 0x000000008d500000, 0x000000008d500000|100%| E|CS|TAMS 0x000000008d400000, 0x000000008d400000| Complete 
| 213|0x000000008d500000, 0x000000008d600000, 0x000000008d600000|100%| E|CS|TAMS 0x000000008d500000, 0x000000008d500000| Complete 
| 214|0x000000008d600000, 0x000000008d700000, 0x000000008d700000|100%| E|CS|TAMS 0x000000008d600000, 0x000000008d600000| Complete 
| 215|0x000000008d700000, 0x000000008d800000, 0x000000008d800000|100%| E|CS|TAMS 0x000000008d700000, 0x000000008d700000| Complete 
| 216|0x000000008d800000, 0x000000008d900000, 0x000000008d900000|100%| E|CS|TAMS 0x000000008d800000, 0x000000008d800000| Complete 
| 217|0x000000008d900000, 0x000000008da00000, 0x000000008da00000|100%| E|CS|TAMS 0x000000008d900000, 0x000000008d900000| Complete 
| 218|0x000000008da00000, 0x000000008db00000, 0x000000008db00000|100%| E|CS|TAMS 0x000000008da00000, 0x000000008da00000| Complete 
| 219|0x000000008db00000, 0x000000008dc00000, 0x000000008dc00000|100%| E|CS|TAMS 0x000000008db00000, 0x000000008db00000| Complete 
| 220|0x000000008dc00000, 0x000000008dd00000, 0x000000008dd00000|100%| E|CS|TAMS 0x000000008dc00000, 0x000000008dc00000| Complete 
| 221|0x000000008dd00000, 0x000000008de00000, 0x000000008de00000|100%| E|CS|TAMS 0x000000008dd00000, 0x000000008dd00000| Complete 
| 222|0x000000008de00000, 0x000000008df00000, 0x000000008df00000|100%| E|CS|TAMS 0x000000008de00000, 0x000000008de00000| Complete 
| 223|0x000000008df00000, 0x000000008e000000, 0x000000008e000000|100%| E|CS|TAMS 0x000000008df00000, 0x000000008df00000| Complete 
| 224|0x000000008e000000, 0x000000008e100000, 0x000000008e100000|100%| E|CS|TAMS 0x000000008e000000, 0x000000008e000000| Complete 
| 225|0x000000008e100000, 0x000000008e200000, 0x000000008e200000|100%| E|CS|TAMS 0x000000008e100000, 0x000000008e100000| Complete 
| 226|0x000000008e200000, 0x000000008e300000, 0x000000008e300000|100%| E|CS|TAMS 0x000000008e200000, 0x000000008e200000| Complete 
| 227|0x000000008e300000, 0x000000008e400000, 0x000000008e400000|100%| E|CS|TAMS 0x000000008e300000, 0x000000008e300000| Complete 
| 228|0x000000008e400000, 0x000000008e500000, 0x000000008e500000|100%| E|CS|TAMS 0x000000008e400000, 0x000000008e400000| Complete 
| 229|0x000000008e500000, 0x000000008e600000, 0x000000008e600000|100%| E|CS|TAMS 0x000000008e500000, 0x000000008e500000| Complete 
| 230|0x000000008e600000, 0x000000008e700000, 0x000000008e700000|100%| E|CS|TAMS 0x000000008e600000, 0x000000008e600000| Complete 
| 231|0x000000008e700000, 0x000000008e800000, 0x000000008e800000|100%| E|CS|TAMS 0x000000008e700000, 0x000000008e700000| Complete 
| 232|0x000000008e800000, 0x000000008e900000, 0x000000008e900000|100%| E|CS|TAMS 0x000000008e800000, 0x000000008e800000| Complete 
| 233|0x000000008e900000, 0x000000008ea00000, 0x000000008ea00000|100%| E|CS|TAMS 0x000000008e900000, 0x000000008e900000| Complete 
| 234|0x000000008ea00000, 0x000000008eb00000, 0x000000008eb00000|100%| E|CS|TAMS 0x000000008ea00000, 0x000000008ea00000| Complete 
| 235|0x000000008eb00000, 0x000000008ec00000, 0x000000008ec00000|100%| E|CS|TAMS 0x000000008eb00000, 0x000000008eb00000| Complete 
| 236|0x000000008ec00000, 0x000000008ed00000, 0x000000008ed00000|100%| E|CS|TAMS 0x000000008ec00000, 0x000000008ec00000| Complete 
| 237|0x000000008ed00000, 0x000000008ee00000, 0x000000008ee00000|100%| E|CS|TAMS 0x000000008ed00000, 0x000000008ed00000| Complete 
| 238|0x000000008ee00000, 0x000000008ef00000, 0x000000008ef00000|100%| E|CS|TAMS 0x000000008ee00000, 0x000000008ee00000| Complete 
| 239|0x000000008ef00000, 0x000000008f000000, 0x000000008f000000|100%| E|CS|TAMS 0x000000008ef00000, 0x000000008ef00000| Complete 
| 240|0x000000008f000000, 0x000000008f100000, 0x000000008f100000|100%| E|CS|TAMS 0x000000008f000000, 0x000000008f000000| Complete 
| 241|0x000000008f100000, 0x000000008f200000, 0x000000008f200000|100%| E|CS|TAMS 0x000000008f100000, 0x000000008f100000| Complete 
| 242|0x000000008f200000, 0x000000008f300000, 0x000000008f300000|100%| E|  |TAMS 0x000000008f200000, 0x000000008f200000| Complete 
| 243|0x000000008f300000, 0x000000008f400000, 0x000000008f400000|100%| E|CS|TAMS 0x000000008f300000, 0x000000008f300000| Complete 
| 244|0x000000008f400000, 0x000000008f500000, 0x000000008f500000|100%| E|CS|TAMS 0x000000008f400000, 0x000000008f400000| Complete 
| 245|0x000000008f500000, 0x000000008f600000, 0x000000008f600000|100%| E|CS|TAMS 0x000000008f500000, 0x000000008f500000| Complete 
| 246|0x000000008f600000, 0x000000008f700000, 0x000000008f700000|100%| E|CS|TAMS 0x000000008f600000, 0x000000008f600000| Complete 
| 247|0x000000008f700000, 0x000000008f800000, 0x000000008f800000|100%| E|CS|TAMS 0x000000008f700000, 0x000000008f700000| Complete 
| 248|0x000000008f800000, 0x000000008f900000, 0x000000008f900000|100%| E|CS|TAMS 0x000000008f800000, 0x000000008f800000| Complete 
| 249|0x000000008f900000, 0x000000008fa00000, 0x000000008fa00000|100%| E|CS|TAMS 0x000000008f900000, 0x000000008f900000| Complete 
| 250|0x000000008fa00000, 0x000000008fb00000, 0x000000008fb00000|100%| E|CS|TAMS 0x000000008fa00000, 0x000000008fa00000| Complete 
| 251|0x000000008fb00000, 0x000000008fc00000, 0x000000008fc00000|100%| E|CS|TAMS 0x000000008fb00000, 0x000000008fb00000| Complete 
| 252|0x000000008fc00000, 0x000000008fd00000, 0x000000008fd00000|100%| E|CS|TAMS 0x000000008fc00000, 0x000000008fc00000| Complete 
| 253|0x000000008fd00000, 0x000000008fe00000, 0x000000008fe00000|100%| E|CS|TAMS 0x000000008fd00000, 0x000000008fd00000| Complete 
| 254|0x000000008fe00000, 0x000000008ff00000, 0x000000008ff00000|100%| E|CS|TAMS 0x000000008fe00000, 0x000000008fe00000| Complete 
| 255|0x000000008ff00000, 0x0000000090000000, 0x0000000090000000|100%| E|CS|TAMS 0x000000008ff00000, 0x000000008ff00000| Complete 

Card table byte_map: [0x000001e3cc680000,0x000001e3cca80000] _byte_map_base: 0x000001e3cc280000

Marking Bits (Prev, Next): (CMBitMap*) 0x000001e3b947c878, (CMBitMap*) 0x000001e3b947c8b0
 Prev Bits: [0x000001e3cce80000, 0x000001e3cee80000)
 Next Bits: [0x000001e3cee80000, 0x000001e3d0e80000)

Polling page: 0x000001e3b72b0000

Metaspace:

Usage:
  Non-class:     77.10 MB capacity,    75.55 MB ( 98%) used,     1.27 MB (  2%) free+waste,   290.75 KB ( <1%) overhead. 
      Class:     12.30 MB capacity,    11.36 MB ( 92%) used,   830.13 KB (  7%) free+waste,   132.56 KB (  1%) overhead. 
       Both:     89.41 MB capacity,    86.91 MB ( 97%) used,     2.08 MB (  2%) free+waste,   423.31 KB ( <1%) overhead. 

Virtual space:
  Non-class space:       78.00 MB reserved,      77.33 MB (>99%) committed 
      Class space:        1.00 GB reserved,      12.38 MB (  1%) committed 
             Both:        1.08 GB reserved,      89.70 MB (  8%) committed 

Chunk freelists:
   Non-Class:  39.00 KB
       Class:  8.00 KB
        Both:  47.00 KB

MaxMetaspaceSize: 17179869184.00 GB
CompressedClassSpaceSize: 1.00 GB
Initial GC threshold: 20.80 MB
Current GC threshold: 127.01 MB
CDS: off

CodeHeap 'non-profiled nmethods': size=120000Kb used=7140Kb max_used=7140Kb free=112860Kb
 bounds [0x000001e3c4a20000, 0x000001e3c5120000, 0x000001e3cbf50000]
CodeHeap 'profiled nmethods': size=120000Kb used=23246Kb max_used=23246Kb free=96753Kb
 bounds [0x000001e3bd4f0000, 0x000001e3bebb0000, 0x000001e3c4a20000]
CodeHeap 'non-nmethods': size=5760Kb used=2378Kb max_used=2442Kb free=3382Kb
 bounds [0x000001e3bcf50000, 0x000001e3bd1c0000, 0x000001e3bd4f0000]
 total_blobs=11785 nmethods=10881 adapters=816
 compilation: enabled
              stopped_count=0, restarted_count=0
 full_count=0

Compilation events (20 events):
Event: 11.755 Thread 0x000001e3dce57800 10871       4       java.util.concurrent.locks.AbstractQueuedSynchronizer$ConditionObject::addConditionWaiter (79 bytes)
Event: 11.766 Thread 0x000001e3dce57800 nmethod 10871 0x000001e3c5115d10 code [0x000001e3c5115ec0, 0x000001e3c5116658]
Event: 11.767 Thread 0x000001e3dce57800 10885       4       java.net.URLClassLoader$1::run (5 bytes)
Event: 11.773 Thread 0x000001e3d41af000 nmethod 10870 0x000001e3c5116790 code [0x000001e3c5116a00, 0x000001e3c51184a8]
Event: 11.800 Thread 0x000001e3d41b2800 10886       3       kotlin.reflect.jvm.internal.impl.name.Name::asString (13 bytes)
Event: 11.800 Thread 0x000001e3d41b2800 nmethod 10886 0x000001e3beba1490 code [0x000001e3beba1640, 0x000001e3beba17c8]
Event: 11.802 Thread 0x000001e3d41b2800 10887       3       kotlin.reflect.jvm.internal.impl.name.FqNameUnsafe::isRoot (8 bytes)
Event: 11.802 Thread 0x000001e3d41b2800 nmethod 10887 0x000001e3beba1890 code [0x000001e3beba1a40, 0x000001e3beba1c18]
Event: 11.802 Thread 0x000001e3d41b2800 10888       3       kotlin.reflect.jvm.internal.impl.name.FqNameUnsafe::hashCode (8 bytes)
Event: 11.802 Thread 0x000001e3d41b2800 nmethod 10888 0x000001e3beba1d10 code [0x000001e3beba1ec0, 0x000001e3beba1fe8]
Event: 11.803 Thread 0x000001e3d41b2800 10889       3       kotlin.reflect.jvm.internal.impl.name.FqNameUnsafe::<init> (28 bytes)
Event: 11.803 Thread 0x000001e3d41b2800 nmethod 10889 0x000001e3beba2090 code [0x000001e3beba2260, 0x000001e3beba2568]
Event: 11.803 Thread 0x000001e3d41b2800 10890       3       kotlin.reflect.jvm.internal.impl.name.FqName::toUnsafe (13 bytes)
Event: 11.803 Thread 0x000001e3d41b2800 nmethod 10890 0x000001e3beba2690 code [0x000001e3beba2840, 0x000001e3beba29c8]
Event: 11.804 Thread 0x000001e3d41b2800 10891       3       kotlin.reflect.jvm.internal.impl.name.Name::<init> (23 bytes)
Event: 11.804 Thread 0x000001e3d41b2800 nmethod 10891 0x000001e3beba2a90 code [0x000001e3beba2c60, 0x000001e3beba2ea8]
Event: 11.804 Thread 0x000001e3d41b2800 10892       3       kotlin.reflect.jvm.internal.impl.name.FqName::asString (16 bytes)
Event: 11.804 Thread 0x000001e3d41b2800 nmethod 10892 0x000001e3beba2f90 code [0x000001e3beba3160, 0x000001e3beba33b8]
Event: 11.804 Thread 0x000001e3d41b2800 10893       3       kotlin.reflect.jvm.internal.impl.name.FqNameUnsafe::asString (13 bytes)
Event: 11.804 Thread 0x000001e3d41b2800 nmethod 10893 0x000001e3beba3510 code [0x000001e3beba36c0, 0x000001e3beba3848]

GC Heap History (20 events):
Event: 0.705 GC heap before
{Heap before GC invocations=0 (full 0):
 garbage-first heap   total 262144K, used 29696K [0x0000000080000000, 0x0000000100000000)
  region size 1024K, 24 young (24576K), 0 survivors (0K)
 Metaspace       used 9739K, capacity 9892K, committed 10112K, reserved 1058816K
  class space    used 992K, capacity 1069K, committed 1152K, reserved 1048576K
}
Event: 0.708 GC heap after
{Heap after GC invocations=1 (full 0):
 garbage-first heap   total 262144K, used 9311K [0x0000000080000000, 0x0000000100000000)
  region size 1024K, 3 young (3072K), 3 survivors (3072K)
 Metaspace       used 9739K, capacity 9892K, committed 10112K, reserved 1058816K
  class space    used 992K, capacity 1069K, committed 1152K, reserved 1048576K
}
Event: 2.262 GC heap before
{Heap before GC invocations=1 (full 0):
 garbage-first heap   total 262144K, used 109663K [0x0000000080000000, 0x0000000100000000)
  region size 1024K, 101 young (103424K), 3 survivors (3072K)
 Metaspace       used 20807K, capacity 21189K, committed 21296K, reserved 1069056K
  class space    used 2522K, capacity 2687K, committed 2688K, reserved 1048576K
}
Event: 2.270 GC heap after
{Heap after GC invocations=2 (full 0):
 garbage-first heap   total 262144K, used 17182K [0x0000000080000000, 0x0000000100000000)
  region size 1024K, 11 young (11264K), 11 survivors (11264K)
 Metaspace       used 20807K, capacity 21189K, committed 21296K, reserved 1069056K
  class space    used 2522K, capacity 2687K, committed 2688K, reserved 1048576K
}
Event: 2.839 GC heap before
{Heap before GC invocations=3 (full 0):
 garbage-first heap   total 262144K, used 83742K [0x0000000080000000, 0x0000000100000000)
  region size 1024K, 77 young (78848K), 11 survivors (11264K)
 Metaspace       used 27579K, capacity 28188K, committed 28544K, reserved 1073152K
  class space    used 3615K, capacity 3841K, committed 3968K, reserved 1048576K
}
Event: 2.846 GC heap after
{Heap after GC invocations=4 (full 0):
 garbage-first heap   total 262144K, used 19809K [0x0000000080000000, 0x0000000100000000)
  region size 1024K, 3 young (3072K), 3 survivors (3072K)
 Metaspace       used 27579K, capacity 28188K, committed 28544K, reserved 1073152K
  class space    used 3615K, capacity 3841K, committed 3968K, reserved 1048576K
}
Event: 3.440 GC heap before
{Heap before GC invocations=4 (full 0):
 garbage-first heap   total 262144K, used 74081K [0x0000000080000000, 0x0000000100000000)
  region size 1024K, 57 young (58368K), 3 survivors (3072K)
 Metaspace       used 35005K, capacity 35890K, committed 35968K, reserved 1081344K
  class space    used 4566K, capacity 4921K, committed 4992K, reserved 1048576K
}
Event: 3.449 GC heap after
{Heap after GC invocations=5 (full 0):
 garbage-first heap   total 262144K, used 22534K [0x0000000080000000, 0x0000000100000000)
  region size 1024K, 6 young (6144K), 6 survivors (6144K)
 Metaspace       used 35005K, capacity 35890K, committed 35968K, reserved 1081344K
  class space    used 4566K, capacity 4921K, committed 4992K, reserved 1048576K
}
Event: 4.446 GC heap before
{Heap before GC invocations=6 (full 0):
 garbage-first heap   total 262144K, used 137222K [0x0000000080000000, 0x0000000100000000)
  region size 1024K, 114 young (116736K), 6 survivors (6144K)
 Metaspace       used 45201K, capacity 46221K, committed 46364K, reserved 1089536K
  class space    used 5732K, capacity 6150K, committed 6272K, reserved 1048576K
}
Event: 4.466 GC heap after
{Heap after GC invocations=7 (full 0):
 garbage-first heap   total 262144K, used 30607K [0x0000000080000000, 0x0000000100000000)
  region size 1024K, 14 young (14336K), 14 survivors (14336K)
 Metaspace       used 45201K, capacity 46221K, committed 46364K, reserved 1089536K
  class space    used 5732K, capacity 6150K, committed 6272K, reserved 1048576K
}
Event: 5.464 GC heap before
{Heap before GC invocations=8 (full 0):
 garbage-first heap   total 262144K, used 168847K [0x0000000080000000, 0x0000000100000000)
  region size 1024K, 140 young (143360K), 14 survivors (14336K)
 Metaspace       used 52965K, capacity 54289K, committed 54556K, reserved 1097728K
  class space    used 6736K, capacity 7271K, committed 7296K, reserved 1048576K
}
Event: 5.477 GC heap after
{Heap after GC invocations=9 (full 0):
 garbage-first heap   total 262144K, used 49271K [0x0000000080000000, 0x0000000100000000)
  region size 1024K, 18 young (18432K), 18 survivors (18432K)
 Metaspace       used 52965K, capacity 54289K, committed 54556K, reserved 1097728K
  class space    used 6736K, capacity 7271K, committed 7296K, reserved 1048576K
}
Event: 6.951 GC heap before
{Heap before GC invocations=9 (full 0):
 garbage-first heap   total 262144K, used 195703K [0x0000000080000000, 0x0000000100000000)
  region size 1024K, 153 young (156672K), 18 survivors (18432K)
 Metaspace       used 67059K, capacity 68761K, committed 69020K, reserved 1110016K
  class space    used 8497K, capacity 9148K, committed 9216K, reserved 1048576K
}
Event: 6.965 GC heap after
{Heap after GC invocations=10 (full 0):
 garbage-first heap   total 262144K, used 58953K [0x0000000080000000, 0x0000000100000000)
  region size 1024K, 10 young (10240K), 10 survivors (10240K)
 Metaspace       used 67059K, capacity 68761K, committed 69020K, reserved 1110016K
  class space    used 8497K, capacity 9148K, committed 9216K, reserved 1048576K
}
Event: 8.229 GC heap before
{Heap before GC invocations=10 (full 0):
 garbage-first heap   total 262144K, used 181833K [0x0000000080000000, 0x0000000100000000)
  region size 1024K, 131 young (134144K), 10 survivors (10240K)
 Metaspace       used 75743K, capacity 77505K, committed 77700K, reserved 1116160K
  class space    used 9824K, capacity 10489K, committed 10496K, reserved 1048576K
}
Event: 8.251 GC heap after
{Heap after GC invocations=11 (full 0):
 garbage-first heap   total 262144K, used 66152K [0x0000000080000000, 0x0000000100000000)
  region size 1024K, 17 young (17408K), 17 survivors (17408K)
 Metaspace       used 75743K, capacity 77505K, committed 77700K, reserved 1116160K
  class space    used 9824K, capacity 10489K, committed 10496K, reserved 1048576K
}
Event: 9.497 GC heap before
{Heap before GC invocations=12 (full 0):
 garbage-first heap   total 262144K, used 198248K [0x0000000080000000, 0x0000000100000000)
  region size 1024K, 146 young (149504K), 17 survivors (17408K)
 Metaspace       used 84382K, capacity 86593K, committed 86736K, reserved 1124352K
  class space    used 10991K, capacity 11837K, committed 11904K, reserved 1048576K
}
Event: 9.514 GC heap after
{Heap after GC invocations=13 (full 0):
 garbage-first heap   total 262144K, used 77515K [0x0000000080000000, 0x0000000100000000)
  region size 1024K, 19 young (19456K), 19 survivors (19456K)
 Metaspace       used 84382K, capacity 86593K, committed 86736K, reserved 1124352K
  class space    used 10991K, capacity 11837K, committed 11904K, reserved 1048576K
}
Event: 11.035 GC heap before
{Heap before GC invocations=13 (full 0):
 garbage-first heap   total 262144K, used 199371K [0x0000000080000000, 0x0000000100000000)
  region size 1024K, 139 young (142336K), 19 survivors (19456K)
 Metaspace       used 87519K, capacity 89971K, committed 90064K, reserved 1126400K
  class space    used 11460K, capacity 12403K, committed 12416K, reserved 1048576K
}
Event: 11.057 GC heap after
{Heap after GC invocations=14 (full 0):
 garbage-first heap   total 262144K, used 89712K [0x0000000080000000, 0x0000000100000000)
  region size 1024K, 13 young (13312K), 13 survivors (13312K)
 Metaspace       used 87519K, capacity 89971K, committed 90064K, reserved 1126400K
  class space    used 11460K, capacity 12403K, committed 12416K, reserved 1048576K
}

Deoptimization events (20 events):
Event: 11.578 Thread 0x000001e3d8083800 DEOPT PACKING pc=0x000001e3c4b084b0 sp=0x000000dca11fdef0
Event: 11.578 Thread 0x000001e3d8083800 DEOPT UNPACKING pc=0x000001e3bcf9a1af sp=0x000000dca11fde90 mode 2
Event: 11.578 Thread 0x000001e3d8083800 Uncommon trap: trap_request=0xffffff4d fr.pc=0x000001e3c50c95d4 relative=0x00000000000002f4
Event: 11.578 Thread 0x000001e3d8083800 Uncommon trap: reason=unstable_if action=reinterpret pc=0x000001e3c50c95d4 method=java.util.concurrent.ConcurrentHashMap.addCount(JI)V @ 168 c2
Event: 11.578 Thread 0x000001e3d8083800 DEOPT PACKING pc=0x000001e3c50c95d4 sp=0x000000dca11fe000
Event: 11.578 Thread 0x000001e3d8083800 DEOPT UNPACKING pc=0x000001e3bcf9a1af sp=0x000000dca11fdf40 mode 2
Event: 11.584 Thread 0x000001e3d985e800 DEOPT PACKING pc=0x000001e3be86d731 sp=0x000000dca28fbc70
Event: 11.584 Thread 0x000001e3d985e800 DEOPT UNPACKING pc=0x000001e3bcf9a95e sp=0x000000dca28fb138 mode 0
Event: 11.628 Thread 0x000001e3d7abf800 Uncommon trap: trap_request=0xffffff4d fr.pc=0x000001e3c4f11fd4 relative=0x0000000000000594
Event: 11.628 Thread 0x000001e3d7abf800 Uncommon trap: reason=unstable_if action=reinterpret pc=0x000001e3c4f11fd4 method=java.lang.String.regionMatches(ZILjava/lang/String;II)Z @ 1 c2
Event: 11.628 Thread 0x000001e3d7abf800 DEOPT PACKING pc=0x000001e3c4f11fd4 sp=0x000000dca45faa50
Event: 11.628 Thread 0x000001e3d7abf800 DEOPT UNPACKING pc=0x000001e3bcf9a1af sp=0x000000dca45faa00 mode 2
Event: 11.672 Thread 0x000001e3d7abf800 Uncommon trap: trap_request=0xffffffd6 fr.pc=0x000001e3c50ff3b8 relative=0x00000000000019b8
Event: 11.672 Thread 0x000001e3d7abf800 Uncommon trap: reason=array_check action=maybe_recompile pc=0x000001e3c50ff3b8 method=java.util.TimSort.reverseRange([Ljava/lang/Object;II)V @ 27 c2
Event: 11.672 Thread 0x000001e3d7abf800 DEOPT PACKING pc=0x000001e3c50ff3b8 sp=0x000000dca45f8440
Event: 11.672 Thread 0x000001e3d7abf800 DEOPT UNPACKING pc=0x000001e3bcf9a1af sp=0x000000dca45f82f8 mode 2
Event: 11.673 Thread 0x000001e3d7abf800 Uncommon trap: trap_request=0xffffffd6 fr.pc=0x000001e3c50ff3b8 relative=0x00000000000019b8
Event: 11.673 Thread 0x000001e3d7abf800 Uncommon trap: reason=array_check action=maybe_recompile pc=0x000001e3c50ff3b8 method=java.util.TimSort.reverseRange([Ljava/lang/Object;II)V @ 27 c2
Event: 11.673 Thread 0x000001e3d7abf800 DEOPT PACKING pc=0x000001e3c50ff3b8 sp=0x000000dca45f8d00
Event: 11.673 Thread 0x000001e3d7abf800 DEOPT UNPACKING pc=0x000001e3bcf9a1af sp=0x000000dca45f8bb8 mode 2

Classes redefined (0 events):
No events

Internal exceptions (20 events):
Event: 9.842 Thread 0x000001e3d7ac3800 Exception <a 'java/lang/NoSuchMethodError'{0x000000008d2b3168}: <clinit>> (0x000000008d2b3168) thrown at [src/hotspot/share/prims/jni.cpp, line 1367]
Event: 9.844 Thread 0x000001e3d7ac3800 Exception <a 'java/lang/NoSuchMethodError'{0x000000008d2e2178}: 'void java.lang.invoke.DirectMethodHandle$Holder.invokeSpecial(java.lang.Object, java.lang.Object, java.lang.Object, int)'> (0x000000008d2e2178) thrown at [src/hotspot/share/interpreter/linkResolver.cpp, line 773]
Event: 10.069 Thread 0x000001e3d7abf800 Exception <a 'java/lang/NoSuchMethodError'{0x000000008c812540}: 'void java.lang.invoke.DirectMethodHandle$Holder.invokeStatic(java.lang.Object, java.lang.Object, java.lang.Object, java.lang.Object, int, java.lang.Object, java.lang.Object)'> (0x000000008c812540) thrown at [src/hotspot/share/interpreter/linkResolver.cpp, line 773]
Event: 10.097 Thread 0x000001e3d985a800 Exception <a 'java/lang/NoSuchMethodError'{0x000000008c1f87b0}: 'java.lang.Object java.lang.invoke.DirectMethodHandle$Holder.invokeSpecialIFC(java.lang.Object, java.lang.Object, java.lang.Object)'> (0x000000008c1f87b0) thrown at [src/hotspot/share/interpreter/linkResolver.cpp, line 773]
Event: 10.097 Thread 0x000001e3d9852000 Exception <a 'java/lang/NoSuchMethodError'{0x000000008c02c648}: 'java.lang.Object java.lang.invoke.DirectMethodHandle$Holder.invokeSpecialIFC(java.lang.Object, java.lang.Object, java.lang.Object)'> (0x000000008c02c648) thrown at [src/hotspot/share/interpreter/linkResolver.cpp, line 773]
Event: 10.097 Thread 0x000001e3d807e800 Exception <a 'java/lang/NoSuchMethodError'{0x000000008c164bf8}: 'java.lang.Object java.lang.invoke.DirectMethodHandle$Holder.invokeSpecialIFC(java.lang.Object, java.lang.Object, java.lang.Object)'> (0x000000008c164bf8) thrown at [src/hotspot/share/interpreter/linkResolver.cpp, line 773]
Event: 10.097 Thread 0x000001e3d807f800 Exception <a 'java/lang/NoSuchMethodError'{0x000000008c05fcb0}: 'java.lang.Object java.lang.invoke.DirectMethodHandle$Holder.invokeSpecialIFC(java.lang.Object, java.lang.Object, java.lang.Object)'> (0x000000008c05fcb0) thrown at [src/hotspot/share/interpreter/linkResolver.cpp, line 773]
Event: 10.097 Thread 0x000001e3d7ad2800 Exception <a 'java/lang/NoSuchMethodError'{0x000000008c0197a0}: 'java.lang.Object java.lang.invoke.DirectMethodHandle$Holder.invokeSpecialIFC(java.lang.Object, java.lang.Object, java.lang.Object)'> (0x000000008c0197a0) thrown at [src/hotspot/share/interpreter/linkResolver.cpp, line 773]
Event: 10.097 Thread 0x000001e3d8076800 Exception <a 'java/lang/NoSuchMethodError'{0x000000008c183960}: 'java.lang.Object java.lang.invoke.DirectMethodHandle$Holder.invokeSpecialIFC(java.lang.Object, java.lang.Object, java.lang.Object)'> (0x000000008c183960) thrown at [src/hotspot/share/interpreter/linkResolver.cpp, line 773]
Event: 10.097 Thread 0x000001e3d9855800 Exception <a 'java/lang/NoSuchMethodError'{0x000000008c043638}: 'java.lang.Object java.lang.invoke.DirectMethodHandle$Holder.invokeSpecialIFC(java.lang.Object, java.lang.Object, java.lang.Object)'> (0x000000008c043638) thrown at [src/hotspot/share/interpreter/linkResolver.cpp, line 773]
Event: 10.097 Thread 0x000001e3d7abf800 Exception <a 'java/lang/NoSuchMethodError'{0x000000008c1d3ff0}: 'java.lang.Object java.lang.invoke.DirectMethodHandle$Holder.invokeSpecialIFC(java.lang.Object, java.lang.Object, java.lang.Object)'> (0x000000008c1d3ff0) thrown at [src/hotspot/share/interpreter/linkResolver.cpp, line 773]
Event: 10.678 Thread 0x000001e3d9858800 Exception <a 'java/lang/NoSuchMethodError'{0x000000008ab189f0}: 'void java.lang.invoke.DirectMethodHandle$Holder.invokeVirtual(java.lang.Object, java.lang.Object)'> (0x000000008ab189f0) thrown at [src/hotspot/share/interpreter/linkResolver.cpp, line 773]
Event: 10.880 Thread 0x000001e3d7abf800 Exception <a 'java/lang/NoSuchMethodError'{0x0000000089007220}: 'void java.lang.invoke.DirectMethodHandle$Holder.invokeInterface(java.lang.Object, java.lang.Object, java.lang.Object, java.lang.Object)'> (0x0000000089007220) thrown at [src/hotspot/share/interpreter/linkResolver.cpp, line 773]
Event: 11.006 Thread 0x000001e3d8048000 Implicit null exception at 0x000001e3c509dfa4 to 0x000001e3c509e144
Event: 11.244 Thread 0x000001e3d7abf800 Exception <a 'java/lang/NoSuchMethodError'{0x000000008ef30e60}: 'java.lang.Object java.lang.invoke.DirectMethodHandle$Holder.invokeStatic(java.lang.Object, java.lang.Object, java.lang.Object, java.lang.Object, java.lang.Object, java.lang.Object, java.lang.Object, java.lang.Object, java.lang.Object, java.lang.Object, java.lang.Object, java.lang.Object, java.lang.Object, java.lang.Object, java.lang.Object, int)'> (0x000000008ef30e60) thrown at [src/hotspot/share/interpreter/linkResolver.cpp, line 773]
Event: 11.454 Thread 0x000001e3d7abf800 Exception <a 'java/lang/NoSuchMethodError'{0x000000008e02e9a8}: <clinit>> (0x000000008e02e9a8) thrown at [src/hotspot/share/prims/jni.cpp, line 1367]
Event: 11.455 Thread 0x000001e3d7abf800 Exception <a 'java/lang/NoSuchMethodError'{0x000000008e030160}: <clinit>> (0x000000008e030160) thrown at [src/hotspot/share/prims/jni.cpp, line 1367]
Event: 11.455 Thread 0x000001e3d7abf800 Exception <a 'java/lang/NoSuchMethodError'{0x000000008e033378}: <clinit>> (0x000000008e033378) thrown at [src/hotspot/share/prims/jni.cpp, line 1367]
Event: 11.457 Thread 0x000001e3d7abf800 Exception <a 'java/lang/NoSuchMethodError'{0x000000008e04a208}: <clinit>> (0x000000008e04a208) thrown at [src/hotspot/share/prims/jni.cpp, line 1367]
Event: 11.457 Thread 0x000001e3d7abf800 Exception <a 'java/lang/NoSuchMethodError'{0x000000008e04b440}: <clinit>> (0x000000008e04b440) thrown at [src/hotspot/share/prims/jni.cpp, line 1367]

Events (20 events):
Event: 11.825 loading class kotlin/reflect/jvm/internal/impl/storage/EmptySimpleLock
Event: 11.825 loading class kotlin/reflect/jvm/internal/impl/storage/EmptySimpleLock done
Event: 11.826 loading class kotlin/reflect/jvm/internal/impl/storage/SimpleLock$Companion
Event: 11.826 loading class kotlin/reflect/jvm/internal/impl/storage/SimpleLock$Companion done
Event: 11.826 loading class kotlin/reflect/jvm/internal/impl/storage/DefaultSimpleLock
Event: 11.826 loading class kotlin/reflect/jvm/internal/impl/storage/DefaultSimpleLock done
Event: 11.826 loading class kotlin/reflect/jvm/internal/impl/builtins/jvm/JvmBuiltIns
Event: 11.826 loading class kotlin/reflect/jvm/internal/impl/builtins/jvm/JvmBuiltIns done
Event: 11.828 loading class kotlin/reflect/jvm/internal/impl/builtins/KotlinBuiltIns
Event: 11.828 loading class kotlin/reflect/jvm/internal/impl/builtins/KotlinBuiltIns done
Event: 11.829 loading class kotlin/reflect/jvm/internal/impl/descriptors/deserialization/PlatformDependentDeclarationFilter
Event: 11.829 loading class kotlin/reflect/jvm/internal/impl/descriptors/deserialization/PlatformDependentDeclarationFilter done
Event: 11.830 loading class kotlin/reflect/jvm/internal/impl/descriptors/DeclarationDescriptor
Event: 11.830 loading class kotlin/reflect/jvm/internal/impl/descriptors/DeclarationDescriptor done
Event: 11.830 loading class kotlin/reflect/jvm/internal/impl/descriptors/Named
Event: 11.830 loading class kotlin/reflect/jvm/internal/impl/descriptors/Named done
Event: 11.831 loading class kotlin/reflect/jvm/internal/impl/descriptors/annotations/Annotated
Event: 11.831 loading class kotlin/reflect/jvm/internal/impl/descriptors/annotations/Annotated done
Event: 11.831 loading class kotlin/reflect/jvm/internal/impl/descriptors/ModuleDescriptor
Event: 11.831 loading class kotlin/reflect/jvm/internal/impl/descriptors/ModuleDescriptor done


Dynamic libraries:
0x00007ff6c3fd0000 - 0x00007ff6c3fda000 	C:\Program Files\Android\Android Studio\jbr\bin\java.exe
0x00007ff933240000 - 0x00007ff93342e000 	C:\Windows\SYSTEM32\ntdll.dll
0x00007ff931560000 - 0x00007ff931613000 	C:\Windows\System32\KERNEL32.DLL
0x00007ff92f8b0000 - 0x00007ff92fb4c000 	C:\Windows\System32\KERNELBASE.dll
0x00007ff930370000 - 0x00007ff93046a000 	C:\Windows\System32\ucrtbase.dll
0x00007ff8fb790000 - 0x00007ff8fb7ab000 	C:\Program Files\Android\Android Studio\jbr\bin\VCRUNTIME140.dll
0x00007ff8ef350000 - 0x00007ff8ef367000 	C:\Program Files\Android\Android Studio\jbr\bin\jli.dll
0x00007ff9312a0000 - 0x00007ff931438000 	C:\Windows\System32\USER32.dll
0x00007ff919df0000 - 0x00007ff91a069000 	C:\Windows\WinSxS\amd64_microsoft.windows.common-controls_6595b64144ccf1df_6.0.17763.4131_none_de70d21e534b9adf\COMCTL32.dll
0x00007ff930f40000 - 0x00007ff930fde000 	C:\Windows\System32\msvcrt.dll
0x00007ff92f2e0000 - 0x00007ff92f300000 	C:\Windows\System32\win32u.dll
0x00007ff930a40000 - 0x00007ff930d6c000 	C:\Windows\System32\combase.dll
0x00007ff930d70000 - 0x00007ff930d99000 	C:\Windows\System32\GDI32.dll
0x00007ff931440000 - 0x00007ff93155d000 	C:\Windows\System32\RPCRT4.dll
0x00007ff92f480000 - 0x00007ff92f620000 	C:\Windows\System32\gdi32full.dll
0x00007ff92f300000 - 0x00007ff92f3a0000 	C:\Windows\System32\msvcp_win.dll
0x00007ff92f620000 - 0x00007ff92f6a2000 	C:\Windows\System32\bcryptPrimitives.dll
0x00007ff930470000 - 0x00007ff93049e000 	C:\Windows\System32\IMM32.DLL
0x00007ff8d0800000 - 0x00007ff8d088d000 	C:\Program Files\Android\Android Studio\jbr\bin\msvcp140.dll
0x00007ff91ce10000 - 0x00007ff91ce1c000 	C:\Windows\SYSTEM32\VCRUNTIME140_1.dll
0x00007ff8cf1b0000 - 0x00007ff8cfd6c000 	C:\Program Files\Android\Android Studio\jbr\bin\server\jvm.dll
0x00007ff930e90000 - 0x00007ff930f37000 	C:\Windows\System32\ADVAPI32.dll
0x00007ff933170000 - 0x00007ff93320f000 	C:\Windows\System32\sechost.dll
0x00007ff9304a0000 - 0x00007ff9304a8000 	C:\Windows\System32\PSAPI.DLL
0x00007ff91b710000 - 0x00007ff91b719000 	C:\Windows\SYSTEM32\WSOCK32.dll
0x00007ff930e00000 - 0x00007ff930e6d000 	C:\Windows\System32\WS2_32.dll
0x00007ff92c290000 - 0x00007ff92c2b4000 	C:\Windows\SYSTEM32\WINMM.dll
0x00007ff9254f0000 - 0x00007ff9254fa000 	C:\Windows\SYSTEM32\VERSION.dll
0x00007ff92c030000 - 0x00007ff92c05d000 	C:\Windows\SYSTEM32\winmmbase.dll
0x00007ff930300000 - 0x00007ff93034a000 	C:\Windows\System32\cfgmgr32.dll
0x00007ff92f210000 - 0x00007ff92f221000 	C:\Windows\System32\kernel.appcore.dll
0x00007ff92c420000 - 0x00007ff92c430000 	C:\Program Files\Android\Android Studio\jbr\bin\verify.dll
0x00007ff92d9e0000 - 0x00007ff92dbcd000 	C:\Windows\SYSTEM32\DBGHELP.DLL
0x00007ff91b9d0000 - 0x00007ff91b9fa000 	C:\Windows\SYSTEM32\dbgcore.DLL
0x00007ff9128c0000 - 0x00007ff9128e8000 	C:\Program Files\Android\Android Studio\jbr\bin\java.dll
0x00007ff92a550000 - 0x00007ff92a55a000 	C:\Program Files\Android\Android Studio\jbr\bin\jimage.dll
0x00007ff927bd0000 - 0x00007ff927be8000 	C:\Program Files\Android\Android Studio\jbr\bin\zip.dll
0x00007ff931c70000 - 0x00007ff933168000 	C:\Windows\System32\SHELL32.dll
0x00007ff930ff0000 - 0x00007ff931097000 	C:\Windows\System32\shcore.dll
0x00007ff92fb50000 - 0x00007ff930299000 	C:\Windows\System32\windows.storage.dll
0x00007ff92f2b0000 - 0x00007ff92f2d3000 	C:\Windows\System32\profapi.dll
0x00007ff92f230000 - 0x00007ff92f28d000 	C:\Windows\System32\powrprof.dll
0x00007ff930da0000 - 0x00007ff930df2000 	C:\Windows\System32\shlwapi.dll
0x00007ff930350000 - 0x00007ff93036b000 	C:\Windows\System32\cryptsp.dll
0x00007ff90c180000 - 0x00007ff90c199000 	C:\Program Files\Android\Android Studio\jbr\bin\net.dll
0x00007ff925c40000 - 0x00007ff925d3f000 	C:\Windows\SYSTEM32\WINHTTP.dll
0x00007ff92ea60000 - 0x00007ff92eac7000 	C:\Windows\system32\mswsock.dll
0x00007ff90a490000 - 0x00007ff90a4a3000 	C:\Program Files\Android\Android Studio\jbr\bin\nio.dll
0x00007ff8ef150000 - 0x00007ff8ef177000 	C:\Users\Ranialvz-PC\.gradle\native\e1d6ef7f7dcc3fd88c89a11ec53ec762bb8ba0a96d01ffa2cd45eb1d1d8dd5c5\windows-amd64\native-platform.dll
0x00007ff8d05b0000 - 0x00007ff8d06f4000 	C:\Users\Ranialvz-PC\.gradle\native\0d407fdbe67a94daf76414ababcb853783967236a71b16ec16e742cd7a986fd3\windows-amd64\native-platform-file-events.dll
0x00007ff92a540000 - 0x00007ff92a54a000 	C:\Program Files\Android\Android Studio\jbr\bin\management.dll
0x00007ff92a3e0000 - 0x00007ff92a3eb000 	C:\Program Files\Android\Android Studio\jbr\bin\management_ext.dll
0x00007ff92e5e0000 - 0x00007ff92e613000 	C:\Windows\system32\rsaenh.dll
0x00007ff92f450000 - 0x00007ff92f476000 	C:\Windows\System32\bcrypt.dll
0x00007ff92f140000 - 0x00007ff92f169000 	C:\Windows\SYSTEM32\USERENV.dll
0x00007ff92ec30000 - 0x00007ff92ec3c000 	C:\Windows\SYSTEM32\CRYPTBASE.dll
0x00007ff92e770000 - 0x00007ff92e7ad000 	C:\Windows\SYSTEM32\IPHLPAPI.DLL
0x00007ff930fe0000 - 0x00007ff930fe8000 	C:\Windows\System32\NSI.dll
0x00007ff928f50000 - 0x00007ff928f66000 	C:\Windows\SYSTEM32\dhcpcsvc6.DLL
0x00007ff928f20000 - 0x00007ff928f3c000 	C:\Windows\SYSTEM32\dhcpcsvc.DLL
0x00007ff92e7b0000 - 0x00007ff92e876000 	C:\Windows\SYSTEM32\DNSAPI.dll

dbghelp: loaded successfully - version: 4.0.5 - missing functions: none
symbol engine: initialized successfully - sym options: 0x614 - pdb path: .;C:\Program Files\Android\Android Studio\jbr\bin;C:\Windows\SYSTEM32;C:\Windows\WinSxS\amd64_microsoft.windows.common-controls_6595b64144ccf1df_6.0.17763.4131_none_de70d21e534b9adf;C:\Program Files\Android\Android Studio\jbr\bin\server;C:\Users\Ranialvz-PC\.gradle\native\e1d6ef7f7dcc3fd88c89a11ec53ec762bb8ba0a96d01ffa2cd45eb1d1d8dd5c5\windows-amd64;C:\Users\Ranialvz-PC\.gradle\native\0d407fdbe67a94daf76414ababcb853783967236a71b16ec16e742cd7a986fd3\windows-amd64

VM Arguments:
jvm_args: --add-opens=java.base/java.util=ALL-UNNAMED --add-opens=java.base/java.lang=ALL-UNNAMED --add-opens=java.base/java.lang.invoke=ALL-UNNAMED --add-opens=java.base/java.util=ALL-UNNAMED --add-opens=java.prefs/java.util.prefs=ALL-UNNAMED --add-opens=java.prefs/java.util.prefs=ALL-UNNAMED --add-opens=java.base/java.nio.charset=ALL-UNNAMED --add-opens=java.base/java.net=ALL-UNNAMED --add-opens=java.base/java.util.concurrent.atomic=ALL-UNNAMED -Xmx2048m -Dfile.encoding=UTF-8 -Duser.country=US -Duser.language=en -Duser.variant 
java_command: org.gradle.launcher.daemon.bootstrap.GradleDaemon 7.5
java_class_path (initial): C:\Users\Ranialvz-PC\.gradle\wrapper\dists\gradle-7.5-bin\f1w0cc9nuo0eivz97x2xlu9sv\gradle-7.5\lib\gradle-launcher-7.5.jar
Launcher Type: SUN_STANDARD

[Global flags]
     intx CICompilerCount                          = 4                                         {product} {ergonomic}
     uint ConcGCThreads                            = 2                                         {product} {ergonomic}
     uint G1ConcRefinementThreads                  = 8                                         {product} {ergonomic}
   size_t G1HeapRegionSize                         = 1048576                                   {product} {ergonomic}
    uintx GCDrainStackTargetSize                   = 64                                        {product} {ergonomic}
   size_t InitialHeapSize                          = 268435456                                 {product} {ergonomic}
   size_t MarkStackSize                            = 4194304                                   {product} {ergonomic}
   size_t MaxHeapSize                              = 2147483648                                {product} {command line}
   size_t MaxNewSize                               = 1287651328                                {product} {ergonomic}
   size_t MinHeapDeltaBytes                        = 1048576                                   {product} {ergonomic}
    uintx NonNMethodCodeHeapSize                   = 5836300                                {pd product} {ergonomic}
    uintx NonProfiledCodeHeapSize                  = 122910970                              {pd product} {ergonomic}
    uintx ProfiledCodeHeapSize                     = 122910970                              {pd product} {ergonomic}
    uintx ReservedCodeCacheSize                    = 251658240                              {pd product} {ergonomic}
     bool SegmentedCodeCache                       = true                                      {product} {ergonomic}
     bool UseCompressedClassPointers               = true                                 {lp64_product} {ergonomic}
     bool UseCompressedOops                        = true                                 {lp64_product} {ergonomic}
     bool UseG1GC                                  = true                                      {product} {ergonomic}
     bool UseLargePagesIndividualAllocation        = false                                  {pd product} {ergonomic}

Logging:
Log output configuration:
 #0: stdout all=warning uptime,level,tags
 #1: stderr all=off uptime,level,tags

Environment Variables:
PATH=C:\Windows\system32;C:\Windows;C:\Windows\System32\Wbem;C:\Windows\System32\WindowsPowerShell\v1.0\;C:\Windows\System32\OpenSSH\;C:\Program Files\PuTTY\;I:\git\Git\cmd;C:\Program Files\dotnet\;C:\Users\Ranialvz-PC\AppData\Local\Programs\Python\Python311\Scripts\;C:\Users\Ranialvz-PC\AppData\Local\Programs\Python\Python311\;C:\Users\Ranialvz-PC\AppData\Local\Microsoft\WindowsApps;I:\intel\IntelliJ IDEA Community Edition 2022.3.2\bin;;C:\Users\Ranialvz-PC\AppData\Local\GitHubDesktop\bin
USERNAME=Ranialvz-PC
OS=Windows_NT
PROCESSOR_IDENTIFIER=Intel64 Family 6 Model 60 Stepping 3, GenuineIntel



---------------  S Y S T E M  ---------------

OS: Windows 10 , 64 bit Build 17763 (10.0.17763.4131)
OS uptime: 0 days 8:28 hours

CPU:total 8 (initial active 8) (4 cores per cpu, 2 threads per core) family 6 model 60 stepping 3 microcode 0x28, cmov, cx8, fxsr, mmx, sse, sse2, sse3, ssse3, sse4.1, sse4.2, popcnt, avx, avx2, aes, clmul, erms, lzcnt, ht, tsc, tscinvbit, bmi1, bmi2, fma

Memory: 4k page, system-wide physical 16318M (1255M free)
TotalPageFile size 18366M (AvailPageFile size 5M)
current process WorkingSet (physical memory assigned to process): 515M, peak: 517M
current process commit charge ("private bytes"): 570M, peak: 572M

vm_info: OpenJDK 64-Bit Server VM (11.0.15+0-b2043.56-8887301) for windows-amd64 JRE (11.0.15+0-b2043.56-8887301), built on Jul 29 2022 23:19:47 by "builduser" with unknown MS VC++:1929

END.
