#
# There is insufficient memory for the Java Runtime Environment to continue.
# Native memory allocation (malloc) failed to allocate 1245136 bytes for Chunk::new
# Possible reasons:
#   The system is out of physical RAM or swap space
#   The process is running with CompressedOops enabled, and the Java Heap may be blocking the growth of the native heap
# Possible solutions:
#   Reduce memory load on the system
#   Increase physical memory or swap space
#   Check if swap backing store is full
#   Decrease Java heap size (-Xmx/-Xms)
#   Decrease number of Java threads
#   Decrease Java thread stack sizes (-Xss)
#   Set larger code cache with -XX:ReservedCodeCacheSize=
#   JVM is running with Unscaled Compressed Oops mode in which the Java heap is
#     placed in the first 4GB address space. The Java Heap base address is the
#     maximum limit for the native heap growth. Please use -XX:HeapBaseMinAddress
#     to set the Java Heap base and to place the Java Heap above 4GB virtual address.
# This output file may be truncated or incomplete.
#
#  Out of Memory Error (src/hotspot/share/memory/arena.cpp:197), pid=3036, tid=12140
#
# JRE version: OpenJDK Runtime Environment (11.0.15) (build 11.0.15+0-b2043.56-8887301)
# Java VM: OpenJDK 64-Bit Server VM (11.0.15+0-b2043.56-8887301, mixed mode, tiered, compressed oops, g1 gc, windows-amd64)
# No core dump will be written. Minidumps are not enabled by default on client versions of Windows
#

---------------  S U M M A R Y ------------

Command Line: --add-opens=java.base/java.util=ALL-UNNAMED --add-opens=java.base/java.lang=ALL-UNNAMED --add-opens=java.base/java.lang.invoke=ALL-UNNAMED --add-opens=java.base/java.util=ALL-UNNAMED --add-opens=java.prefs/java.util.prefs=ALL-UNNAMED --add-opens=java.prefs/java.util.prefs=ALL-UNNAMED --add-opens=java.base/java.nio.charset=ALL-UNNAMED --add-opens=java.base/java.net=ALL-UNNAMED --add-opens=java.base/java.util.concurrent.atomic=ALL-UNNAMED -Xmx2048m -Dfile.encoding=UTF-8 -Duser.country=US -Duser.language=en -Duser.variant org.gradle.launcher.daemon.bootstrap.GradleDaemon 7.5

Host: Intel(R) Core(TM) i7-4790 CPU @ 3.60GHz, 8 cores, 15G,  Windows 10 , 64 bit Build 17763 (10.0.17763.4131)
Time: Sat Mar 25 17:49:26 2023 Taipei Standard Time elapsed time: 10.220884 seconds (0d 0h 0m 10s)

---------------  T H R E A D  ---------------

Current thread (0x000001cc0803a800):  JavaThread "C2 CompilerThread2" daemon [_thread_in_native, id=12140, stack(0x0000003c0f900000,0x0000003c0fa00000)]


Current CompileTask:
C2:  10220 7260 %     4       org.gradle.internal.instantiation.generator.AbstractClassGenerator::inspectType @ 107 (560 bytes)

Stack: [0x0000003c0f900000,0x0000003c0fa00000]
Native frames: (J=compiled Java code, j=interpreted, Vv=VM code, C=native code)
V  [jvm.dll+0x64135a]
V  [jvm.dll+0x7d39f9]
V  [jvm.dll+0x7d51b9]
V  [jvm.dll+0x7d58a3]
V  [jvm.dll+0x2691c5]
V  [jvm.dll+0xc1a5c]
V  [jvm.dll+0xc200c]
V  [jvm.dll+0x2da2c2]
V  [jvm.dll+0x54cad9]
V  [jvm.dll+0x22a011]
V  [jvm.dll+0x223809]
V  [jvm.dll+0x220384]
V  [jvm.dll+0x19e851]
V  [jvm.dll+0x230479]
V  [jvm.dll+0x22e5ef]
V  [jvm.dll+0x794de1]
V  [jvm.dll+0x78dc24]
V  [jvm.dll+0x6400f6]
C  [ucrtbase.dll+0x2268a]
C  [KERNEL32.DLL+0x17ab4]
C  [ntdll.dll+0x5a351]


---------------  P R O C E S S  ---------------

Threads class SMR info:
_java_thread_list=0x000001cc093bbc90, length=125, elements={
0x000001cc65f67800, 0x000001cc0052a000, 0x000001cc00db2000, 0x000001cc00e0f800,
0x000001cc00e10800, 0x000001cc00e13000, 0x000001cc00e16000, 0x000001cc00e1e800,
0x000001cc00e36000, 0x000001cc00fa0000, 0x000001cc0381c800, 0x000001cc012dd000,
0x000001cc02da0000, 0x000001cc0160e000, 0x000001cc033d3800, 0x000001cc02c85000,
0x000001cc02813000, 0x000001cc036b6800, 0x000001cc0443c000, 0x000001cc02f04000,
0x000001cc03192000, 0x000001cc03191800, 0x000001cc03190800, 0x000001cc03194800,
0x000001cc03195800, 0x000001cc03193000, 0x000001cc03194000, 0x000001cc03190000,
0x000001cc03196800, 0x000001cc07382800, 0x000001cc07387800, 0x000001cc07387000,
0x000001cc07385000, 0x000001cc0738d800, 0x000001cc0738e000, 0x000001cc07389000,
0x000001cc0738a000, 0x000001cc07388800, 0x000001cc0738f800, 0x000001cc07390800,
0x000001cc07391800, 0x000001cc074f4800, 0x000001cc074f6800, 0x000001cc074fb000,
0x000001cc074f5000, 0x000001cc074f8800, 0x000001cc074f7800, 0x000001cc074fb800,
0x000001cc074f6000, 0x000001cc074fe000, 0x000001cc074ff000, 0x000001cc074fa000,
0x000001cc074f9000, 0x000001cc074fc800, 0x000001cc074ff800, 0x000001cc07500800,
0x000001cc07501800, 0x000001cc07502000, 0x000001cc074fd800, 0x000001cc07503000,
0x000001cc034a2800, 0x000001cc0349e800, 0x000001cc0349f800, 0x000001cc034a1000,
0x000001cc034a2000, 0x000001cc0349d800, 0x000001cc034a4800, 0x000001cc034a3800,
0x000001cc034a5000, 0x000001cc034a6000, 0x000001cc034a0000, 0x000001cc034a8800,
0x000001cc034ab000, 0x000001cc034a6800, 0x000001cc034ac800, 0x000001cc034aa000,
0x000001cc034a7800, 0x000001cc034a9000, 0x000001cc034ab800, 0x000001cc02558000,
0x000001cc02556800, 0x000001cc02553000, 0x000001cc02552000, 0x000001cc02554000,
0x000001cc02554800, 0x000001cc0255b000, 0x000001cc02557000, 0x000001cc02558800,
0x000001cc02555800, 0x000001cc0255c000, 0x000001cc0255a800, 0x000001cc0255d000,
0x000001cc0255d800, 0x000001cc0255e800, 0x000001cc0255f800, 0x000001cc02559800,
0x000001cc02560000, 0x000001cc02561000, 0x000001cc03613800, 0x000001cc03610800,
0x000001cc0360e800, 0x000001cc03611000, 0x000001cc03613000, 0x000001cc03614800,
0x000001cc03615000, 0x000001cc0360f800, 0x000001cc03616000, 0x000001cc03617000,
0x000001cc03617800, 0x000001cc03612000, 0x000001cc03618800, 0x000001cc03619800,
0x000001cc0361a000, 0x000001cc0361b000, 0x000001cc0361c000, 0x000001cc0361c800,
0x000001cc0361d800, 0x000001cc04471800, 0x000001cc04472800, 0x000001cc04474000,
0x000001cc04473000, 0x000001cc07b1f000, 0x000001cc0803a800, 0x000001cc04475000,
0x000001cc04470000
}

Java Threads: ( => current thread )
  0x000001cc65f67800 JavaThread "main" [_thread_blocked, id=11868, stack(0x0000003c06e00000,0x0000003c06f00000)]
  0x000001cc0052a000 JavaThread "Reference Handler" daemon [_thread_blocked, id=12156, stack(0x0000003c07500000,0x0000003c07600000)]
  0x000001cc00db2000 JavaThread "Finalizer" daemon [_thread_blocked, id=11896, stack(0x0000003c07600000,0x0000003c07700000)]
  0x000001cc00e0f800 JavaThread "Signal Dispatcher" daemon [_thread_blocked, id=10740, stack(0x0000003c07700000,0x0000003c07800000)]
  0x000001cc00e10800 JavaThread "Attach Listener" daemon [_thread_blocked, id=5160, stack(0x0000003c07800000,0x0000003c07900000)]
  0x000001cc00e13000 JavaThread "Service Thread" daemon [_thread_blocked, id=11180, stack(0x0000003c07900000,0x0000003c07a00000)]
  0x000001cc00e16000 JavaThread "C2 CompilerThread0" daemon [_thread_in_native, id=1264, stack(0x0000003c07a00000,0x0000003c07b00000)]
  0x000001cc00e1e800 JavaThread "C1 CompilerThread0" daemon [_thread_blocked, id=4772, stack(0x0000003c07b00000,0x0000003c07c00000)]
  0x000001cc00e36000 JavaThread "Sweeper thread" daemon [_thread_blocked, id=440, stack(0x0000003c07c00000,0x0000003c07d00000)]
  0x000001cc00fa0000 JavaThread "Common-Cleaner" daemon [_thread_blocked, id=6172, stack(0x0000003c07d00000,0x0000003c07e00000)]
  0x000001cc0381c800 JavaThread "Daemon health stats" [_thread_blocked, id=10800, stack(0x0000003c08600000,0x0000003c08700000)]
  0x000001cc012dd000 JavaThread "Incoming local TCP Connector on port 55362" [_thread_in_native, id=12024, stack(0x0000003c07f00000,0x0000003c08000000)]
  0x000001cc02da0000 JavaThread "Daemon periodic checks" [_thread_blocked, id=11732, stack(0x0000003c08000000,0x0000003c08100000)]
  0x000001cc0160e000 JavaThread "Daemon" [_thread_blocked, id=6132, stack(0x0000003c08700000,0x0000003c08800000)]
  0x000001cc033d3800 JavaThread "Handler for socket connection from /127.0.0.1:55362 to /127.0.0.1:55363" [_thread_in_native, id=10872, stack(0x0000003c08800000,0x0000003c08900000)]
  0x000001cc02c85000 JavaThread "Cancel handler" [_thread_blocked, id=11988, stack(0x0000003c08900000,0x0000003c08a00000)]
  0x000001cc02813000 JavaThread "Daemon worker" [_thread_in_Java, id=11768, stack(0x0000003c08a00000,0x0000003c08b00000)]
  0x000001cc036b6800 JavaThread "Asynchronous log dispatcher for DefaultDaemonConnection: socket connection from /127.0.0.1:55362 to /127.0.0.1:55363" [_thread_blocked, id=11576, stack(0x0000003c08b00000,0x0000003c08c00000)]
  0x000001cc0443c000 JavaThread "Stdin handler" [_thread_blocked, id=4404, stack(0x0000003c08c00000,0x0000003c08d00000)]
  0x000001cc02f04000 JavaThread "Daemon client event forwarder" [_thread_blocked, id=10464, stack(0x0000003c08d00000,0x0000003c08e00000)]
  0x000001cc03192000 JavaThread "Cache worker for journal cache (C:\Users\Ranialvz-PC\.gradle\caches\journal-1)" [_thread_blocked, id=7272, stack(0x0000003c08e00000,0x0000003c08f00000)]
  0x000001cc03191800 JavaThread "File lock request listener" [_thread_in_native, id=10548, stack(0x0000003c08f00000,0x0000003c09000000)]
  0x000001cc03190800 JavaThread "Cache worker for file hash cache (C:\Users\Ranialvz-PC\.gradle\caches\7.5\fileHashes)" [_thread_blocked, id=11860, stack(0x0000003c09000000,0x0000003c09100000)]
  0x000001cc03194800 JavaThread "File watcher server" daemon [_thread_in_native, id=11928, stack(0x0000003c09600000,0x0000003c09700000)]
  0x000001cc03195800 JavaThread "File watcher consumer" daemon [_thread_blocked, id=1424, stack(0x0000003c09700000,0x0000003c09800000)]
  0x000001cc03193000 JavaThread "Cache worker for checksums cache (C:\Users\Ranialvz-PC\MyApplicationLayout02\.gradle\7.5\checksums)" [_thread_blocked, id=11524, stack(0x0000003c09800000,0x0000003c09900000)]
  0x000001cc03194000 JavaThread "Cache worker for cache directory md-rule (C:\Users\Ranialvz-PC\.gradle\caches\7.5\md-rule)" [_thread_blocked, id=9776, stack(0x0000003c09900000,0x0000003c09a00000)]
  0x000001cc03190000 JavaThread "Cache worker for file content cache (C:\Users\Ranialvz-PC\.gradle\caches\7.5\fileContent)" [_thread_blocked, id=10988, stack(0x0000003c09a00000,0x0000003c09b00000)]
  0x000001cc03196800 JavaThread "Cache worker for file hash cache (C:\Users\Ranialvz-PC\MyApplicationLayout02\.gradle\7.5\fileHashes)" [_thread_blocked, id=11796, stack(0x0000003c09b00000,0x0000003c09c00000)]
  0x000001cc07382800 JavaThread "Cache worker for cache directory md-supplier (C:\Users\Ranialvz-PC\.gradle\caches\7.5\md-supplier)" [_thread_blocked, id=7860, stack(0x0000003c09c00000,0x0000003c09d00000)]
  0x000001cc07387800 JavaThread "Cache worker for execution history cache (C:\Users\Ranialvz-PC\.gradle\caches\7.5\executionHistory)" [_thread_blocked, id=11872, stack(0x0000003c09d00000,0x0000003c09e00000)]
  0x000001cc07387000 JavaThread "jar transforms" [_thread_blocked, id=2444, stack(0x0000003c09500000,0x0000003c09600000)]
  0x000001cc07385000 JavaThread "jar transforms Thread 2" [_thread_blocked, id=6616, stack(0x0000003c09e00000,0x0000003c09f00000)]
  0x000001cc0738d800 JavaThread "jar transforms Thread 3" [_thread_blocked, id=2648, stack(0x0000003c0a000000,0x0000003c0a100000)]
  0x000001cc0738e000 JavaThread "jar transforms Thread 4" [_thread_blocked, id=4720, stack(0x0000003c0a100000,0x0000003c0a200000)]
  0x000001cc07389000 JavaThread "Cache worker for dependencies-accessors (C:\Users\Ranialvz-PC\MyApplicationLayout02\.gradle\7.5\dependencies-accessors)" [_thread_blocked, id=7412, stack(0x0000003c0a200000,0x0000003c0a300000)]
  0x000001cc0738a000 JavaThread "jar transforms Thread 5" [_thread_blocked, id=11660, stack(0x0000003c09f00000,0x0000003c0a000000)]
  0x000001cc07388800 JavaThread "Cache worker for Build Output Cleanup Cache (C:\Users\Ranialvz-PC\MyApplicationLayout02\.gradle\buildOutputCleanup)" [_thread_blocked, id=12260, stack(0x0000003c0a300000,0x0000003c0a400000)]
  0x000001cc0738f800 JavaThread "Unconstrained build operations" [_thread_blocked, id=3240, stack(0x0000003c0a600000,0x0000003c0a700000)]
  0x000001cc07390800 JavaThread "Unconstrained build operations Thread 2" [_thread_blocked, id=10796, stack(0x0000003c0a700000,0x0000003c0a800000)]
  0x000001cc07391800 JavaThread "Unconstrained build operations Thread 3" [_thread_blocked, id=11448, stack(0x0000003c0a800000,0x0000003c0a900000)]
  0x000001cc074f4800 JavaThread "Unconstrained build operations Thread 4" [_thread_blocked, id=2612, stack(0x0000003c0a900000,0x0000003c0aa00000)]
  0x000001cc074f6800 JavaThread "Unconstrained build operations Thread 5" [_thread_blocked, id=8984, stack(0x0000003c0aa00000,0x0000003c0ab00000)]
  0x000001cc074fb000 JavaThread "Unconstrained build operations Thread 6" [_thread_blocked, id=10772, stack(0x0000003c0ab00000,0x0000003c0ac00000)]
  0x000001cc074f5000 JavaThread "Unconstrained build operations Thread 7" [_thread_blocked, id=11444, stack(0x0000003c0ac00000,0x0000003c0ad00000)]
  0x000001cc074f8800 JavaThread "Unconstrained build operations Thread 8" [_thread_blocked, id=12248, stack(0x0000003c0ad00000,0x0000003c0ae00000)]
  0x000001cc074f7800 JavaThread "Unconstrained build operations Thread 9" [_thread_blocked, id=12252, stack(0x0000003c0ae00000,0x0000003c0af00000)]
  0x000001cc074fb800 JavaThread "Unconstrained build operations Thread 10" [_thread_blocked, id=10048, stack(0x0000003c0af00000,0x0000003c0b000000)]
  0x000001cc074f6000 JavaThread "Unconstrained build operations Thread 11" [_thread_blocked, id=7896, stack(0x0000003c0b000000,0x0000003c0b100000)]
  0x000001cc074fe000 JavaThread "Unconstrained build operations Thread 12" [_thread_blocked, id=9968, stack(0x0000003c0b100000,0x0000003c0b200000)]
  0x000001cc074ff000 JavaThread "Unconstrained build operations Thread 13" [_thread_blocked, id=8264, stack(0x0000003c0b200000,0x0000003c0b300000)]
  0x000001cc074fa000 JavaThread "Unconstrained build operations Thread 14" [_thread_blocked, id=11268, stack(0x0000003c0b300000,0x0000003c0b400000)]
  0x000001cc074f9000 JavaThread "Unconstrained build operations Thread 15" [_thread_blocked, id=11764, stack(0x0000003c0b400000,0x0000003c0b500000)]
  0x000001cc074fc800 JavaThread "Unconstrained build operations Thread 16" [_thread_blocked, id=11336, stack(0x0000003c0b500000,0x0000003c0b600000)]
  0x000001cc074ff800 JavaThread "Unconstrained build operations Thread 17" [_thread_blocked, id=8292, stack(0x0000003c0b600000,0x0000003c0b700000)]
  0x000001cc07500800 JavaThread "Unconstrained build operations Thread 18" [_thread_blocked, id=10428, stack(0x0000003c0b700000,0x0000003c0b800000)]
  0x000001cc07501800 JavaThread "Unconstrained build operations Thread 19" [_thread_blocked, id=11308, stack(0x0000003c0b800000,0x0000003c0b900000)]
  0x000001cc07502000 JavaThread "Unconstrained build operations Thread 20" [_thread_blocked, id=9516, stack(0x0000003c0b900000,0x0000003c0ba00000)]
  0x000001cc074fd800 JavaThread "Unconstrained build operations Thread 21" [_thread_blocked, id=700, stack(0x0000003c0ba00000,0x0000003c0bb00000)]
  0x000001cc07503000 JavaThread "Unconstrained build operations Thread 22" [_thread_blocked, id=7836, stack(0x0000003c0bb00000,0x0000003c0bc00000)]
  0x000001cc034a2800 JavaThread "Unconstrained build operations Thread 23" [_thread_blocked, id=5080, stack(0x0000003c0bc00000,0x0000003c0bd00000)]
  0x000001cc0349e800 JavaThread "Unconstrained build operations Thread 24" [_thread_blocked, id=10716, stack(0x0000003c0bd00000,0x0000003c0be00000)]
  0x000001cc0349f800 JavaThread "Unconstrained build operations Thread 25" [_thread_blocked, id=9576, stack(0x0000003c0be00000,0x0000003c0bf00000)]
  0x000001cc034a1000 JavaThread "Unconstrained build operations Thread 26" [_thread_blocked, id=11088, stack(0x0000003c0bf00000,0x0000003c0c000000)]
  0x000001cc034a2000 JavaThread "Unconstrained build operations Thread 27" [_thread_blocked, id=11684, stack(0x0000003c0c000000,0x0000003c0c100000)]
  0x000001cc0349d800 JavaThread "Unconstrained build operations Thread 28" [_thread_blocked, id=12244, stack(0x0000003c0c100000,0x0000003c0c200000)]
  0x000001cc034a4800 JavaThread "Unconstrained build operations Thread 29" [_thread_blocked, id=10348, stack(0x0000003c0c200000,0x0000003c0c300000)]
  0x000001cc034a3800 JavaThread "Unconstrained build operations Thread 30" [_thread_blocked, id=4524, stack(0x0000003c0c300000,0x0000003c0c400000)]
  0x000001cc034a5000 JavaThread "Unconstrained build operations Thread 31" [_thread_blocked, id=6824, stack(0x0000003c0c400000,0x0000003c0c500000)]
  0x000001cc034a6000 JavaThread "Unconstrained build operations Thread 32" [_thread_blocked, id=11340, stack(0x0000003c0c500000,0x0000003c0c600000)]
  0x000001cc034a0000 JavaThread "Unconstrained build operations Thread 33" [_thread_blocked, id=236, stack(0x0000003c0c600000,0x0000003c0c700000)]
  0x000001cc034a8800 JavaThread "Unconstrained build operations Thread 34" [_thread_blocked, id=5116, stack(0x0000003c0c700000,0x0000003c0c800000)]
  0x000001cc034ab000 JavaThread "Unconstrained build operations Thread 35" [_thread_blocked, id=1592, stack(0x0000003c0c800000,0x0000003c0c900000)]
  0x000001cc034a6800 JavaThread "Unconstrained build operations Thread 36" [_thread_blocked, id=6760, stack(0x0000003c0c900000,0x0000003c0ca00000)]
  0x000001cc034ac800 JavaThread "Unconstrained build operations Thread 37" [_thread_blocked, id=2664, stack(0x0000003c0ca00000,0x0000003c0cb00000)]
  0x000001cc034aa000 JavaThread "Unconstrained build operations Thread 38" [_thread_blocked, id=9808, stack(0x0000003c0cb00000,0x0000003c0cc00000)]
  0x000001cc034a7800 JavaThread "Unconstrained build operations Thread 39" [_thread_blocked, id=9172, stack(0x0000003c0cc00000,0x0000003c0cd00000)]
  0x000001cc034a9000 JavaThread "Unconstrained build operations Thread 40" [_thread_blocked, id=11256, stack(0x0000003c0cd00000,0x0000003c0ce00000)]
  0x000001cc034ab800 JavaThread "Unconstrained build operations Thread 41" [_thread_blocked, id=2532, stack(0x0000003c0ce00000,0x0000003c0cf00000)]
  0x000001cc02558000 JavaThread "Unconstrained build operations Thread 42" [_thread_blocked, id=5084, stack(0x0000003c0cf00000,0x0000003c0d000000)]
  0x000001cc02556800 JavaThread "Unconstrained build operations Thread 43" [_thread_blocked, id=11596, stack(0x0000003c0d000000,0x0000003c0d100000)]
  0x000001cc02553000 JavaThread "Unconstrained build operations Thread 44" [_thread_blocked, id=7656, stack(0x0000003c0d100000,0x0000003c0d200000)]
  0x000001cc02552000 JavaThread "Unconstrained build operations Thread 45" [_thread_blocked, id=4628, stack(0x0000003c0d200000,0x0000003c0d300000)]
  0x000001cc02554000 JavaThread "Unconstrained build operations Thread 46" [_thread_blocked, id=11224, stack(0x0000003c0d300000,0x0000003c0d400000)]
  0x000001cc02554800 JavaThread "Unconstrained build operations Thread 47" [_thread_blocked, id=8620, stack(0x0000003c0d400000,0x0000003c0d500000)]
  0x000001cc0255b000 JavaThread "Unconstrained build operations Thread 48" [_thread_blocked, id=10632, stack(0x0000003c0d500000,0x0000003c0d600000)]
  0x000001cc02557000 JavaThread "Unconstrained build operations Thread 49" [_thread_blocked, id=1448, stack(0x0000003c0d600000,0x0000003c0d700000)]
  0x000001cc02558800 JavaThread "Unconstrained build operations Thread 50" [_thread_blocked, id=2108, stack(0x0000003c0d700000,0x0000003c0d800000)]
  0x000001cc02555800 JavaThread "Unconstrained build operations Thread 51" [_thread_blocked, id=2896, stack(0x0000003c0d800000,0x0000003c0d900000)]
  0x000001cc0255c000 JavaThread "Unconstrained build operations Thread 52" [_thread_blocked, id=8588, stack(0x0000003c0d900000,0x0000003c0da00000)]
  0x000001cc0255a800 JavaThread "Unconstrained build operations Thread 53" [_thread_blocked, id=6192, stack(0x0000003c0da00000,0x0000003c0db00000)]
  0x000001cc0255d000 JavaThread "Unconstrained build operations Thread 54" [_thread_blocked, id=9412, stack(0x0000003c0db00000,0x0000003c0dc00000)]
  0x000001cc0255d800 JavaThread "Unconstrained build operations Thread 55" [_thread_blocked, id=1920, stack(0x0000003c0dc00000,0x0000003c0dd00000)]
  0x000001cc0255e800 JavaThread "Unconstrained build operations Thread 56" [_thread_blocked, id=11980, stack(0x0000003c0dd00000,0x0000003c0de00000)]
  0x000001cc0255f800 JavaThread "Unconstrained build operations Thread 57" [_thread_blocked, id=2112, stack(0x0000003c0de00000,0x0000003c0df00000)]
  0x000001cc02559800 JavaThread "Unconstrained build operations Thread 58" [_thread_blocked, id=11932, stack(0x0000003c0df00000,0x0000003c0e000000)]
  0x000001cc02560000 JavaThread "Unconstrained build operations Thread 59" [_thread_blocked, id=11564, stack(0x0000003c0e000000,0x0000003c0e100000)]
  0x000001cc02561000 JavaThread "Unconstrained build operations Thread 60" [_thread_blocked, id=6168, stack(0x0000003c0e100000,0x0000003c0e200000)]
  0x000001cc03613800 JavaThread "Unconstrained build operations Thread 61" [_thread_blocked, id=4620, stack(0x0000003c0e200000,0x0000003c0e300000)]
  0x000001cc03610800 JavaThread "Unconstrained build operations Thread 62" [_thread_blocked, id=7092, stack(0x0000003c0e300000,0x0000003c0e400000)]
  0x000001cc0360e800 JavaThread "Unconstrained build operations Thread 63" [_thread_blocked, id=11912, stack(0x0000003c0e400000,0x0000003c0e500000)]
  0x000001cc03611000 JavaThread "Unconstrained build operations Thread 64" [_thread_blocked, id=10792, stack(0x0000003c0e500000,0x0000003c0e600000)]
  0x000001cc03613000 JavaThread "Unconstrained build operations Thread 65" [_thread_blocked, id=11692, stack(0x0000003c0e600000,0x0000003c0e700000)]
  0x000001cc03614800 JavaThread "Unconstrained build operations Thread 66" [_thread_blocked, id=6832, stack(0x0000003c0e700000,0x0000003c0e800000)]
  0x000001cc03615000 JavaThread "Unconstrained build operations Thread 67" [_thread_blocked, id=4680, stack(0x0000003c0e800000,0x0000003c0e900000)]
  0x000001cc0360f800 JavaThread "Unconstrained build operations Thread 68" [_thread_blocked, id=11976, stack(0x0000003c0e900000,0x0000003c0ea00000)]
  0x000001cc03616000 JavaThread "Unconstrained build operations Thread 69" [_thread_blocked, id=11468, stack(0x0000003c0ea00000,0x0000003c0eb00000)]
  0x000001cc03617000 JavaThread "Unconstrained build operations Thread 70" [_thread_blocked, id=4280, stack(0x0000003c0eb00000,0x0000003c0ec00000)]
  0x000001cc03617800 JavaThread "Unconstrained build operations Thread 71" [_thread_blocked, id=12284, stack(0x0000003c0ec00000,0x0000003c0ed00000)]
  0x000001cc03612000 JavaThread "Unconstrained build operations Thread 72" [_thread_blocked, id=8636, stack(0x0000003c0ed00000,0x0000003c0ee00000)]
  0x000001cc03618800 JavaThread "Unconstrained build operations Thread 73" [_thread_blocked, id=1712, stack(0x0000003c0ee00000,0x0000003c0ef00000)]
  0x000001cc03619800 JavaThread "Unconstrained build operations Thread 74" [_thread_blocked, id=6804, stack(0x0000003c0ef00000,0x0000003c0f000000)]
  0x000001cc0361a000 JavaThread "Unconstrained build operations Thread 75" [_thread_blocked, id=6852, stack(0x0000003c0f000000,0x0000003c0f100000)]
  0x000001cc0361b000 JavaThread "Unconstrained build operations Thread 76" [_thread_blocked, id=11356, stack(0x0000003c0f100000,0x0000003c0f200000)]
  0x000001cc0361c000 JavaThread "Unconstrained build operations Thread 77" [_thread_blocked, id=11636, stack(0x0000003c0f200000,0x0000003c0f300000)]
  0x000001cc0361c800 JavaThread "Unconstrained build operations Thread 78" [_thread_blocked, id=3152, stack(0x0000003c0f300000,0x0000003c0f400000)]
  0x000001cc0361d800 JavaThread "Unconstrained build operations Thread 79" [_thread_blocked, id=9108, stack(0x0000003c0f400000,0x0000003c0f500000)]
  0x000001cc04471800 JavaThread "Unconstrained build operations Thread 80" [_thread_blocked, id=11664, stack(0x0000003c0f500000,0x0000003c0f600000)]
  0x000001cc04472800 JavaThread "jar transforms Thread 6" [_thread_blocked, id=11800, stack(0x0000003c0f600000,0x0000003c0f700000)]
  0x000001cc04474000 JavaThread "jar transforms Thread 7" [_thread_blocked, id=11740, stack(0x0000003c0f700000,0x0000003c0f800000)]
  0x000001cc04473000 JavaThread "jar transforms Thread 8" [_thread_blocked, id=10868, stack(0x0000003c0f800000,0x0000003c0f900000)]
  0x000001cc07b1f000 JavaThread "C2 CompilerThread1" daemon [_thread_in_native, id=11136, stack(0x0000003c0a400000,0x0000003c0a500000)]
=>0x000001cc0803a800 JavaThread "C2 CompilerThread2" daemon [_thread_in_native, id=12140, stack(0x0000003c0f900000,0x0000003c0fa00000)]
  0x000001cc04475000 JavaThread "build event listener" [_thread_blocked, id=11316, stack(0x0000003c0fa00000,0x0000003c0fb00000)]
  0x000001cc04470000 JavaThread "Memory manager" [_thread_blocked, id=12104, stack(0x0000003c0fb00000,0x0000003c0fc00000)]

Other Threads:
  0x000001cc00528000 VMThread "VM Thread" [stack: 0x0000003c07400000,0x0000003c07500000] [id=8076]
  0x000001cc00fdb800 WatcherThread [stack: 0x0000003c07e00000,0x0000003c07f00000] [id=10676]
  0x000001cc65f7f000 GCTaskThread "GC Thread#0" [stack: 0x0000003c06f00000,0x0000003c07000000] [id=3684]
  0x000001cc01e52800 GCTaskThread "GC Thread#1" [stack: 0x0000003c08100000,0x0000003c08200000] [id=5096]
  0x000001cc01e53800 GCTaskThread "GC Thread#2" [stack: 0x0000003c08200000,0x0000003c08300000] [id=1968]
  0x000001cc01642800 GCTaskThread "GC Thread#3" [stack: 0x0000003c08300000,0x0000003c08400000] [id=1664]
  0x000001cc01643800 GCTaskThread "GC Thread#4" [stack: 0x0000003c08400000,0x0000003c08500000] [id=3288]
  0x000001cc01eb2000 GCTaskThread "GC Thread#5" [stack: 0x0000003c08500000,0x0000003c08600000] [id=6556]
  0x000001cc03de6800 GCTaskThread "GC Thread#6" [stack: 0x0000003c09100000,0x0000003c09200000] [id=1524]
  0x000001cc03923000 GCTaskThread "GC Thread#7" [stack: 0x0000003c09200000,0x0000003c09300000] [id=11856]
  0x000001cc65fb2000 ConcurrentGCThread "G1 Main Marker" [stack: 0x0000003c07000000,0x0000003c07100000] [id=3500]
  0x000001cc65fb4000 ConcurrentGCThread "G1 Conc#0" [stack: 0x0000003c07100000,0x0000003c07200000] [id=11888]
  0x000001cc03a93000 ConcurrentGCThread "G1 Conc#1" [stack: 0x0000003c09300000,0x0000003c09400000] [id=7372]
  0x000001cc003f3800 ConcurrentGCThread "G1 Refine#0" [stack: 0x0000003c07200000,0x0000003c07300000] [id=3464]
  0x000001cc0742f000 ConcurrentGCThread "G1 Refine#1" [stack: 0x0000003c09400000,0x0000003c09500000] [id=11200]
  0x000001cc003f4800 ConcurrentGCThread "G1 Young RemSet Sampling" [stack: 0x0000003c07300000,0x0000003c07400000] [id=11040]

Threads with active compile tasks:
C2 CompilerThread0    10242 7409       4       groovy.lang.MetaMethod::getMopName (105 bytes)
C2 CompilerThread1    10242 7451   !   4       java.lang.Class::getTypeName (76 bytes)
C2 CompilerThread2    10242 7260 %     4       org.gradle.internal.instantiation.generator.AbstractClassGenerator::inspectType @ 107 (560 bytes)

VM state:not at safepoint (normal execution)

VM Mutex/Monitor currently owned by a thread: None

Heap address: 0x0000000080000000, size: 2048 MB, Compressed Oops mode: 32-bit
Narrow klass base: 0x0000000000000000, Narrow klass shift: 3
Compressed class space size: 1073741824 Address: 0x0000000100000000

Heap:
 garbage-first heap   total 262144K, used 113265K [0x0000000080000000, 0x0000000100000000)
  region size 1024K, 62 young (63488K), 10 survivors (10240K)
 Metaspace       used 72984K, capacity 74751K, committed 74928K, reserved 1114112K
  class space    used 9255K, capacity 9918K, committed 9984K, reserved 1048576K
Heap Regions: E=young(eden), S=young(survivor), O=old, HS=humongous(starts), HC=humongous(continues), CS=collection set, F=free, A=archive, TAMS=top-at-mark-start (previous, next)
|   0|0x0000000080000000, 0x0000000080100000, 0x0000000080100000|100%| O|  |TAMS 0x0000000080100000, 0x0000000080000000| Untracked 
|   1|0x0000000080100000, 0x0000000080200000, 0x0000000080200000|100%| O|  |TAMS 0x0000000080200000, 0x0000000080100000| Untracked 
|   2|0x0000000080200000, 0x0000000080300000, 0x0000000080300000|100%| O|  |TAMS 0x0000000080300000, 0x0000000080200000| Untracked 
|   3|0x0000000080300000, 0x0000000080400000, 0x0000000080400000|100%|HS|  |TAMS 0x0000000080400000, 0x0000000080300000| Complete 
|   4|0x0000000080400000, 0x0000000080500000, 0x0000000080500000|100%|HC|  |TAMS 0x0000000080500000, 0x0000000080400000| Complete 
|   5|0x0000000080500000, 0x0000000080600000, 0x0000000080600000|100%|HC|  |TAMS 0x0000000080600000, 0x0000000080500000| Complete 
|   6|0x0000000080600000, 0x0000000080700000, 0x0000000080700000|100%| O|  |TAMS 0x0000000080700000, 0x0000000080600000| Untracked 
|   7|0x0000000080700000, 0x0000000080800000, 0x0000000080800000|100%| O|  |TAMS 0x0000000080800000, 0x0000000080700000| Untracked 
|   8|0x0000000080800000, 0x0000000080900000, 0x0000000080900000|100%| O|  |TAMS 0x0000000080900000, 0x0000000080800000| Untracked 
|   9|0x0000000080900000, 0x0000000080a00000, 0x0000000080a00000|100%| O|  |TAMS 0x0000000080a00000, 0x0000000080900000| Untracked 
|  10|0x0000000080a00000, 0x0000000080b00000, 0x0000000080b00000|100%| O|  |TAMS 0x0000000080b00000, 0x0000000080a00000| Untracked 
|  11|0x0000000080b00000, 0x0000000080c00000, 0x0000000080c00000|100%| O|  |TAMS 0x0000000080c00000, 0x0000000080b00000| Untracked 
|  12|0x0000000080c00000, 0x0000000080d00000, 0x0000000080d00000|100%| O|  |TAMS 0x0000000080d00000, 0x0000000080c00000| Untracked 
|  13|0x0000000080d00000, 0x0000000080e00000, 0x0000000080e00000|100%| O|  |TAMS 0x0000000080e00000, 0x0000000080d00000| Untracked 
|  14|0x0000000080e00000, 0x0000000080f00000, 0x0000000080f00000|100%| O|  |TAMS 0x0000000080f00000, 0x0000000080e00000| Untracked 
|  15|0x0000000080f00000, 0x0000000081000000, 0x0000000081000000|100%| O|  |TAMS 0x0000000081000000, 0x0000000080f00000| Untracked 
|  16|0x0000000081000000, 0x0000000081100000, 0x0000000081100000|100%| O|  |TAMS 0x0000000081070800, 0x0000000081000000| Untracked 
|  17|0x0000000081100000, 0x0000000081200000, 0x0000000081200000|100%|HS|  |TAMS 0x0000000081100000, 0x0000000081100000| Complete 
|  18|0x0000000081200000, 0x0000000081300000, 0x0000000081300000|100%|HS|  |TAMS 0x0000000081200000, 0x0000000081200000| Complete 
|  19|0x0000000081300000, 0x0000000081400000, 0x0000000081400000|100%|HC|  |TAMS 0x0000000081300000, 0x0000000081300000| Complete 
|  20|0x0000000081400000, 0x0000000081500000, 0x0000000081500000|100%|HS|  |TAMS 0x0000000081400000, 0x0000000081400000| Complete 
|  21|0x0000000081500000, 0x0000000081600000, 0x0000000081600000|100%|HS|  |TAMS 0x0000000081500000, 0x0000000081500000| Complete 
|  22|0x0000000081600000, 0x0000000081700000, 0x0000000081700000|100%|HC|  |TAMS 0x0000000081600000, 0x0000000081600000| Complete 
|  23|0x0000000081700000, 0x0000000081800000, 0x0000000081800000|100%|HC|  |TAMS 0x0000000081700000, 0x0000000081700000| Complete 
|  24|0x0000000081800000, 0x0000000081900000, 0x0000000081900000|100%|HC|  |TAMS 0x0000000081800000, 0x0000000081800000| Complete 
|  25|0x0000000081900000, 0x0000000081900000, 0x0000000081a00000|  0%| F|  |TAMS 0x0000000081900000, 0x0000000081900000| Untracked 
|  26|0x0000000081a00000, 0x0000000081b00000, 0x0000000081b00000|100%| O|  |TAMS 0x0000000081a00000, 0x0000000081a00000| Untracked 
|  27|0x0000000081b00000, 0x0000000081c00000, 0x0000000081c00000|100%| O|  |TAMS 0x0000000081b00000, 0x0000000081b00000| Untracked 
|  28|0x0000000081c00000, 0x0000000081d00000, 0x0000000081d00000|100%| O|  |TAMS 0x0000000081c00000, 0x0000000081c00000| Untracked 
|  29|0x0000000081d00000, 0x0000000081e00000, 0x0000000081e00000|100%| O|  |TAMS 0x0000000081d00000, 0x0000000081d00000| Untracked 
|  30|0x0000000081e00000, 0x0000000081f00000, 0x0000000081f00000|100%| O|  |TAMS 0x0000000081e00000, 0x0000000081e00000| Untracked 
|  31|0x0000000081f00000, 0x0000000082000000, 0x0000000082000000|100%| O|  |TAMS 0x0000000081f00000, 0x0000000081f00000| Untracked 
|  32|0x0000000082000000, 0x0000000082000000, 0x0000000082100000|  0%| F|  |TAMS 0x0000000082000000, 0x0000000082000000| Untracked 
|  33|0x0000000082100000, 0x0000000082100000, 0x0000000082200000|  0%| F|  |TAMS 0x0000000082100000, 0x0000000082100000| Untracked 
|  34|0x0000000082200000, 0x0000000082200000, 0x0000000082300000|  0%| F|  |TAMS 0x0000000082200000, 0x0000000082200000| Untracked 
|  35|0x0000000082300000, 0x0000000082300000, 0x0000000082400000|  0%| F|  |TAMS 0x0000000082300000, 0x0000000082300000| Untracked 
|  36|0x0000000082400000, 0x0000000082400000, 0x0000000082500000|  0%| F|  |TAMS 0x0000000082400000, 0x0000000082400000| Untracked 
|  37|0x0000000082500000, 0x0000000082500000, 0x0000000082600000|  0%| F|  |TAMS 0x0000000082500000, 0x0000000082500000| Untracked 
|  38|0x0000000082600000, 0x0000000082600000, 0x0000000082700000|  0%| F|  |TAMS 0x0000000082600000, 0x0000000082600000| Untracked 
|  39|0x0000000082700000, 0x0000000082800000, 0x0000000082800000|100%| O|  |TAMS 0x0000000082700000, 0x0000000082700000| Untracked 
|  40|0x0000000082800000, 0x0000000082900000, 0x0000000082900000|100%| O|  |TAMS 0x0000000082800000, 0x0000000082800000| Untracked 
|  41|0x0000000082900000, 0x0000000082a00000, 0x0000000082a00000|100%| O|  |TAMS 0x0000000082900000, 0x0000000082900000| Untracked 
|  42|0x0000000082a00000, 0x0000000082b00000, 0x0000000082b00000|100%| O|  |TAMS 0x0000000082a00000, 0x0000000082a00000| Untracked 
|  43|0x0000000082b00000, 0x0000000082c00000, 0x0000000082c00000|100%| O|  |TAMS 0x0000000082b00000, 0x0000000082b00000| Untracked 
|  44|0x0000000082c00000, 0x0000000082d00000, 0x0000000082d00000|100%| O|  |TAMS 0x0000000082c00000, 0x0000000082c00000| Untracked 
|  45|0x0000000082d00000, 0x0000000082e00000, 0x0000000082e00000|100%| O|  |TAMS 0x0000000082d00000, 0x0000000082d00000| Untracked 
|  46|0x0000000082e00000, 0x0000000082f00000, 0x0000000082f00000|100%| O|  |TAMS 0x0000000082e00000, 0x0000000082e00000| Untracked 
|  47|0x0000000082f00000, 0x0000000083000000, 0x0000000083000000|100%| O|  |TAMS 0x0000000082f00000, 0x0000000082f00000| Untracked 
|  48|0x0000000083000000, 0x0000000083100000, 0x0000000083100000|100%| O|  |TAMS 0x0000000083000000, 0x0000000083000000| Untracked 
|  49|0x0000000083100000, 0x0000000083200000, 0x0000000083200000|100%| O|  |TAMS 0x0000000083100000, 0x0000000083100000| Untracked 
|  50|0x0000000083200000, 0x0000000083300000, 0x0000000083300000|100%| O|  |TAMS 0x0000000083200000, 0x0000000083200000| Untracked 
|  51|0x0000000083300000, 0x0000000083400000, 0x0000000083400000|100%| O|  |TAMS 0x0000000083300000, 0x0000000083300000| Untracked 
|  52|0x0000000083400000, 0x0000000083500000, 0x0000000083500000|100%| O|  |TAMS 0x0000000083400000, 0x0000000083400000| Untracked 
|  53|0x0000000083500000, 0x0000000083600000, 0x0000000083600000|100%| O|  |TAMS 0x0000000083500000, 0x0000000083500000| Untracked 
|  54|0x0000000083600000, 0x0000000083700000, 0x0000000083700000|100%| O|  |TAMS 0x0000000083600000, 0x0000000083600000| Untracked 
|  55|0x0000000083700000, 0x0000000083800000, 0x0000000083800000|100%| O|  |TAMS 0x0000000083700000, 0x0000000083700000| Untracked 
|  56|0x0000000083800000, 0x0000000083900000, 0x0000000083900000|100%| O|  |TAMS 0x0000000083800000, 0x0000000083800000| Untracked 
|  57|0x0000000083900000, 0x0000000083a00000, 0x0000000083a00000|100%| O|  |TAMS 0x0000000083900000, 0x0000000083900000| Untracked 
|  58|0x0000000083a00000, 0x0000000083a3e600, 0x0000000083b00000| 24%| O|  |TAMS 0x0000000083a00000, 0x0000000083a00000| Untracked 
|  59|0x0000000083b00000, 0x0000000083b00000, 0x0000000083c00000|  0%| F|  |TAMS 0x0000000083b00000, 0x0000000083b00000| Untracked 
|  60|0x0000000083c00000, 0x0000000083c00000, 0x0000000083d00000|  0%| F|  |TAMS 0x0000000083c00000, 0x0000000083c00000| Untracked 
|  61|0x0000000083d00000, 0x0000000083d00000, 0x0000000083e00000|  0%| F|  |TAMS 0x0000000083d00000, 0x0000000083d00000| Untracked 
|  62|0x0000000083e00000, 0x0000000083e00000, 0x0000000083f00000|  0%| F|  |TAMS 0x0000000083e00000, 0x0000000083e00000| Untracked 
|  63|0x0000000083f00000, 0x0000000083f00000, 0x0000000084000000|  0%| F|  |TAMS 0x0000000083f00000, 0x0000000083f00000| Untracked 
|  64|0x0000000084000000, 0x0000000084000000, 0x0000000084100000|  0%| F|  |TAMS 0x0000000084000000, 0x0000000084000000| Untracked 
|  65|0x0000000084100000, 0x0000000084100000, 0x0000000084200000|  0%| F|  |TAMS 0x0000000084100000, 0x0000000084100000| Untracked 
|  66|0x0000000084200000, 0x0000000084200000, 0x0000000084300000|  0%| F|  |TAMS 0x0000000084200000, 0x0000000084200000| Untracked 
|  67|0x0000000084300000, 0x0000000084300000, 0x0000000084400000|  0%| F|  |TAMS 0x0000000084300000, 0x0000000084300000| Untracked 
|  68|0x0000000084400000, 0x0000000084400000, 0x0000000084500000|  0%| F|  |TAMS 0x0000000084400000, 0x0000000084400000| Untracked 
|  69|0x0000000084500000, 0x0000000084500000, 0x0000000084600000|  0%| F|  |TAMS 0x0000000084500000, 0x0000000084500000| Untracked 
|  70|0x0000000084600000, 0x0000000084600000, 0x0000000084700000|  0%| F|  |TAMS 0x0000000084600000, 0x0000000084600000| Untracked 
|  71|0x0000000084700000, 0x0000000084700000, 0x0000000084800000|  0%| F|  |TAMS 0x0000000084700000, 0x0000000084700000| Untracked 
|  72|0x0000000084800000, 0x0000000084800000, 0x0000000084900000|  0%| F|  |TAMS 0x0000000084800000, 0x0000000084800000| Untracked 
|  73|0x0000000084900000, 0x0000000084900000, 0x0000000084a00000|  0%| F|  |TAMS 0x0000000084900000, 0x0000000084900000| Untracked 
|  74|0x0000000084a00000, 0x0000000084a00000, 0x0000000084b00000|  0%| F|  |TAMS 0x0000000084a00000, 0x0000000084a00000| Untracked 
|  75|0x0000000084b00000, 0x0000000084b00000, 0x0000000084c00000|  0%| F|  |TAMS 0x0000000084b00000, 0x0000000084b00000| Untracked 
|  76|0x0000000084c00000, 0x0000000084c00000, 0x0000000084d00000|  0%| F|  |TAMS 0x0000000084c00000, 0x0000000084c00000| Untracked 
|  77|0x0000000084d00000, 0x0000000084d00000, 0x0000000084e00000|  0%| F|  |TAMS 0x0000000084d00000, 0x0000000084d00000| Untracked 
|  78|0x0000000084e00000, 0x0000000084e00000, 0x0000000084f00000|  0%| F|  |TAMS 0x0000000084e00000, 0x0000000084e00000| Untracked 
|  79|0x0000000084f00000, 0x0000000084f00000, 0x0000000085000000|  0%| F|  |TAMS 0x0000000084f00000, 0x0000000084f00000| Untracked 
|  80|0x0000000085000000, 0x0000000085000000, 0x0000000085100000|  0%| F|  |TAMS 0x0000000085000000, 0x0000000085000000| Untracked 
|  81|0x0000000085100000, 0x0000000085100000, 0x0000000085200000|  0%| F|  |TAMS 0x0000000085100000, 0x0000000085100000| Untracked 
|  82|0x0000000085200000, 0x0000000085200000, 0x0000000085300000|  0%| F|  |TAMS 0x0000000085200000, 0x0000000085200000| Untracked 
|  83|0x0000000085300000, 0x0000000085300000, 0x0000000085400000|  0%| F|  |TAMS 0x0000000085300000, 0x0000000085300000| Untracked 
|  84|0x0000000085400000, 0x0000000085400000, 0x0000000085500000|  0%| F|  |TAMS 0x0000000085400000, 0x0000000085400000| Untracked 
|  85|0x0000000085500000, 0x0000000085500000, 0x0000000085600000|  0%| F|  |TAMS 0x0000000085500000, 0x0000000085500000| Untracked 
|  86|0x0000000085600000, 0x0000000085600000, 0x0000000085700000|  0%| F|  |TAMS 0x0000000085600000, 0x0000000085600000| Untracked 
|  87|0x0000000085700000, 0x0000000085700000, 0x0000000085800000|  0%| F|  |TAMS 0x0000000085700000, 0x0000000085700000| Untracked 
|  88|0x0000000085800000, 0x0000000085800000, 0x0000000085900000|  0%| F|  |TAMS 0x0000000085800000, 0x0000000085800000| Untracked 
|  89|0x0000000085900000, 0x0000000085900000, 0x0000000085a00000|  0%| F|  |TAMS 0x0000000085900000, 0x0000000085900000| Untracked 
|  90|0x0000000085a00000, 0x0000000085a00000, 0x0000000085b00000|  0%| F|  |TAMS 0x0000000085a00000, 0x0000000085a00000| Untracked 
|  91|0x0000000085b00000, 0x0000000085b00000, 0x0000000085c00000|  0%| F|  |TAMS 0x0000000085b00000, 0x0000000085b00000| Untracked 
|  92|0x0000000085c00000, 0x0000000085c00000, 0x0000000085d00000|  0%| F|  |TAMS 0x0000000085c00000, 0x0000000085c00000| Untracked 
|  93|0x0000000085d00000, 0x0000000085d00000, 0x0000000085e00000|  0%| F|  |TAMS 0x0000000085d00000, 0x0000000085d00000| Untracked 
|  94|0x0000000085e00000, 0x0000000085e00000, 0x0000000085f00000|  0%| F|  |TAMS 0x0000000085e00000, 0x0000000085e00000| Untracked 
|  95|0x0000000085f00000, 0x0000000085f00000, 0x0000000086000000|  0%| F|  |TAMS 0x0000000085f00000, 0x0000000085f00000| Untracked 
|  96|0x0000000086000000, 0x0000000086000000, 0x0000000086100000|  0%| F|  |TAMS 0x0000000086000000, 0x0000000086000000| Untracked 
|  97|0x0000000086100000, 0x0000000086100000, 0x0000000086200000|  0%| F|  |TAMS 0x0000000086100000, 0x0000000086100000| Untracked 
|  98|0x0000000086200000, 0x0000000086200000, 0x0000000086300000|  0%| F|  |TAMS 0x0000000086200000, 0x0000000086200000| Untracked 
|  99|0x0000000086300000, 0x0000000086300000, 0x0000000086400000|  0%| F|  |TAMS 0x0000000086300000, 0x0000000086300000| Untracked 
| 100|0x0000000086400000, 0x0000000086400000, 0x0000000086500000|  0%| F|  |TAMS 0x0000000086400000, 0x0000000086400000| Untracked 
| 101|0x0000000086500000, 0x0000000086500000, 0x0000000086600000|  0%| F|  |TAMS 0x0000000086500000, 0x0000000086500000| Untracked 
| 102|0x0000000086600000, 0x0000000086600000, 0x0000000086700000|  0%| F|  |TAMS 0x0000000086600000, 0x0000000086600000| Untracked 
| 103|0x0000000086700000, 0x0000000086700000, 0x0000000086800000|  0%| F|  |TAMS 0x0000000086700000, 0x0000000086700000| Untracked 
| 104|0x0000000086800000, 0x0000000086800000, 0x0000000086900000|  0%| F|  |TAMS 0x0000000086800000, 0x0000000086800000| Untracked 
| 105|0x0000000086900000, 0x0000000086900000, 0x0000000086a00000|  0%| F|  |TAMS 0x0000000086900000, 0x0000000086900000| Untracked 
| 106|0x0000000086a00000, 0x0000000086a00000, 0x0000000086b00000|  0%| F|  |TAMS 0x0000000086a00000, 0x0000000086a00000| Untracked 
| 107|0x0000000086b00000, 0x0000000086b00000, 0x0000000086c00000|  0%| F|  |TAMS 0x0000000086b00000, 0x0000000086b00000| Untracked 
| 108|0x0000000086c00000, 0x0000000086c00000, 0x0000000086d00000|  0%| F|  |TAMS 0x0000000086c00000, 0x0000000086c00000| Untracked 
| 109|0x0000000086d00000, 0x0000000086d00000, 0x0000000086e00000|  0%| F|  |TAMS 0x0000000086d00000, 0x0000000086d00000| Untracked 
| 110|0x0000000086e00000, 0x0000000086e00000, 0x0000000086f00000|  0%| F|  |TAMS 0x0000000086e00000, 0x0000000086e00000| Untracked 
| 111|0x0000000086f00000, 0x0000000086f00000, 0x0000000087000000|  0%| F|  |TAMS 0x0000000086f00000, 0x0000000086f00000| Untracked 
| 112|0x0000000087000000, 0x000000008705de48, 0x0000000087100000| 36%| S|CS|TAMS 0x0000000087000000, 0x0000000087000000| Complete 
| 113|0x0000000087100000, 0x0000000087200000, 0x0000000087200000|100%| S|CS|TAMS 0x0000000087100000, 0x0000000087100000| Complete 
| 114|0x0000000087200000, 0x0000000087300000, 0x0000000087300000|100%| S|CS|TAMS 0x0000000087200000, 0x0000000087200000| Complete 
| 115|0x0000000087300000, 0x0000000087400000, 0x0000000087400000|100%| S|CS|TAMS 0x0000000087300000, 0x0000000087300000| Complete 
| 116|0x0000000087400000, 0x0000000087500000, 0x0000000087500000|100%| S|CS|TAMS 0x0000000087400000, 0x0000000087400000| Complete 
| 117|0x0000000087500000, 0x0000000087600000, 0x0000000087600000|100%| S|CS|TAMS 0x0000000087500000, 0x0000000087500000| Complete 
| 118|0x0000000087600000, 0x0000000087700000, 0x0000000087700000|100%| S|CS|TAMS 0x0000000087600000, 0x0000000087600000| Complete 
| 119|0x0000000087700000, 0x0000000087800000, 0x0000000087800000|100%| S|CS|TAMS 0x0000000087700000, 0x0000000087700000| Complete 
| 120|0x0000000087800000, 0x0000000087900000, 0x0000000087900000|100%| S|CS|TAMS 0x0000000087800000, 0x0000000087800000| Complete 
| 121|0x0000000087900000, 0x0000000087a00000, 0x0000000087a00000|100%| S|CS|TAMS 0x0000000087900000, 0x0000000087900000| Complete 
| 122|0x0000000087a00000, 0x0000000087a00000, 0x0000000087b00000|  0%| F|  |TAMS 0x0000000087a00000, 0x0000000087a00000| Untracked 
| 123|0x0000000087b00000, 0x0000000087b00000, 0x0000000087c00000|  0%| F|  |TAMS 0x0000000087b00000, 0x0000000087b00000| Untracked 
| 124|0x0000000087c00000, 0x0000000087c00000, 0x0000000087d00000|  0%| F|  |TAMS 0x0000000087c00000, 0x0000000087c00000| Untracked 
| 125|0x0000000087d00000, 0x0000000087d00000, 0x0000000087e00000|  0%| F|  |TAMS 0x0000000087d00000, 0x0000000087d00000| Untracked 
| 126|0x0000000087e00000, 0x0000000087e00000, 0x0000000087f00000|  0%| F|  |TAMS 0x0000000087e00000, 0x0000000087e00000| Untracked 
| 127|0x0000000087f00000, 0x0000000087f00000, 0x0000000088000000|  0%| F|  |TAMS 0x0000000087f00000, 0x0000000087f00000| Untracked 
| 128|0x0000000088000000, 0x0000000088000000, 0x0000000088100000|  0%| F|  |TAMS 0x0000000088000000, 0x0000000088000000| Untracked 
| 129|0x0000000088100000, 0x0000000088100000, 0x0000000088200000|  0%| F|  |TAMS 0x0000000088100000, 0x0000000088100000| Untracked 
| 130|0x0000000088200000, 0x0000000088200000, 0x0000000088300000|  0%| F|  |TAMS 0x0000000088200000, 0x0000000088200000| Untracked 
| 131|0x0000000088300000, 0x0000000088300000, 0x0000000088400000|  0%| F|  |TAMS 0x0000000088300000, 0x0000000088300000| Untracked 
| 132|0x0000000088400000, 0x0000000088400000, 0x0000000088500000|  0%| F|  |TAMS 0x0000000088400000, 0x0000000088400000| Untracked 
| 133|0x0000000088500000, 0x0000000088500000, 0x0000000088600000|  0%| F|  |TAMS 0x0000000088500000, 0x0000000088500000| Untracked 
| 134|0x0000000088600000, 0x0000000088600000, 0x0000000088700000|  0%| F|  |TAMS 0x0000000088600000, 0x0000000088600000| Untracked 
| 135|0x0000000088700000, 0x0000000088700000, 0x0000000088800000|  0%| F|  |TAMS 0x0000000088700000, 0x0000000088700000| Untracked 
| 136|0x0000000088800000, 0x0000000088800000, 0x0000000088900000|  0%| F|  |TAMS 0x0000000088800000, 0x0000000088800000| Untracked 
| 137|0x0000000088900000, 0x0000000088900000, 0x0000000088a00000|  0%| F|  |TAMS 0x0000000088900000, 0x0000000088900000| Untracked 
| 138|0x0000000088a00000, 0x0000000088a00000, 0x0000000088b00000|  0%| F|  |TAMS 0x0000000088a00000, 0x0000000088a00000| Untracked 
| 139|0x0000000088b00000, 0x0000000088b00000, 0x0000000088c00000|  0%| F|  |TAMS 0x0000000088b00000, 0x0000000088b00000| Untracked 
| 140|0x0000000088c00000, 0x0000000088c00000, 0x0000000088d00000|  0%| F|  |TAMS 0x0000000088c00000, 0x0000000088c00000| Untracked 
| 141|0x0000000088d00000, 0x0000000088d00000, 0x0000000088e00000|  0%| F|  |TAMS 0x0000000088d00000, 0x0000000088d00000| Untracked 
| 142|0x0000000088e00000, 0x0000000088e00000, 0x0000000088f00000|  0%| F|  |TAMS 0x0000000088e00000, 0x0000000088e00000| Untracked 
| 143|0x0000000088f00000, 0x0000000088f00000, 0x0000000089000000|  0%| F|  |TAMS 0x0000000088f00000, 0x0000000088f00000| Untracked 
| 144|0x0000000089000000, 0x0000000089000000, 0x0000000089100000|  0%| F|  |TAMS 0x0000000089000000, 0x0000000089000000| Untracked 
| 145|0x0000000089100000, 0x0000000089100000, 0x0000000089200000|  0%| F|  |TAMS 0x0000000089100000, 0x0000000089100000| Untracked 
| 146|0x0000000089200000, 0x0000000089200000, 0x0000000089300000|  0%| F|  |TAMS 0x0000000089200000, 0x0000000089200000| Untracked 
| 147|0x0000000089300000, 0x0000000089300000, 0x0000000089400000|  0%| F|  |TAMS 0x0000000089300000, 0x0000000089300000| Untracked 
| 148|0x0000000089400000, 0x0000000089400000, 0x0000000089500000|  0%| F|  |TAMS 0x0000000089400000, 0x0000000089400000| Untracked 
| 149|0x0000000089500000, 0x0000000089500000, 0x0000000089600000|  0%| F|  |TAMS 0x0000000089500000, 0x0000000089500000| Untracked 
| 150|0x0000000089600000, 0x0000000089600000, 0x0000000089700000|  0%| F|  |TAMS 0x0000000089600000, 0x0000000089600000| Untracked 
| 151|0x0000000089700000, 0x0000000089700000, 0x0000000089800000|  0%| F|  |TAMS 0x0000000089700000, 0x0000000089700000| Untracked 
| 152|0x0000000089800000, 0x0000000089800000, 0x0000000089900000|  0%| F|  |TAMS 0x0000000089800000, 0x0000000089800000| Untracked 
| 153|0x0000000089900000, 0x0000000089900000, 0x0000000089a00000|  0%| F|  |TAMS 0x0000000089900000, 0x0000000089900000| Untracked 
| 154|0x0000000089a00000, 0x0000000089a00000, 0x0000000089b00000|  0%| F|  |TAMS 0x0000000089a00000, 0x0000000089a00000| Untracked 
| 155|0x0000000089b00000, 0x0000000089b00000, 0x0000000089c00000|  0%| F|  |TAMS 0x0000000089b00000, 0x0000000089b00000| Untracked 
| 156|0x0000000089c00000, 0x0000000089c00000, 0x0000000089d00000|  0%| F|  |TAMS 0x0000000089c00000, 0x0000000089c00000| Untracked 
| 157|0x0000000089d00000, 0x0000000089d00000, 0x0000000089e00000|  0%| F|  |TAMS 0x0000000089d00000, 0x0000000089d00000| Untracked 
| 158|0x0000000089e00000, 0x0000000089e00000, 0x0000000089f00000|  0%| F|  |TAMS 0x0000000089e00000, 0x0000000089e00000| Untracked 
| 159|0x0000000089f00000, 0x0000000089f00000, 0x000000008a000000|  0%| F|  |TAMS 0x0000000089f00000, 0x0000000089f00000| Untracked 
| 160|0x000000008a000000, 0x000000008a000000, 0x000000008a100000|  0%| F|  |TAMS 0x000000008a000000, 0x000000008a000000| Untracked 
| 161|0x000000008a100000, 0x000000008a100000, 0x000000008a200000|  0%| F|  |TAMS 0x000000008a100000, 0x000000008a100000| Untracked 
| 162|0x000000008a200000, 0x000000008a200000, 0x000000008a300000|  0%| F|  |TAMS 0x000000008a200000, 0x000000008a200000| Untracked 
| 163|0x000000008a300000, 0x000000008a300000, 0x000000008a400000|  0%| F|  |TAMS 0x000000008a300000, 0x000000008a300000| Untracked 
| 164|0x000000008a400000, 0x000000008a400000, 0x000000008a500000|  0%| F|  |TAMS 0x000000008a400000, 0x000000008a400000| Untracked 
| 165|0x000000008a500000, 0x000000008a500000, 0x000000008a600000|  0%| F|  |TAMS 0x000000008a500000, 0x000000008a500000| Untracked 
| 166|0x000000008a600000, 0x000000008a600000, 0x000000008a700000|  0%| F|  |TAMS 0x000000008a600000, 0x000000008a600000| Untracked 
| 167|0x000000008a700000, 0x000000008a700000, 0x000000008a800000|  0%| F|  |TAMS 0x000000008a700000, 0x000000008a700000| Untracked 
| 168|0x000000008a800000, 0x000000008a800000, 0x000000008a900000|  0%| F|  |TAMS 0x000000008a800000, 0x000000008a800000| Untracked 
| 169|0x000000008a900000, 0x000000008a900000, 0x000000008aa00000|  0%| F|  |TAMS 0x000000008a900000, 0x000000008a900000| Untracked 
| 170|0x000000008aa00000, 0x000000008aa00000, 0x000000008ab00000|  0%| F|  |TAMS 0x000000008aa00000, 0x000000008aa00000| Untracked 
| 171|0x000000008ab00000, 0x000000008ab00000, 0x000000008ac00000|  0%| F|  |TAMS 0x000000008ab00000, 0x000000008ab00000| Untracked 
| 172|0x000000008ac00000, 0x000000008ac00000, 0x000000008ad00000|  0%| F|  |TAMS 0x000000008ac00000, 0x000000008ac00000| Untracked 
| 173|0x000000008ad00000, 0x000000008ad00000, 0x000000008ae00000|  0%| F|  |TAMS 0x000000008ad00000, 0x000000008ad00000| Untracked 
| 174|0x000000008ae00000, 0x000000008ae00000, 0x000000008af00000|  0%| F|  |TAMS 0x000000008ae00000, 0x000000008ae00000| Untracked 
| 175|0x000000008af00000, 0x000000008af00000, 0x000000008b000000|  0%| F|  |TAMS 0x000000008af00000, 0x000000008af00000| Untracked 
| 176|0x000000008b000000, 0x000000008b000000, 0x000000008b100000|  0%| F|  |TAMS 0x000000008b000000, 0x000000008b000000| Untracked 
| 177|0x000000008b100000, 0x000000008b100000, 0x000000008b200000|  0%| F|  |TAMS 0x000000008b100000, 0x000000008b100000| Untracked 
| 178|0x000000008b200000, 0x000000008b200000, 0x000000008b300000|  0%| F|  |TAMS 0x000000008b200000, 0x000000008b200000| Untracked 
| 179|0x000000008b300000, 0x000000008b300000, 0x000000008b400000|  0%| F|  |TAMS 0x000000008b300000, 0x000000008b300000| Untracked 
| 180|0x000000008b400000, 0x000000008b400000, 0x000000008b500000|  0%| F|  |TAMS 0x000000008b400000, 0x000000008b400000| Untracked 
| 181|0x000000008b500000, 0x000000008b500000, 0x000000008b600000|  0%| F|  |TAMS 0x000000008b500000, 0x000000008b500000| Untracked 
| 182|0x000000008b600000, 0x000000008b600000, 0x000000008b700000|  0%| F|  |TAMS 0x000000008b600000, 0x000000008b600000| Untracked 
| 183|0x000000008b700000, 0x000000008b700000, 0x000000008b800000|  0%| F|  |TAMS 0x000000008b700000, 0x000000008b700000| Untracked 
| 184|0x000000008b800000, 0x000000008b800000, 0x000000008b900000|  0%| F|  |TAMS 0x000000008b800000, 0x000000008b800000| Untracked 
| 185|0x000000008b900000, 0x000000008b900000, 0x000000008ba00000|  0%| F|  |TAMS 0x000000008b900000, 0x000000008b900000| Untracked 
| 186|0x000000008ba00000, 0x000000008ba00000, 0x000000008bb00000|  0%| F|  |TAMS 0x000000008ba00000, 0x000000008ba00000| Untracked 
| 187|0x000000008bb00000, 0x000000008bb00000, 0x000000008bc00000|  0%| F|  |TAMS 0x000000008bb00000, 0x000000008bb00000| Untracked 
| 188|0x000000008bc00000, 0x000000008bc00000, 0x000000008bd00000|  0%| F|  |TAMS 0x000000008bc00000, 0x000000008bc00000| Untracked 
| 189|0x000000008bd00000, 0x000000008bd00000, 0x000000008be00000|  0%| F|  |TAMS 0x000000008bd00000, 0x000000008bd00000| Untracked 
| 190|0x000000008be00000, 0x000000008be00000, 0x000000008bf00000|  0%| F|  |TAMS 0x000000008be00000, 0x000000008be00000| Untracked 
| 191|0x000000008bf00000, 0x000000008bf00000, 0x000000008c000000|  0%| F|  |TAMS 0x000000008bf00000, 0x000000008bf00000| Untracked 
| 192|0x000000008c000000, 0x000000008c000000, 0x000000008c100000|  0%| F|  |TAMS 0x000000008c000000, 0x000000008c000000| Untracked 
| 193|0x000000008c100000, 0x000000008c100000, 0x000000008c200000|  0%| F|  |TAMS 0x000000008c100000, 0x000000008c100000| Untracked 
| 194|0x000000008c200000, 0x000000008c200000, 0x000000008c300000|  0%| F|  |TAMS 0x000000008c200000, 0x000000008c200000| Untracked 
| 195|0x000000008c300000, 0x000000008c300000, 0x000000008c400000|  0%| F|  |TAMS 0x000000008c300000, 0x000000008c300000| Untracked 
| 196|0x000000008c400000, 0x000000008c400000, 0x000000008c500000|  0%| F|  |TAMS 0x000000008c400000, 0x000000008c400000| Untracked 
| 197|0x000000008c500000, 0x000000008c500000, 0x000000008c600000|  0%| F|  |TAMS 0x000000008c500000, 0x000000008c500000| Untracked 
| 198|0x000000008c600000, 0x000000008c600000, 0x000000008c700000|  0%| F|  |TAMS 0x000000008c600000, 0x000000008c600000| Untracked 
| 199|0x000000008c700000, 0x000000008c700000, 0x000000008c800000|  0%| F|  |TAMS 0x000000008c700000, 0x000000008c700000| Untracked 
| 200|0x000000008c800000, 0x000000008c800000, 0x000000008c900000|  0%| F|  |TAMS 0x000000008c800000, 0x000000008c800000| Untracked 
| 201|0x000000008c900000, 0x000000008c900000, 0x000000008ca00000|  0%| F|  |TAMS 0x000000008c900000, 0x000000008c900000| Untracked 
| 202|0x000000008ca00000, 0x000000008ca80800, 0x000000008cb00000| 50%| E|  |TAMS 0x000000008ca00000, 0x000000008ca00000| Complete 
| 203|0x000000008cb00000, 0x000000008cc00000, 0x000000008cc00000|100%| E|CS|TAMS 0x000000008cb00000, 0x000000008cb00000| Complete 
| 204|0x000000008cc00000, 0x000000008cd00000, 0x000000008cd00000|100%| E|CS|TAMS 0x000000008cc00000, 0x000000008cc00000| Complete 
| 205|0x000000008cd00000, 0x000000008ce00000, 0x000000008ce00000|100%| E|CS|TAMS 0x000000008cd00000, 0x000000008cd00000| Complete 
| 206|0x000000008ce00000, 0x000000008cf00000, 0x000000008cf00000|100%| E|CS|TAMS 0x000000008ce00000, 0x000000008ce00000| Complete 
| 207|0x000000008cf00000, 0x000000008d000000, 0x000000008d000000|100%| E|CS|TAMS 0x000000008cf00000, 0x000000008cf00000| Complete 
| 208|0x000000008d000000, 0x000000008d100000, 0x000000008d100000|100%| E|CS|TAMS 0x000000008d000000, 0x000000008d000000| Complete 
| 209|0x000000008d100000, 0x000000008d200000, 0x000000008d200000|100%| E|CS|TAMS 0x000000008d100000, 0x000000008d100000| Complete 
| 210|0x000000008d200000, 0x000000008d300000, 0x000000008d300000|100%| E|CS|TAMS 0x000000008d200000, 0x000000008d200000| Complete 
| 211|0x000000008d300000, 0x000000008d400000, 0x000000008d400000|100%| E|CS|TAMS 0x000000008d300000, 0x000000008d300000| Complete 
| 212|0x000000008d400000, 0x000000008d500000, 0x000000008d500000|100%| E|CS|TAMS 0x000000008d400000, 0x000000008d400000| Complete 
| 213|0x000000008d500000, 0x000000008d600000, 0x000000008d600000|100%| E|CS|TAMS 0x000000008d500000, 0x000000008d500000| Complete 
| 214|0x000000008d600000, 0x000000008d700000, 0x000000008d700000|100%| E|CS|TAMS 0x000000008d600000, 0x000000008d600000| Complete 
| 215|0x000000008d700000, 0x000000008d800000, 0x000000008d800000|100%| E|CS|TAMS 0x000000008d700000, 0x000000008d700000| Complete 
| 216|0x000000008d800000, 0x000000008d900000, 0x000000008d900000|100%| E|CS|TAMS 0x000000008d800000, 0x000000008d800000| Complete 
| 217|0x000000008d900000, 0x000000008da00000, 0x000000008da00000|100%| E|CS|TAMS 0x000000008d900000, 0x000000008d900000| Complete 
| 218|0x000000008da00000, 0x000000008db00000, 0x000000008db00000|100%| E|CS|TAMS 0x000000008da00000, 0x000000008da00000| Complete 
| 219|0x000000008db00000, 0x000000008dc00000, 0x000000008dc00000|100%| E|CS|TAMS 0x000000008db00000, 0x000000008db00000| Complete 
| 220|0x000000008dc00000, 0x000000008dd00000, 0x000000008dd00000|100%| E|CS|TAMS 0x000000008dc00000, 0x000000008dc00000| Complete 
| 221|0x000000008dd00000, 0x000000008de00000, 0x000000008de00000|100%| E|CS|TAMS 0x000000008dd00000, 0x000000008dd00000| Complete 
| 222|0x000000008de00000, 0x000000008df00000, 0x000000008df00000|100%| E|CS|TAMS 0x000000008de00000, 0x000000008de00000| Complete 
| 223|0x000000008df00000, 0x000000008e000000, 0x000000008e000000|100%| E|CS|TAMS 0x000000008df00000, 0x000000008df00000| Complete 
| 224|0x000000008e000000, 0x000000008e100000, 0x000000008e100000|100%| E|CS|TAMS 0x000000008e000000, 0x000000008e000000| Complete 
| 225|0x000000008e100000, 0x000000008e200000, 0x000000008e200000|100%| E|CS|TAMS 0x000000008e100000, 0x000000008e100000| Complete 
| 226|0x000000008e200000, 0x000000008e300000, 0x000000008e300000|100%| E|CS|TAMS 0x000000008e200000, 0x000000008e200000| Complete 
| 227|0x000000008e300000, 0x000000008e400000, 0x000000008e400000|100%| E|CS|TAMS 0x000000008e300000, 0x000000008e300000| Complete 
| 228|0x000000008e400000, 0x000000008e500000, 0x000000008e500000|100%| E|CS|TAMS 0x000000008e400000, 0x000000008e400000| Complete 
| 229|0x000000008e500000, 0x000000008e600000, 0x000000008e600000|100%| E|CS|TAMS 0x000000008e500000, 0x000000008e500000| Complete 
| 230|0x000000008e600000, 0x000000008e700000, 0x000000008e700000|100%| E|CS|TAMS 0x000000008e600000, 0x000000008e600000| Complete 
| 231|0x000000008e700000, 0x000000008e800000, 0x000000008e800000|100%| E|CS|TAMS 0x000000008e700000, 0x000000008e700000| Complete 
| 232|0x000000008e800000, 0x000000008e900000, 0x000000008e900000|100%| E|CS|TAMS 0x000000008e800000, 0x000000008e800000| Complete 
| 233|0x000000008e900000, 0x000000008ea00000, 0x000000008ea00000|100%| E|CS|TAMS 0x000000008e900000, 0x000000008e900000| Complete 
| 234|0x000000008ea00000, 0x000000008eb00000, 0x000000008eb00000|100%| E|CS|TAMS 0x000000008ea00000, 0x000000008ea00000| Complete 
| 235|0x000000008eb00000, 0x000000008ec00000, 0x000000008ec00000|100%| E|CS|TAMS 0x000000008eb00000, 0x000000008eb00000| Complete 
| 236|0x000000008ec00000, 0x000000008ed00000, 0x000000008ed00000|100%| E|CS|TAMS 0x000000008ec00000, 0x000000008ec00000| Complete 
| 237|0x000000008ed00000, 0x000000008ee00000, 0x000000008ee00000|100%| E|CS|TAMS 0x000000008ed00000, 0x000000008ed00000| Complete 
| 238|0x000000008ee00000, 0x000000008ef00000, 0x000000008ef00000|100%| E|CS|TAMS 0x000000008ee00000, 0x000000008ee00000| Complete 
| 239|0x000000008ef00000, 0x000000008f000000, 0x000000008f000000|100%| E|CS|TAMS 0x000000008ef00000, 0x000000008ef00000| Complete 
| 240|0x000000008f000000, 0x000000008f100000, 0x000000008f100000|100%| E|CS|TAMS 0x000000008f000000, 0x000000008f000000| Complete 
| 241|0x000000008f100000, 0x000000008f200000, 0x000000008f200000|100%| E|CS|TAMS 0x000000008f100000, 0x000000008f100000| Complete 
| 242|0x000000008f200000, 0x000000008f300000, 0x000000008f300000|100%| E|CS|TAMS 0x000000008f200000, 0x000000008f200000| Complete 
| 243|0x000000008f300000, 0x000000008f400000, 0x000000008f400000|100%| E|CS|TAMS 0x000000008f300000, 0x000000008f300000| Complete 
| 244|0x000000008f400000, 0x000000008f500000, 0x000000008f500000|100%| E|CS|TAMS 0x000000008f400000, 0x000000008f400000| Complete 
| 245|0x000000008f500000, 0x000000008f600000, 0x000000008f600000|100%| E|CS|TAMS 0x000000008f500000, 0x000000008f500000| Complete 
| 246|0x000000008f600000, 0x000000008f700000, 0x000000008f700000|100%| E|CS|TAMS 0x000000008f600000, 0x000000008f600000| Complete 
| 247|0x000000008f700000, 0x000000008f800000, 0x000000008f800000|100%| E|CS|TAMS 0x000000008f700000, 0x000000008f700000| Complete 
| 248|0x000000008f800000, 0x000000008f900000, 0x000000008f900000|100%| E|CS|TAMS 0x000000008f800000, 0x000000008f800000| Complete 
| 249|0x000000008f900000, 0x000000008fa00000, 0x000000008fa00000|100%| E|CS|TAMS 0x000000008f900000, 0x000000008f900000| Complete 
| 250|0x000000008fa00000, 0x000000008fb00000, 0x000000008fb00000|100%| E|CS|TAMS 0x000000008fa00000, 0x000000008fa00000| Complete 
| 251|0x000000008fb00000, 0x000000008fc00000, 0x000000008fc00000|100%| E|CS|TAMS 0x000000008fb00000, 0x000000008fb00000| Complete 
| 252|0x000000008fc00000, 0x000000008fd00000, 0x000000008fd00000|100%| E|CS|TAMS 0x000000008fc00000, 0x000000008fc00000| Complete 
| 253|0x000000008fd00000, 0x000000008fe00000, 0x000000008fe00000|100%| E|CS|TAMS 0x000000008fd00000, 0x000000008fd00000| Complete 
| 254|0x000000008fe00000, 0x000000008ff00000, 0x000000008ff00000|100%| E|CS|TAMS 0x000000008fe00000, 0x000000008fe00000| Complete 
| 255|0x000000008ff00000, 0x0000000090000000, 0x0000000090000000|100%| E|CS|TAMS 0x000000008ff00000, 0x000000008ff00000| Complete 

Card table byte_map: [0x000001cc791b0000,0x000001cc795b0000] _byte_map_base: 0x000001cc78db0000

Marking Bits (Prev, Next): (CMBitMap*) 0x000001cc65fa9650, (CMBitMap*) 0x000001cc65fa9618
 Prev Bits: [0x000001cc7b9b0000, 0x000001cc7d9b0000)
 Next Bits: [0x000001cc799b0000, 0x000001cc7b9b0000)

Polling page: 0x000001cc63dd0000

Metaspace:

Usage:
  Non-class:     63.31 MB capacity,    62.24 MB ( 98%) used,   909.35 KB (  1%) free+waste,   194.63 KB ( <1%) overhead. 
      Class:      9.69 MB capacity,     9.04 MB ( 93%) used,   571.31 KB (  6%) free+waste,    91.00 KB ( <1%) overhead. 
       Both:     73.00 MB capacity,    71.27 MB ( 98%) used,     1.45 MB (  2%) free+waste,   285.63 KB ( <1%) overhead. 

Virtual space:
  Non-class space:       64.00 MB reserved,      63.42 MB (>99%) committed 
      Class space:        1.00 GB reserved,       9.75 MB ( <1%) committed 
             Both:        1.06 GB reserved,      73.17 MB (  7%) committed 

Chunk freelists:
   Non-Class:  47.00 KB
       Class:  2.00 KB
        Both:  49.00 KB

MaxMetaspaceSize: 17179869184.00 GB
CompressedClassSpaceSize: 1.00 GB
Initial GC threshold: 20.80 MB
Current GC threshold: 76.75 MB
CDS: off

CodeHeap 'non-profiled nmethods': size=120000Kb used=4789Kb max_used=4789Kb free=115210Kb
 bounds [0x000001cc71550000, 0x000001cc71a00000, 0x000001cc78a80000]
CodeHeap 'profiled nmethods': size=120000Kb used=15539Kb max_used=15539Kb free=104460Kb
 bounds [0x000001cc6a020000, 0x000001cc6af50000, 0x000001cc71550000]
CodeHeap 'non-nmethods': size=5760Kb used=2380Kb max_used=2424Kb free=3379Kb
 bounds [0x000001cc69a80000, 0x000001cc69cf0000, 0x000001cc6a020000]
 total_blobs=8333 nmethods=7431 adapters=813
 compilation: enabled
              stopped_count=0, restarted_count=0
 full_count=0

Compilation events (20 events):
Event: 10.170 Thread 0x000001cc00e1e800 7453   !   3       java.beans.PropertyDescriptor::<init> (347 bytes)
Event: 10.176 Thread 0x000001cc00e1e800 nmethod 7453 0x000001cc6af23e10 code [0x000001cc6af24740, 0x000001cc6af2aca8]
Event: 10.176 Thread 0x000001cc00e1e800 7457       3       java.util.stream.AbstractPipeline::evaluateToArrayNode (78 bytes)
Event: 10.176 Thread 0x000001cc00e1e800 nmethod 7457 0x000001cc6af2cb10 code [0x000001cc6af2cd40, 0x000001cc6af2d2d8]
Event: 10.176 Thread 0x000001cc00e1e800 7459       3       java.lang.Class::getDeclaredFields (27 bytes)
Event: 10.176 Thread 0x000001cc00e1e800 nmethod 7459 0x000001cc6af2d490 code [0x000001cc6af2d680, 0x000001cc6af2d918]
Event: 10.176 Thread 0x000001cc00e1e800 7454       3       java.beans.PropertyDescriptor::isAssignable (148 bytes)
Event: 10.181 Thread 0x000001cc00e1e800 nmethod 7454 0x000001cc6af2da10 code [0x000001cc6af2e180, 0x000001cc6af32858]
Event: 10.181 Thread 0x000001cc00e1e800 7455       3       java.beans.PropertyDescriptor::setPropertyEditorClass (9 bytes)
Event: 10.182 Thread 0x000001cc00e1e800 nmethod 7455 0x000001cc6af33e10 code [0x000001cc6af34000, 0x000001cc6af34388]
Event: 10.182 Thread 0x000001cc00e1e800 7458       3       java.util.stream.AbstractPipeline::evaluate (44 bytes)
Event: 10.182 Thread 0x000001cc00e1e800 nmethod 7458 0x000001cc6af34510 code [0x000001cc6af34780, 0x000001cc6af35248]
Event: 10.182 Thread 0x000001cc00e1e800 7456  s    3       java.beans.PropertyDescriptor::setWriteMethod (19 bytes)
Event: 10.182 Thread 0x000001cc00e1e800 nmethod 7456 0x000001cc6af35590 code [0x000001cc6af357a0, 0x000001cc6af35e38]
Event: 10.215 Thread 0x000001cc00e1e800 7460       3       java.util.stream.ReferencePipeline$2::opWrapSink (10 bytes)
Event: 10.215 Thread 0x000001cc00e1e800 nmethod 7460 0x000001cc6af36010 code [0x000001cc6af36200, 0x000001cc6af36788]
Event: 10.215 Thread 0x000001cc00e1e800 7461       3       java.util.stream.AbstractPipeline::<init> (91 bytes)
Event: 10.216 Thread 0x000001cc00e1e800 nmethod 7461 0x000001cc6af36990 code [0x000001cc6af36ba0, 0x000001cc6af371f8]
Event: 10.218 Thread 0x000001cc00e1e800 7462       3       org.codehaus.groovy.reflection.stdclasses.CachedSAMClass::isAssignableFrom (30 bytes)
Event: 10.219 Thread 0x000001cc00e1e800 nmethod 7462 0x000001cc6af37410 code [0x000001cc6af375e0, 0x000001cc6af378f8]

GC Heap History (14 events):
Event: 0.552 GC heap before
{Heap before GC invocations=0 (full 0):
 garbage-first heap   total 262144K, used 29696K [0x0000000080000000, 0x0000000100000000)
  region size 1024K, 24 young (24576K), 0 survivors (0K)
 Metaspace       used 9749K, capacity 9956K, committed 10112K, reserved 1058816K
  class space    used 994K, capacity 1069K, committed 1152K, reserved 1048576K
}
Event: 0.556 GC heap after
{Heap after GC invocations=1 (full 0):
 garbage-first heap   total 262144K, used 9444K [0x0000000080000000, 0x0000000100000000)
  region size 1024K, 3 young (3072K), 3 survivors (3072K)
 Metaspace       used 9749K, capacity 9956K, committed 10112K, reserved 1058816K
  class space    used 994K, capacity 1069K, committed 1152K, reserved 1048576K
}
Event: 2.181 GC heap before
{Heap before GC invocations=1 (full 0):
 garbage-first heap   total 262144K, used 107748K [0x0000000080000000, 0x0000000100000000)
  region size 1024K, 100 young (102400K), 3 survivors (3072K)
 Metaspace       used 20774K, capacity 21187K, committed 21296K, reserved 1069056K
  class space    used 2522K, capacity 2685K, committed 2688K, reserved 1048576K
}
Event: 2.191 GC heap after
{Heap after GC invocations=2 (full 0):
 garbage-first heap   total 262144K, used 17707K [0x0000000080000000, 0x0000000100000000)
  region size 1024K, 12 young (12288K), 12 survivors (12288K)
 Metaspace       used 20774K, capacity 21187K, committed 21296K, reserved 1069056K
  class space    used 2522K, capacity 2685K, committed 2688K, reserved 1048576K
}
Event: 2.980 GC heap before
{Heap before GC invocations=3 (full 0):
 garbage-first heap   total 262144K, used 86315K [0x0000000080000000, 0x0000000100000000)
  region size 1024K, 80 young (81920K), 12 survivors (12288K)
 Metaspace       used 27740K, capacity 28433K, committed 28720K, reserved 1075200K
  class space    used 3638K, capacity 3881K, committed 3968K, reserved 1048576K
}
Event: 2.987 GC heap after
{Heap after GC invocations=4 (full 0):
 garbage-first heap   total 262144K, used 19548K [0x0000000080000000, 0x0000000100000000)
  region size 1024K, 3 young (3072K), 3 survivors (3072K)
 Metaspace       used 27740K, capacity 28433K, committed 28720K, reserved 1075200K
  class space    used 3638K, capacity 3881K, committed 3968K, reserved 1048576K
}
Event: 3.693 GC heap before
{Heap before GC invocations=4 (full 0):
 garbage-first heap   total 262144K, used 71772K [0x0000000080000000, 0x0000000100000000)
  region size 1024K, 55 young (56320K), 3 survivors (3072K)
 Metaspace       used 34926K, capacity 35729K, committed 35888K, reserved 1081344K
  class space    used 4557K, capacity 4889K, committed 4992K, reserved 1048576K
}
Event: 3.701 GC heap after
{Heap after GC invocations=5 (full 0):
 garbage-first heap   total 262144K, used 22484K [0x0000000080000000, 0x0000000100000000)
  region size 1024K, 6 young (6144K), 6 survivors (6144K)
 Metaspace       used 34926K, capacity 35729K, committed 35888K, reserved 1081344K
  class space    used 4557K, capacity 4889K, committed 4992K, reserved 1048576K
}
Event: 4.982 GC heap before
{Heap before GC invocations=6 (full 0):
 garbage-first heap   total 262144K, used 144340K [0x0000000080000000, 0x0000000100000000)
  region size 1024K, 122 young (124928K), 6 survivors (6144K)
 Metaspace       used 45742K, capacity 46877K, committed 46896K, reserved 1089536K
  class space    used 5815K, capacity 6263K, committed 6272K, reserved 1048576K
}
Event: 4.999 GC heap after
{Heap after GC invocations=7 (full 0):
 garbage-first heap   total 262144K, used 30617K [0x0000000080000000, 0x0000000100000000)
  region size 1024K, 14 young (14336K), 14 survivors (14336K)
 Metaspace       used 45742K, capacity 46877K, committed 46896K, reserved 1089536K
  class space    used 5815K, capacity 6263K, committed 6272K, reserved 1048576K
}
Event: 7.996 GC heap before
{Heap before GC invocations=8 (full 0):
 garbage-first heap   total 262144K, used 177049K [0x0000000080000000, 0x0000000100000000)
  region size 1024K, 148 young (151552K), 14 survivors (14336K)
 Metaspace       used 57362K, capacity 58748K, committed 58928K, reserved 1099776K
  class space    used 7233K, capacity 7784K, committed 7808K, reserved 1048576K
}
Event: 8.010 GC heap after
{Heap after GC invocations=9 (full 0):
 garbage-first heap   total 262144K, used 51101K [0x0000000080000000, 0x0000000100000000)
  region size 1024K, 19 young (19456K), 19 survivors (19456K)
 Metaspace       used 57362K, capacity 58748K, committed 58928K, reserved 1099776K
  class space    used 7233K, capacity 7784K, committed 7808K, reserved 1048576K
}
Event: 9.663 GC heap before
{Heap before GC invocations=9 (full 0):
 garbage-first heap   total 262144K, used 195485K [0x0000000080000000, 0x0000000100000000)
  region size 1024K, 153 young (156672K), 19 survivors (19456K)
 Metaspace       used 70217K, capacity 71844K, committed 71984K, reserved 1112064K
  class space    used 8885K, capacity 9528K, committed 9600K, reserved 1048576K
}
Event: 9.677 GC heap after
{Heap after GC invocations=10 (full 0):
 garbage-first heap   total 262144K, used 61041K [0x0000000080000000, 0x0000000100000000)
  region size 1024K, 10 young (10240K), 10 survivors (10240K)
 Metaspace       used 70217K, capacity 71844K, committed 71984K, reserved 1112064K
  class space    used 8885K, capacity 9528K, committed 9600K, reserved 1048576K
}

Deoptimization events (20 events):
Event: 9.863 Thread 0x000001cc02813000 Uncommon trap: trap_request=0xffffff4d fr.pc=0x000001cc7163e1d4 relative=0x0000000000000914
Event: 9.863 Thread 0x000001cc02813000 Uncommon trap: reason=unstable_if action=reinterpret pc=0x000001cc7163e1d4 method=java.lang.Integer.stringSize(I)I @ 19 c2
Event: 9.863 Thread 0x000001cc02813000 DEOPT PACKING pc=0x000001cc7163e1d4 sp=0x0000003c08af8a80
Event: 9.864 Thread 0x000001cc02813000 DEOPT UNPACKING pc=0x000001cc69aca1af sp=0x0000003c08af89c8 mode 2
Event: 9.872 Thread 0x000001cc02813000 Uncommon trap: trap_request=0xffffffbe fr.pc=0x000001cc719bc6dc relative=0x0000000000002d7c
Event: 9.872 Thread 0x000001cc02813000 Uncommon trap: reason=profile_predicate action=maybe_recompile pc=0x000001cc719bc6dc method=java.util.TreeMap.put(Ljava/lang/Object;Ljava/lang/Object;)Ljava/lang/Object; @ 55 c2
Event: 9.872 Thread 0x000001cc02813000 DEOPT PACKING pc=0x000001cc719bc6dc sp=0x0000003c08af8600
Event: 9.872 Thread 0x000001cc02813000 DEOPT UNPACKING pc=0x000001cc69aca1af sp=0x0000003c08af85d0 mode 2
Event: 9.967 Thread 0x000001cc02813000 Uncommon trap: trap_request=0xffffff4d fr.pc=0x000001cc7190036c relative=0x0000000000002d8c
Event: 9.967 Thread 0x000001cc02813000 Uncommon trap: reason=unstable_if action=reinterpret pc=0x000001cc7190036c method=sun.net.www.protocol.jar.Handler.parseURL(Ljava/net/URL;Ljava/lang/String;II)V @ 116 c2
Event: 9.967 Thread 0x000001cc02813000 DEOPT PACKING pc=0x000001cc7190036c sp=0x0000003c08af7750
Event: 9.967 Thread 0x000001cc02813000 DEOPT UNPACKING pc=0x000001cc69aca1af sp=0x0000003c08af7710 mode 2
Event: 9.969 Thread 0x000001cc02813000 Uncommon trap: trap_request=0xffffff4d fr.pc=0x000001cc719c9a98 relative=0x0000000000001878
Event: 9.969 Thread 0x000001cc02813000 Uncommon trap: reason=unstable_if action=reinterpret pc=0x000001cc719c9a98 method=java.util.regex.Pattern.escape(ZZZ)I @ 8 c2
Event: 9.969 Thread 0x000001cc02813000 DEOPT PACKING pc=0x000001cc719c9a98 sp=0x0000003c08af73a0
Event: 9.969 Thread 0x000001cc02813000 DEOPT UNPACKING pc=0x000001cc69aca1af sp=0x0000003c08af7340 mode 2
Event: 10.160 Thread 0x000001cc02813000 Uncommon trap: trap_request=0xffffff4d fr.pc=0x000001cc71735280 relative=0x0000000000000340
Event: 10.160 Thread 0x000001cc02813000 Uncommon trap: reason=unstable_if action=reinterpret pc=0x000001cc71735280 method=java.util.StringJoiner.add(Ljava/lang/CharSequence;)Ljava/util/StringJoiner; @ 33 c2
Event: 10.160 Thread 0x000001cc02813000 DEOPT PACKING pc=0x000001cc71735280 sp=0x0000003c08af50b0
Event: 10.160 Thread 0x000001cc02813000 DEOPT UNPACKING pc=0x000001cc69aca1af sp=0x0000003c08af5060 mode 2

Classes redefined (0 events):
No events

Internal exceptions (20 events):
Event: 10.113 Thread 0x000001cc02813000 Exception <a 'java/lang/ClassNotFoundException'{0x000000008e5baf58}: org/jetbrains/kotlin/gradle/targets/js/npm/DefaultPeerNpmDependencyExtensionBeanInfo> (0x000000008e5baf58) thrown at [src/hotspot/share/classfile/systemDictionary.cpp, line 230]
Event: 10.113 Thread 0x000001cc02813000 Exception <a 'java/lang/ClassNotFoundException'{0x000000008e5dca38}: org/jetbrains/kotlin/gradle/targets/js/npm/DefaultPeerNpmDependencyExtensionCustomizer> (0x000000008e5dca38) thrown at [src/hotspot/share/classfile/systemDictionary.cpp, line 230]
Event: 10.116 Thread 0x000001cc02813000 Exception <a 'java/lang/ClassNotFoundException'{0x000000008e4427a0}: org/jetbrains/kotlin/gradle/targets/js/npm/DefaultPeerNpmDependencyExtension$delegate$1BeanInfo> (0x000000008e4427a0) thrown at [src/hotspot/share/classfile/systemDictionary.cpp, line 230]
Event: 10.116 Thread 0x000001cc02813000 Exception <a 'java/lang/ClassNotFoundException'{0x000000008e465c38}: org/jetbrains/kotlin/gradle/targets/js/npm/DefaultPeerNpmDependencyExtension$delegate$1Customizer> (0x000000008e465c38) thrown at [src/hotspot/share/classfile/systemDictionary.cpp, line 230]
Event: 10.129 Thread 0x000001cc02813000 Exception <a 'java/lang/ClassNotFoundException'{0x000000008e34bc80}: build_3ikh5xn68ckex5k7cikgqy7ujBeanInfo> (0x000000008e34bc80) thrown at [src/hotspot/share/classfile/systemDictionary.cpp, line 230]
Event: 10.130 Thread 0x000001cc02813000 Exception <a 'java/lang/ClassNotFoundException'{0x000000008e3585e0}: build_3ikh5xn68ckex5k7cikgqy7ujCustomizer> (0x000000008e3585e0) thrown at [src/hotspot/share/classfile/systemDictionary.cpp, line 230]
Event: 10.158 Thread 0x000001cc02813000 Exception <a 'java/lang/ClassNotFoundException'{0x000000008e0a44e0}: com/android/build/gradle/internal/dsl/BaseAppModuleExtension_DecoratedBeanInfo> (0x000000008e0a44e0) thrown at [src/hotspot/share/classfile/systemDictionary.cpp, line 230]
Event: 10.158 Thread 0x000001cc02813000 Exception <a 'java/lang/ClassNotFoundException'{0x000000008e0c3e00}: com/android/build/gradle/internal/dsl/BaseAppModuleExtensionBeanInfo> (0x000000008e0c3e00) thrown at [src/hotspot/share/classfile/systemDictionary.cpp, line 230]
Event: 10.158 Thread 0x000001cc02813000 Exception <a 'java/lang/ClassNotFoundException'{0x000000008e0deed8}: com/android/build/gradle/AppExtensionBeanInfo> (0x000000008e0deed8) thrown at [src/hotspot/share/classfile/systemDictionary.cpp, line 230]
Event: 10.159 Thread 0x000001cc02813000 Exception <a 'java/lang/ClassNotFoundException'{0x000000008e0fb798}: com/android/build/gradle/AbstractAppExtensionBeanInfo> (0x000000008e0fb798) thrown at [src/hotspot/share/classfile/systemDictionary.cpp, line 230]
Event: 10.159 Thread 0x000001cc02813000 Exception <a 'java/lang/ClassNotFoundException'{0x000000008df17230}: com/android/build/gradle/TestedExtensionBeanInfo> (0x000000008df17230) thrown at [src/hotspot/share/classfile/systemDictionary.cpp, line 230]
Event: 10.159 Thread 0x000001cc02813000 Exception <a 'java/lang/ClassNotFoundException'{0x000000008df32618}: com/android/build/gradle/BaseExtensionBeanInfo> (0x000000008df32618) thrown at [src/hotspot/share/classfile/systemDictionary.cpp, line 230]
Event: 10.160 Thread 0x000001cc02813000 Exception <a 'java/lang/ClassNotFoundException'{0x000000008df4db28}: com/android/build/gradle/BaseExtensionCustomizer> (0x000000008df4db28) thrown at [src/hotspot/share/classfile/systemDictionary.cpp, line 230]
Event: 10.162 Thread 0x000001cc02813000 Exception <a 'java/lang/ClassNotFoundException'{0x000000008dfc2768}: com/android/build/gradle/TestedExtensionCustomizer> (0x000000008dfc2768) thrown at [src/hotspot/share/classfile/systemDictionary.cpp, line 230]
Event: 10.163 Thread 0x000001cc02813000 Exception <a 'java/lang/ClassNotFoundException'{0x000000008dff94d0}: com/android/build/gradle/AbstractAppExtensionCustomizer> (0x000000008dff94d0) thrown at [src/hotspot/share/classfile/systemDictionary.cpp, line 230]
Event: 10.164 Thread 0x000001cc02813000 Exception <a 'java/lang/ClassNotFoundException'{0x000000008de2b338}: com/android/build/gradle/AppExtensionCustomizer> (0x000000008de2b338) thrown at [src/hotspot/share/classfile/systemDictionary.cpp, line 230]
Event: 10.165 Thread 0x000001cc02813000 Exception <a 'java/lang/ClassNotFoundException'{0x000000008de5fc48}: com/android/build/gradle/internal/dsl/BaseAppModuleExtensionCustomizer> (0x000000008de5fc48) thrown at [src/hotspot/share/classfile/systemDictionary.cpp, line 230]
Event: 10.168 Thread 0x000001cc02813000 Exception <a 'java/lang/ClassNotFoundException'{0x000000008dd52b70}: com/android/build/gradle/internal/dsl/BaseAppModuleExtension_DecoratedCustomizer> (0x000000008dd52b70) thrown at [src/hotspot/share/classfile/systemDictionary.cpp, line 230]
Event: 10.219 Thread 0x000001cc02813000 Exception <a 'java/lang/ClassNotFoundException'{0x000000008d2a5578}: com/android/build/gradle/internal/dsl/DefaultConfig$AgpDecorated_DecoratedBeanInfo> (0x000000008d2a5578) thrown at [src/hotspot/share/classfile/systemDictionary.cpp, line 230]
Event: 10.220 Thread 0x000001cc02813000 Exception <a 'java/lang/ClassNotFoundException'{0x000000008d2c6688}: com/android/build/gradle/internal/dsl/DefaultConfig$AgpDecoratedBeanInfo> (0x000000008d2c6688) thrown at [src/hotspot/share/classfile/systemDictionary.cpp, line 230]

Events (20 events):
Event: 10.167 loading class com/android/build/gradle/internal/dsl/BaseAppModuleExtension_DecoratedCustomizer
Event: 10.167 loading class com/android/build/gradle/internal/dsl/BaseAppModuleExtension_DecoratedCustomizer done
Event: 10.168 loading class com/android/build/gradle/internal/dsl/BaseAppModuleExtension_DecoratedCustomizer
Event: 10.168 loading class com/android/build/gradle/internal/dsl/BaseAppModuleExtension_DecoratedCustomizer done
Event: 10.174 loading class groovy/runtime/metaclass/build_3ikh5xn68ckex5k7cikgqy7uj$_run_closure1$_closure3MetaClass
Event: 10.174 loading class groovy/runtime/metaclass/build_3ikh5xn68ckex5k7cikgqy7uj$_run_closure1$_closure3MetaClass done
Event: 10.174 loading class org/gradle/util/internal/ConfigureUtil
Event: 10.174 loading class org/gradle/util/internal/ConfigureUtil done
Event: 10.174 loading class groovy/runtime/metaclass/com/android/build/gradle/internal/dsl/DefaultConfig$AgpDecorated_DecoratedMetaClass
Event: 10.174 loading class groovy/runtime/metaclass/com/android/build/gradle/internal/dsl/DefaultConfig$AgpDecorated_DecoratedMetaClass done
Event: 10.219 loading class com/android/build/gradle/internal/dsl/DefaultConfig$AgpDecorated_DecoratedBeanInfo
Event: 10.219 loading class com/android/build/gradle/internal/dsl/DefaultConfig$AgpDecorated_DecoratedBeanInfo done
Event: 10.219 loading class com/android/build/gradle/internal/dsl/DefaultConfig$AgpDecorated_DecoratedBeanInfo
Event: 10.219 loading class com/android/build/gradle/internal/dsl/DefaultConfig$AgpDecorated_DecoratedBeanInfo done
Event: 10.219 loading class com/android/build/gradle/internal/dsl/DefaultConfig$AgpDecoratedBeanInfo
Event: 10.219 loading class com/android/build/gradle/internal/dsl/DefaultConfig$AgpDecoratedBeanInfo done
Event: 10.220 loading class com/android/build/gradle/internal/dsl/DefaultConfig$AgpDecoratedBeanInfo
Event: 10.220 loading class com/android/build/gradle/internal/dsl/DefaultConfig$AgpDecoratedBeanInfo done
Event: 10.220 loading class com/android/build/gradle/internal/dsl/DefaultConfigBeanInfo
Event: 10.220 loading class com/android/build/gradle/internal/dsl/DefaultConfigBeanInfo done


Dynamic libraries:
0x00007ff6c3fd0000 - 0x00007ff6c3fda000 	C:\Program Files\Android\Android Studio\jbr\bin\java.exe
0x00007ff933240000 - 0x00007ff93342e000 	C:\Windows\SYSTEM32\ntdll.dll
0x00007ff931560000 - 0x00007ff931613000 	C:\Windows\System32\KERNEL32.DLL
0x00007ff92f8b0000 - 0x00007ff92fb4c000 	C:\Windows\System32\KERNELBASE.dll
0x00007ff930370000 - 0x00007ff93046a000 	C:\Windows\System32\ucrtbase.dll
0x00007ff8ef350000 - 0x00007ff8ef367000 	C:\Program Files\Android\Android Studio\jbr\bin\jli.dll
0x00007ff8e1d00000 - 0x00007ff8e1d1b000 	C:\Program Files\Android\Android Studio\jbr\bin\VCRUNTIME140.dll
0x00007ff9312a0000 - 0x00007ff931438000 	C:\Windows\System32\USER32.dll
0x00007ff919df0000 - 0x00007ff91a069000 	C:\Windows\WinSxS\amd64_microsoft.windows.common-controls_6595b64144ccf1df_6.0.17763.4131_none_de70d21e534b9adf\COMCTL32.dll
0x00007ff92f2e0000 - 0x00007ff92f300000 	C:\Windows\System32\win32u.dll
0x00007ff930f40000 - 0x00007ff930fde000 	C:\Windows\System32\msvcrt.dll
0x00007ff930d70000 - 0x00007ff930d99000 	C:\Windows\System32\GDI32.dll
0x00007ff92f480000 - 0x00007ff92f620000 	C:\Windows\System32\gdi32full.dll
0x00007ff930a40000 - 0x00007ff930d6c000 	C:\Windows\System32\combase.dll
0x00007ff92f300000 - 0x00007ff92f3a0000 	C:\Windows\System32\msvcp_win.dll
0x00007ff931440000 - 0x00007ff93155d000 	C:\Windows\System32\RPCRT4.dll
0x00007ff92f620000 - 0x00007ff92f6a2000 	C:\Windows\System32\bcryptPrimitives.dll
0x00007ff930470000 - 0x00007ff93049e000 	C:\Windows\System32\IMM32.DLL
0x00007ff8d0800000 - 0x00007ff8d088d000 	C:\Program Files\Android\Android Studio\jbr\bin\msvcp140.dll
0x00007ff91ce10000 - 0x00007ff91ce1c000 	C:\Windows\SYSTEM32\VCRUNTIME140_1.dll
0x00007ff8cf1b0000 - 0x00007ff8cfd6c000 	C:\Program Files\Android\Android Studio\jbr\bin\server\jvm.dll
0x00007ff930e90000 - 0x00007ff930f37000 	C:\Windows\System32\ADVAPI32.dll
0x00007ff933170000 - 0x00007ff93320f000 	C:\Windows\System32\sechost.dll
0x00007ff9304a0000 - 0x00007ff9304a8000 	C:\Windows\System32\PSAPI.DLL
0x00007ff91b710000 - 0x00007ff91b719000 	C:\Windows\SYSTEM32\WSOCK32.dll
0x00007ff9254f0000 - 0x00007ff9254fa000 	C:\Windows\SYSTEM32\VERSION.dll
0x00007ff92c290000 - 0x00007ff92c2b4000 	C:\Windows\SYSTEM32\WINMM.dll
0x00007ff930e00000 - 0x00007ff930e6d000 	C:\Windows\System32\WS2_32.dll
0x00007ff92c030000 - 0x00007ff92c05d000 	C:\Windows\SYSTEM32\winmmbase.dll
0x00007ff930300000 - 0x00007ff93034a000 	C:\Windows\System32\cfgmgr32.dll
0x00007ff92f210000 - 0x00007ff92f221000 	C:\Windows\System32\kernel.appcore.dll
0x00007ff92c420000 - 0x00007ff92c430000 	C:\Program Files\Android\Android Studio\jbr\bin\verify.dll
0x00007ff92d9e0000 - 0x00007ff92dbcd000 	C:\Windows\SYSTEM32\DBGHELP.DLL
0x00007ff91b9d0000 - 0x00007ff91b9fa000 	C:\Windows\SYSTEM32\dbgcore.DLL
0x00007ff9128c0000 - 0x00007ff9128e8000 	C:\Program Files\Android\Android Studio\jbr\bin\java.dll
0x00007ff92a550000 - 0x00007ff92a55a000 	C:\Program Files\Android\Android Studio\jbr\bin\jimage.dll
0x00007ff927bd0000 - 0x00007ff927be8000 	C:\Program Files\Android\Android Studio\jbr\bin\zip.dll
0x00007ff931c70000 - 0x00007ff933168000 	C:\Windows\System32\SHELL32.dll
0x00007ff930ff0000 - 0x00007ff931097000 	C:\Windows\System32\shcore.dll
0x00007ff92fb50000 - 0x00007ff930299000 	C:\Windows\System32\windows.storage.dll
0x00007ff92f2b0000 - 0x00007ff92f2d3000 	C:\Windows\System32\profapi.dll
0x00007ff92f230000 - 0x00007ff92f28d000 	C:\Windows\System32\powrprof.dll
0x00007ff930da0000 - 0x00007ff930df2000 	C:\Windows\System32\shlwapi.dll
0x00007ff930350000 - 0x00007ff93036b000 	C:\Windows\System32\cryptsp.dll
0x00007ff90c180000 - 0x00007ff90c199000 	C:\Program Files\Android\Android Studio\jbr\bin\net.dll
0x00007ff925c40000 - 0x00007ff925d3f000 	C:\Windows\SYSTEM32\WINHTTP.dll
0x00007ff92ea60000 - 0x00007ff92eac7000 	C:\Windows\system32\mswsock.dll
0x00007ff90a490000 - 0x00007ff90a4a3000 	C:\Program Files\Android\Android Studio\jbr\bin\nio.dll
0x00007ff8ef150000 - 0x00007ff8ef177000 	C:\Users\Ranialvz-PC\.gradle\native\e1d6ef7f7dcc3fd88c89a11ec53ec762bb8ba0a96d01ffa2cd45eb1d1d8dd5c5\windows-amd64\native-platform.dll
0x00007ff8d05b0000 - 0x00007ff8d06f4000 	C:\Users\Ranialvz-PC\.gradle\native\0d407fdbe67a94daf76414ababcb853783967236a71b16ec16e742cd7a986fd3\windows-amd64\native-platform-file-events.dll
0x00007ff92a540000 - 0x00007ff92a54a000 	C:\Program Files\Android\Android Studio\jbr\bin\management.dll
0x00007ff92a3e0000 - 0x00007ff92a3eb000 	C:\Program Files\Android\Android Studio\jbr\bin\management_ext.dll
0x00007ff92e5e0000 - 0x00007ff92e613000 	C:\Windows\system32\rsaenh.dll
0x00007ff92f450000 - 0x00007ff92f476000 	C:\Windows\System32\bcrypt.dll
0x00007ff92f140000 - 0x00007ff92f169000 	C:\Windows\SYSTEM32\USERENV.dll
0x00007ff92ec30000 - 0x00007ff92ec3c000 	C:\Windows\SYSTEM32\CRYPTBASE.dll
0x00007ff92e770000 - 0x00007ff92e7ad000 	C:\Windows\SYSTEM32\IPHLPAPI.DLL
0x00007ff930fe0000 - 0x00007ff930fe8000 	C:\Windows\System32\NSI.dll
0x00007ff928f50000 - 0x00007ff928f66000 	C:\Windows\SYSTEM32\dhcpcsvc6.DLL
0x00007ff928f20000 - 0x00007ff928f3c000 	C:\Windows\SYSTEM32\dhcpcsvc.DLL
0x00007ff92e7b0000 - 0x00007ff92e876000 	C:\Windows\SYSTEM32\DNSAPI.dll
0x00007ff9036b0000 - 0x00007ff9036d7000 	C:\Program Files\Android\Android Studio\jbr\bin\sunec.dll
0x0000000074ed0000 - 0x0000000074ef6000 	C:\Program Files\Bonjour\mdnsNSP.dll
0x00007ff91ee00000 - 0x00007ff91ee0a000 	C:\Windows\System32\rasadhlp.dll
0x00007ff9274f0000 - 0x00007ff927569000 	C:\Windows\System32\fwpuclnt.dll

dbghelp: loaded successfully - version: 4.0.5 - missing functions: none
symbol engine: initialized successfully - sym options: 0x614 - pdb path: .;C:\Program Files\Android\Android Studio\jbr\bin;C:\Windows\SYSTEM32;C:\Windows\WinSxS\amd64_microsoft.windows.common-controls_6595b64144ccf1df_6.0.17763.4131_none_de70d21e534b9adf;C:\Program Files\Android\Android Studio\jbr\bin\server;C:\Users\Ranialvz-PC\.gradle\native\e1d6ef7f7dcc3fd88c89a11ec53ec762bb8ba0a96d01ffa2cd45eb1d1d8dd5c5\windows-amd64;C:\Users\Ranialvz-PC\.gradle\native\0d407fdbe67a94daf76414ababcb853783967236a71b16ec16e742cd7a986fd3\windows-amd64;C:\Program Files\Bonjour

VM Arguments:
jvm_args: --add-opens=java.base/java.util=ALL-UNNAMED --add-opens=java.base/java.lang=ALL-UNNAMED --add-opens=java.base/java.lang.invoke=ALL-UNNAMED --add-opens=java.base/java.util=ALL-UNNAMED --add-opens=java.prefs/java.util.prefs=ALL-UNNAMED --add-opens=java.prefs/java.util.prefs=ALL-UNNAMED --add-opens=java.base/java.nio.charset=ALL-UNNAMED --add-opens=java.base/java.net=ALL-UNNAMED --add-opens=java.base/java.util.concurrent.atomic=ALL-UNNAMED -Xmx2048m -Dfile.encoding=UTF-8 -Duser.country=US -Duser.language=en -Duser.variant 
java_command: org.gradle.launcher.daemon.bootstrap.GradleDaemon 7.5
java_class_path (initial): C:\Users\Ranialvz-PC\.gradle\wrapper\dists\gradle-7.5-bin\f1w0cc9nuo0eivz97x2xlu9sv\gradle-7.5\lib\gradle-launcher-7.5.jar
Launcher Type: SUN_STANDARD

[Global flags]
     intx CICompilerCount                          = 4                                         {product} {ergonomic}
     uint ConcGCThreads                            = 2                                         {product} {ergonomic}
     uint G1ConcRefinementThreads                  = 8                                         {product} {ergonomic}
   size_t G1HeapRegionSize                         = 1048576                                   {product} {ergonomic}
    uintx GCDrainStackTargetSize                   = 64                                        {product} {ergonomic}
   size_t InitialHeapSize                          = 268435456                                 {product} {ergonomic}
   size_t MarkStackSize                            = 4194304                                   {product} {ergonomic}
   size_t MaxHeapSize                              = 2147483648                                {product} {command line}
   size_t MaxNewSize                               = 1287651328                                {product} {ergonomic}
   size_t MinHeapDeltaBytes                        = 1048576                                   {product} {ergonomic}
    uintx NonNMethodCodeHeapSize                   = 5836300                                {pd product} {ergonomic}
    uintx NonProfiledCodeHeapSize                  = 122910970                              {pd product} {ergonomic}
    uintx ProfiledCodeHeapSize                     = 122910970                              {pd product} {ergonomic}
    uintx ReservedCodeCacheSize                    = 251658240                              {pd product} {ergonomic}
     bool SegmentedCodeCache                       = true                                      {product} {ergonomic}
     bool UseCompressedClassPointers               = true                                 {lp64_product} {ergonomic}
     bool UseCompressedOops                        = true                                 {lp64_product} {ergonomic}
     bool UseG1GC                                  = true                                      {product} {ergonomic}
     bool UseLargePagesIndividualAllocation        = false                                  {pd product} {ergonomic}

Logging:
Log output configuration:
 #0: stdout all=warning uptime,level,tags
 #1: stderr all=off uptime,level,tags

Environment Variables:
PATH=C:\Windows\system32;C:\Windows;C:\Windows\System32\Wbem;C:\Windows\System32\WindowsPowerShell\v1.0\;C:\Windows\System32\OpenSSH\;C:\Program Files\PuTTY\;I:\git\Git\cmd;C:\Program Files\dotnet\;C:\Users\Ranialvz-PC\AppData\Local\Programs\Python\Python311\Scripts\;C:\Users\Ranialvz-PC\AppData\Local\Programs\Python\Python311\;C:\Users\Ranialvz-PC\AppData\Local\Microsoft\WindowsApps;I:\intel\IntelliJ IDEA Community Edition 2022.3.2\bin;;C:\Users\Ranialvz-PC\AppData\Local\GitHubDesktop\bin
USERNAME=Ranialvz-PC
OS=Windows_NT
PROCESSOR_IDENTIFIER=Intel64 Family 6 Model 60 Stepping 3, GenuineIntel



---------------  S Y S T E M  ---------------

OS: Windows 10 , 64 bit Build 17763 (10.0.17763.4131)
OS uptime: 0 days 8:27 hours

CPU:total 8 (initial active 8) (4 cores per cpu, 2 threads per core) family 6 model 60 stepping 3 microcode 0x28, cmov, cx8, fxsr, mmx, sse, sse2, sse3, ssse3, sse4.1, sse4.2, popcnt, avx, avx2, aes, clmul, erms, lzcnt, ht, tsc, tscinvbit, bmi1, bmi2, fma

Memory: 4k page, system-wide physical 16318M (1282M free)
TotalPageFile size 18366M (AvailPageFile size 5M)
current process WorkingSet (physical memory assigned to process): 465M, peak: 465M
current process commit charge ("private bytes"): 536M, peak: 537M

vm_info: OpenJDK 64-Bit Server VM (11.0.15+0-b2043.56-8887301) for windows-amd64 JRE (11.0.15+0-b2043.56-8887301), built on Jul 29 2022 23:19:47 by "builduser" with unknown MS VC++:1929

END.
