#
# There is insufficient memory for the Java Runtime Environment to continue.
# Native memory allocation (malloc) failed to allocate 1157856 bytes for Chunk::new
# Possible reasons:
#   The system is out of physical RAM or swap space
#   The process is running with CompressedOops enabled, and the Java Heap may be blocking the growth of the native heap
# Possible solutions:
#   Reduce memory load on the system
#   Increase physical memory or swap space
#   Check if swap backing store is full
#   Decrease Java heap size (-Xmx/-Xms)
#   Decrease number of Java threads
#   Decrease Java thread stack sizes (-Xss)
#   Set larger code cache with -XX:ReservedCodeCacheSize=
#   JVM is running with Unscaled Compressed Oops mode in which the Java heap is
#     placed in the first 4GB address space. The Java Heap base address is the
#     maximum limit for the native heap growth. Please use -XX:HeapBaseMinAddress
#     to set the Java Heap base and to place the Java Heap above 4GB virtual address.
# This output file may be truncated or incomplete.
#
#  Out of Memory Error (src/hotspot/share/memory/arena.cpp:197), pid=6896, tid=11260
#
# JRE version: OpenJDK Runtime Environment (11.0.15) (build 11.0.15+0-b2043.56-8887301)
# Java VM: OpenJDK 64-Bit Server VM (11.0.15+0-b2043.56-8887301, mixed mode, tiered, compressed oops, g1 gc, windows-amd64)
# No core dump will be written. Minidumps are not enabled by default on client versions of Windows
#

---------------  S U M M A R Y ------------

Command Line: --add-opens=java.base/java.util=ALL-UNNAMED --add-opens=java.base/java.lang=ALL-UNNAMED --add-opens=java.base/java.lang.invoke=ALL-UNNAMED --add-opens=java.base/java.util=ALL-UNNAMED --add-opens=java.prefs/java.util.prefs=ALL-UNNAMED --add-opens=java.prefs/java.util.prefs=ALL-UNNAMED --add-opens=java.base/java.nio.charset=ALL-UNNAMED --add-opens=java.base/java.net=ALL-UNNAMED --add-opens=java.base/java.util.concurrent.atomic=ALL-UNNAMED -Xmx2048m -Dfile.encoding=UTF-8 -Duser.country=US -Duser.language=en -Duser.variant org.gradle.launcher.daemon.bootstrap.GradleDaemon 7.5

Host: Intel(R) Core(TM) i7-4790 CPU @ 3.60GHz, 8 cores, 15G,  Windows 10 , 64 bit Build 17763 (10.0.17763.4131)
Time: Sun Mar 26 02:11:50 2023 Taipei Standard Time elapsed time: 4967.322103 seconds (0d 1h 22m 47s)

---------------  T H R E A D  ---------------

Current thread (0x000002565fc50800):  JavaThread "C2 CompilerThread0" daemon [_thread_in_native, id=11260, stack(0x0000007847d00000,0x0000007847e00000)]


Current CompileTask:
C2:4967322 36499       4       com.android.tools.r8.internal.wh::a (1086 bytes)

Stack: [0x0000007847d00000,0x0000007847e00000]
Native frames: (J=compiled Java code, j=interpreted, Vv=VM code, C=native code)
V  [jvm.dll+0x64135a]
V  [jvm.dll+0x7d39f9]
V  [jvm.dll+0x7d51b9]
V  [jvm.dll+0x7d58a3]
V  [jvm.dll+0x2691c5]
V  [jvm.dll+0xc1a5c]
V  [jvm.dll+0xc200c]
V  [jvm.dll+0x2da2c2]
V  [jvm.dll+0x54cad9]
V  [jvm.dll+0x220c9d]
V  [jvm.dll+0x223152]
V  [jvm.dll+0x220384]
V  [jvm.dll+0x19e851]
V  [jvm.dll+0x230479]
V  [jvm.dll+0x22e5ef]
V  [jvm.dll+0x794de1]
V  [jvm.dll+0x78dc24]
V  [jvm.dll+0x6400f6]
C  [ucrtbase.dll+0x2268a]
C  [KERNEL32.DLL+0x17ab4]
C  [ntdll.dll+0x5a351]


---------------  P R O C E S S  ---------------

Threads class SMR info:
_java_thread_list=0x00000256605369a0, length=158, elements={
0x0000025642f06800, 0x000002565fbde000, 0x000002565fbea800, 0x000002565fc3e800,
0x000002565fc3f800, 0x000002565fc41000, 0x000002565fc50800, 0x000002565fc55800,
0x000002565fc65000, 0x000002565fdcb000, 0x00000256616ab800, 0x000002565fdee000,
0x0000025661794800, 0x000002566230b800, 0x0000025661d73800, 0x00000256622d8000,
0x00000256622d9800, 0x00000256622dc000, 0x00000256622dc800, 0x00000256622dd800,
0x0000025663266000, 0x0000025663260000, 0x0000025663263800, 0x0000025663261000,
0x0000025663262800, 0x0000025664d66800, 0x0000025664d68800, 0x0000025664d6f800,
0x0000025664d6d800, 0x0000025666e5c800, 0x0000025666e59000, 0x0000025666f3d000,
0x0000025666f3e800, 0x0000025666f3c000, 0x0000025663264800, 0x0000025663268800,
0x0000025664d65000, 0x0000025664d62000, 0x0000025664d63800, 0x0000025666f3d800,
0x000002566326f000, 0x0000025664b94800, 0x0000025664b96800, 0x0000025664b97000,
0x0000025664b95800, 0x0000025663269000, 0x0000025664d6a000, 0x0000025664b99800,
0x0000025664b9a800, 0x0000025664b9b000, 0x0000025664b98000, 0x0000025664b98800,
0x000002566af4e800, 0x000002566af4a800, 0x000002566af4d000, 0x000002566af4e000,
0x000002566af4f800, 0x000002566af4c000, 0x000002566af51000, 0x000002566af4b800,
0x000002566af56000, 0x000002566af54800, 0x000002566af52800, 0x000002566af52000,
0x000002566af57000, 0x000002566af57800, 0x000002566af55000, 0x000002566af58800,
0x000002566af59000, 0x000002566af53800, 0x0000025662010800, 0x000002566200d800,
0x000002566200c800, 0x000002566200b000, 0x000002566200f000, 0x0000025662010000,
0x000002566200b800, 0x0000025662014800, 0x0000025662013000, 0x0000025662015800,
0x0000025662016800, 0x0000025662017000, 0x0000025662014000, 0x0000025662011800,
0x0000025662018000, 0x0000025662012000, 0x0000025662019000, 0x0000025662019800,
0x000002566ceab000, 0x000002566cea7000, 0x000002566cea5800, 0x000002566ceaa000,
0x000002566ceac000, 0x000002566ceac800, 0x000002566cead800, 0x000002566cea8800,
0x000002566cea9800, 0x000002566cea7800, 0x000002566ceb4000, 0x000002566ceaf000,
0x000002566ceb3000, 0x000002566ceb0000, 0x000002566ceb0800, 0x000002566ceae000,
0x000002566ceb1800, 0x000002566ceb2800, 0x0000025666e51000, 0x0000025666e53800,
0x0000025666e52800, 0x0000025666e55000, 0x0000025666e54800, 0x0000025666e50000,
0x0000025666e5b000, 0x0000025666e5a000, 0x0000025666e57800, 0x0000025666e5b800,
0x0000025666e58800, 0x0000025666e56000, 0x0000025666e56800, 0x0000025666e5f000,
0x0000025666e5d000, 0x0000025666e5e000, 0x0000025666f41800, 0x0000025666f44000,
0x0000025666f40000, 0x0000025666f41000, 0x0000025666f43800, 0x0000025666f42800,
0x0000025666f45000, 0x0000025666f3f800, 0x0000025666f46800, 0x0000025666f46000,
0x0000025666f48000, 0x0000025666f47800, 0x0000025666f49000, 0x0000025666f4a000,
0x0000025666f4a800, 0x0000025664d66000, 0x0000025664d67800, 0x0000025664d64800,
0x0000025664d62800, 0x0000025664d6f000, 0x0000025664d69000, 0x0000025664d6b000,
0x0000025664d70800, 0x0000025664d6b800, 0x0000025664d6c800, 0x0000025663265000,
0x0000025663267800, 0x000002566326b000, 0x000002566326d000, 0x000002566326a000,
0x000002566326c800, 0x000002566326b800, 0x000002566326e000, 0x00000256622da000,
0x00000256622d8800, 0x0000025661106000
}

Java Threads: ( => current thread )
  0x0000025642f06800 JavaThread "main" [_thread_blocked, id=1704, stack(0x0000007847100000,0x0000007847200000)]
  0x000002565fbde000 JavaThread "Reference Handler" daemon [_thread_blocked, id=7468, stack(0x0000007847800000,0x0000007847900000)]
  0x000002565fbea800 JavaThread "Finalizer" daemon [_thread_blocked, id=4316, stack(0x0000007847900000,0x0000007847a00000)]
  0x000002565fc3e800 JavaThread "Signal Dispatcher" daemon [_thread_blocked, id=7904, stack(0x0000007847a00000,0x0000007847b00000)]
  0x000002565fc3f800 JavaThread "Attach Listener" daemon [_thread_blocked, id=12044, stack(0x0000007847b00000,0x0000007847c00000)]
  0x000002565fc41000 JavaThread "Service Thread" daemon [_thread_blocked, id=7432, stack(0x0000007847c00000,0x0000007847d00000)]
=>0x000002565fc50800 JavaThread "C2 CompilerThread0" daemon [_thread_in_native, id=11260, stack(0x0000007847d00000,0x0000007847e00000)]
  0x000002565fc55800 JavaThread "C1 CompilerThread0" daemon [_thread_blocked, id=8140, stack(0x0000007847e00000,0x0000007847f00000)]
  0x000002565fc65000 JavaThread "Sweeper thread" daemon [_thread_blocked, id=8408, stack(0x0000007847f00000,0x0000007848000000)]
  0x000002565fdcb000 JavaThread "Common-Cleaner" daemon [_thread_blocked, id=8028, stack(0x0000007848000000,0x0000007848100000)]
  0x00000256616ab800 JavaThread "Daemon health stats" [_thread_blocked, id=9760, stack(0x0000007848900000,0x0000007848a00000)]
  0x000002565fdee000 JavaThread "Incoming local TCP Connector on port 51706" [_thread_in_native, id=10432, stack(0x0000007848200000,0x0000007848300000)]
  0x0000025661794800 JavaThread "Daemon periodic checks" [_thread_blocked, id=8688, stack(0x0000007848300000,0x0000007848400000)]
  0x000002566230b800 JavaThread "Cache worker for journal cache (C:\Users\Ranialvz-PC\.gradle\caches\journal-1)" [_thread_blocked, id=10556, stack(0x0000007849100000,0x0000007849200000)]
  0x0000025661d73800 JavaThread "File lock request listener" [_thread_in_native, id=1844, stack(0x0000007849200000,0x0000007849300000)]
  0x00000256622d8000 JavaThread "Cache worker for file hash cache (C:\Users\Ranialvz-PC\.gradle\caches\7.5\fileHashes)" [_thread_blocked, id=7004, stack(0x0000007849300000,0x0000007849400000)]
  0x00000256622d9800 JavaThread "File watcher server" daemon [_thread_in_native, id=1432, stack(0x0000007849900000,0x0000007849a00000)]
  0x00000256622dc000 JavaThread "File watcher consumer" daemon [_thread_blocked, id=1340, stack(0x0000007849a00000,0x0000007849b00000)]
  0x00000256622dc800 JavaThread "Cache worker for file content cache (C:\Users\Ranialvz-PC\.gradle\caches\7.5\fileContent)" [_thread_blocked, id=10108, stack(0x0000007849e00000,0x0000007849f00000)]
  0x00000256622dd800 JavaThread "Cache worker for execution history cache (C:\Users\Ranialvz-PC\.gradle\caches\7.5\executionHistory)" [_thread_blocked, id=9008, stack(0x000000784a100000,0x000000784a200000)]
  0x0000025663266000 JavaThread "jar transforms" [_thread_blocked, id=12060, stack(0x000000784a200000,0x000000784a300000)]
  0x0000025663260000 JavaThread "jar transforms Thread 2" [_thread_blocked, id=9072, stack(0x000000784a300000,0x000000784a400000)]
  0x0000025663263800 JavaThread "jar transforms Thread 3" [_thread_blocked, id=500, stack(0x000000784a400000,0x000000784a500000)]
  0x0000025663261000 JavaThread "jar transforms Thread 4" [_thread_blocked, id=4204, stack(0x000000784a500000,0x000000784a600000)]
  0x0000025663262800 JavaThread "jar transforms Thread 5" [_thread_blocked, id=6240, stack(0x000000784a700000,0x000000784a800000)]
  0x0000025664d66800 JavaThread "jar transforms Thread 6" [_thread_blocked, id=10912, stack(0x000000784f900000,0x000000784fa00000)]
  0x0000025664d68800 JavaThread "jar transforms Thread 7" [_thread_blocked, id=9920, stack(0x000000784fa00000,0x000000784fb00000)]
  0x0000025664d6f800 JavaThread "jar transforms Thread 8" [_thread_blocked, id=6232, stack(0x000000784fb00000,0x000000784fc00000)]
  0x0000025664d6d800 JavaThread "Memory manager" [_thread_blocked, id=11732, stack(0x000000784fd00000,0x000000784fe00000)]
  0x0000025666e5c800 JavaThread "RMI Scheduler(0)" daemon [_thread_blocked, id=12176, stack(0x0000007849800000,0x0000007849900000)]
  0x0000025666e59000 JavaThread "RMI GC Daemon" daemon [_thread_blocked, id=1472, stack(0x0000007851100000,0x0000007851200000)]
  0x0000025666f3d000 JavaThread "RMI TCP Accept-0" daemon [_thread_in_native, id=1280, stack(0x0000007851200000,0x0000007851300000)]
  0x0000025666f3e800 JavaThread "RMI Reaper" [_thread_blocked, id=11340, stack(0x0000007851300000,0x0000007851400000)]
  0x0000025666f3c000 JavaThread "Cache worker for Java compile cache (C:\Users\Ranialvz-PC\.gradle\caches\7.5\javaCompile)" [_thread_blocked, id=8516, stack(0x0000007851800000,0x0000007851900000)]
  0x0000025663264800 JavaThread "ForkJoinPool.commonPool-worker-9" daemon [_thread_blocked, id=11312, stack(0x0000007851b00000,0x0000007851c00000)]
  0x0000025663268800 JavaThread "ForkJoinPool.commonPool-worker-1" daemon [_thread_blocked, id=7744, stack(0x0000007851c00000,0x0000007851d00000)]
  0x0000025664d65000 JavaThread "ForkJoinPool.commonPool-worker-5" daemon [_thread_blocked, id=8860, stack(0x0000007850900000,0x0000007850a00000)]
  0x0000025664d62000 JavaThread "Daemon Thread 25" [_thread_blocked, id=7408, stack(0x0000007846e00000,0x0000007846f00000)]
  0x0000025664d63800 JavaThread "Daemon worker Thread 25" [_thread_blocked, id=8088, stack(0x0000007848a00000,0x0000007848b00000)]
  0x0000025666f3d800 JavaThread "RMI TCP Connection(93)-127.0.0.1" daemon [_thread_in_native, id=10808, stack(0x0000007850b00000,0x0000007850c00000)]
  0x000002566326f000 JavaThread "RMI TCP Connection(94)-127.0.0.1" daemon [_thread_in_native, id=7152, stack(0x0000007850a00000,0x0000007850b00000)]
  0x0000025664b94800 JavaThread "ForkJoinPool.commonPool-worker-13" daemon [_thread_blocked, id=7940, stack(0x0000007851d00000,0x0000007851e00000)]
  0x0000025664b96800 JavaThread "ForkJoinPool.commonPool-worker-15" daemon [_thread_blocked, id=11756, stack(0x0000007851e00000,0x0000007851f00000)]
  0x0000025664b97000 JavaThread "ForkJoinPool.commonPool-worker-3" daemon [_thread_blocked, id=7200, stack(0x0000007851f00000,0x0000007852000000)]
  0x0000025664b95800 JavaThread "ForkJoinPool.commonPool-worker-7" daemon [_thread_blocked, id=2556, stack(0x0000007852000000,0x0000007852100000)]
  0x0000025663269000 JavaThread "included builds" [_thread_blocked, id=8092, stack(0x000000784f800000,0x000000784f900000)]
  0x0000025664d6a000 JavaThread "included builds" [_thread_blocked, id=8536, stack(0x000000784fe00000,0x000000784ff00000)]
  0x0000025664b99800 JavaThread "Handler for socket connection from /127.0.0.1:51706 to /127.0.0.1:55790" [_thread_in_native, id=10228, stack(0x0000007846f00000,0x0000007847000000)]
  0x0000025664b9a800 JavaThread "Cancel handler" [_thread_blocked, id=8540, stack(0x0000007847000000,0x0000007847100000)]
  0x0000025664b9b000 JavaThread "Asynchronous log dispatcher for DefaultDaemonConnection: socket connection from /127.0.0.1:51706 to /127.0.0.1:55790" [_thread_blocked, id=2276, stack(0x0000007848b00000,0x0000007848c00000)]
  0x0000025664b98000 JavaThread "Stdin handler" [_thread_blocked, id=7984, stack(0x0000007848c00000,0x0000007848d00000)]
  0x0000025664b98800 JavaThread "Daemon client event forwarder" [_thread_blocked, id=1008, stack(0x0000007848d00000,0x0000007848e00000)]
  0x000002566af4e800 JavaThread "Cache worker for checksums cache (C:\Users\Ranialvz-PC\MyApplicationLayout02\.gradle\7.5\checksums)" [_thread_blocked, id=6904, stack(0x0000007848e00000,0x0000007848f00000)]
  0x000002566af4a800 JavaThread "Cache worker for cache directory md-rule (C:\Users\Ranialvz-PC\.gradle\caches\7.5\md-rule)" [_thread_blocked, id=7368, stack(0x0000007848f00000,0x0000007849000000)]
  0x000002566af4d000 JavaThread "Cache worker for file hash cache (C:\Users\Ranialvz-PC\MyApplicationLayout02\.gradle\7.5\fileHashes)" [_thread_blocked, id=9872, stack(0x0000007849000000,0x0000007849100000)]
  0x000002566af4e000 JavaThread "Cache worker for cache directory md-supplier (C:\Users\Ranialvz-PC\.gradle\caches\7.5\md-supplier)" [_thread_blocked, id=8000, stack(0x0000007849b00000,0x0000007849c00000)]
  0x000002566af4f800 JavaThread "Cache worker for dependencies-accessors (C:\Users\Ranialvz-PC\MyApplicationLayout02\.gradle\7.5\dependencies-accessors)" [_thread_blocked, id=10576, stack(0x0000007849c00000,0x0000007849d00000)]
  0x000002566af4c000 JavaThread "Cache worker for Build Output Cleanup Cache (C:\Users\Ranialvz-PC\MyApplicationLayout02\.gradle\buildOutputCleanup)" [_thread_blocked, id=3568, stack(0x0000007849d00000,0x0000007849e00000)]
  0x000002566af51000 JavaThread "Unconstrained build operations" [_thread_blocked, id=10204, stack(0x0000007849f00000,0x000000784a000000)]
  0x000002566af4b800 JavaThread "Unconstrained build operations Thread 2" [_thread_blocked, id=1260, stack(0x000000784a000000,0x000000784a100000)]
  0x000002566af56000 JavaThread "Unconstrained build operations Thread 3" [_thread_blocked, id=11396, stack(0x000000784a600000,0x000000784a700000)]
  0x000002566af54800 JavaThread "Unconstrained build operations Thread 4" [_thread_blocked, id=8576, stack(0x000000784a800000,0x000000784a900000)]
  0x000002566af52800 JavaThread "Unconstrained build operations Thread 5" [_thread_blocked, id=3040, stack(0x000000784a900000,0x000000784aa00000)]
  0x000002566af52000 JavaThread "Unconstrained build operations Thread 6" [_thread_blocked, id=9592, stack(0x000000784aa00000,0x000000784ab00000)]
  0x000002566af57000 JavaThread "Unconstrained build operations Thread 7" [_thread_blocked, id=8784, stack(0x000000784ab00000,0x000000784ac00000)]
  0x000002566af57800 JavaThread "Unconstrained build operations Thread 8" [_thread_blocked, id=4936, stack(0x000000784ac00000,0x000000784ad00000)]
  0x000002566af55000 JavaThread "Unconstrained build operations Thread 9" [_thread_blocked, id=8080, stack(0x000000784ad00000,0x000000784ae00000)]
  0x000002566af58800 JavaThread "Unconstrained build operations Thread 10" [_thread_blocked, id=6412, stack(0x000000784ae00000,0x000000784af00000)]
  0x000002566af59000 JavaThread "Unconstrained build operations Thread 11" [_thread_blocked, id=8068, stack(0x000000784af00000,0x000000784b000000)]
  0x000002566af53800 JavaThread "Unconstrained build operations Thread 12" [_thread_blocked, id=11584, stack(0x000000784b000000,0x000000784b100000)]
  0x0000025662010800 JavaThread "Unconstrained build operations Thread 13" [_thread_blocked, id=11168, stack(0x000000784b100000,0x000000784b200000)]
  0x000002566200d800 JavaThread "Unconstrained build operations Thread 14" [_thread_blocked, id=5448, stack(0x000000784b200000,0x000000784b300000)]
  0x000002566200c800 JavaThread "Unconstrained build operations Thread 15" [_thread_blocked, id=6672, stack(0x000000784b300000,0x000000784b400000)]
  0x000002566200b000 JavaThread "Unconstrained build operations Thread 16" [_thread_blocked, id=2404, stack(0x000000784b400000,0x000000784b500000)]
  0x000002566200f000 JavaThread "Unconstrained build operations Thread 17" [_thread_blocked, id=10448, stack(0x000000784b500000,0x000000784b600000)]
  0x0000025662010000 JavaThread "Unconstrained build operations Thread 18" [_thread_blocked, id=3172, stack(0x000000784b600000,0x000000784b700000)]
  0x000002566200b800 JavaThread "Unconstrained build operations Thread 19" [_thread_blocked, id=848, stack(0x000000784b700000,0x000000784b800000)]
  0x0000025662014800 JavaThread "Unconstrained build operations Thread 20" [_thread_blocked, id=1708, stack(0x000000784b800000,0x000000784b900000)]
  0x0000025662013000 JavaThread "Unconstrained build operations Thread 21" [_thread_blocked, id=6740, stack(0x000000784b900000,0x000000784ba00000)]
  0x0000025662015800 JavaThread "Unconstrained build operations Thread 22" [_thread_blocked, id=9620, stack(0x000000784ba00000,0x000000784bb00000)]
  0x0000025662016800 JavaThread "Unconstrained build operations Thread 23" [_thread_blocked, id=7900, stack(0x000000784bb00000,0x000000784bc00000)]
  0x0000025662017000 JavaThread "Unconstrained build operations Thread 24" [_thread_blocked, id=3160, stack(0x000000784bc00000,0x000000784bd00000)]
  0x0000025662014000 JavaThread "Unconstrained build operations Thread 25" [_thread_blocked, id=9312, stack(0x000000784bd00000,0x000000784be00000)]
  0x0000025662011800 JavaThread "Unconstrained build operations Thread 26" [_thread_blocked, id=12036, stack(0x000000784be00000,0x000000784bf00000)]
  0x0000025662018000 JavaThread "Unconstrained build operations Thread 27" [_thread_blocked, id=7604, stack(0x000000784bf00000,0x000000784c000000)]
  0x0000025662012000 JavaThread "Unconstrained build operations Thread 28" [_thread_blocked, id=8268, stack(0x000000784c000000,0x000000784c100000)]
  0x0000025662019000 JavaThread "Unconstrained build operations Thread 29" [_thread_blocked, id=4676, stack(0x000000784c100000,0x000000784c200000)]
  0x0000025662019800 JavaThread "Unconstrained build operations Thread 30" [_thread_blocked, id=3192, stack(0x000000784c200000,0x000000784c300000)]
  0x000002566ceab000 JavaThread "Unconstrained build operations Thread 31" [_thread_blocked, id=7412, stack(0x000000784c300000,0x000000784c400000)]
  0x000002566cea7000 JavaThread "Unconstrained build operations Thread 32" [_thread_blocked, id=1868, stack(0x000000784c400000,0x000000784c500000)]
  0x000002566cea5800 JavaThread "Unconstrained build operations Thread 33" [_thread_blocked, id=9852, stack(0x000000784c500000,0x000000784c600000)]
  0x000002566ceaa000 JavaThread "Unconstrained build operations Thread 34" [_thread_blocked, id=5300, stack(0x000000784c600000,0x000000784c700000)]
  0x000002566ceac000 JavaThread "Unconstrained build operations Thread 35" [_thread_blocked, id=10580, stack(0x000000784c700000,0x000000784c800000)]
  0x000002566ceac800 JavaThread "Unconstrained build operations Thread 36" [_thread_blocked, id=11088, stack(0x000000784c800000,0x000000784c900000)]
  0x000002566cead800 JavaThread "Unconstrained build operations Thread 37" [_thread_blocked, id=4036, stack(0x000000784c900000,0x000000784ca00000)]
  0x000002566cea8800 JavaThread "Unconstrained build operations Thread 38" [_thread_blocked, id=10760, stack(0x000000784ca00000,0x000000784cb00000)]
  0x000002566cea9800 JavaThread "Unconstrained build operations Thread 39" [_thread_blocked, id=11208, stack(0x000000784cb00000,0x000000784cc00000)]
  0x000002566cea7800 JavaThread "Unconstrained build operations Thread 40" [_thread_blocked, id=9616, stack(0x000000784cc00000,0x000000784cd00000)]
  0x000002566ceb4000 JavaThread "Unconstrained build operations Thread 41" [_thread_blocked, id=8324, stack(0x000000784cd00000,0x000000784ce00000)]
  0x000002566ceaf000 JavaThread "Unconstrained build operations Thread 42" [_thread_blocked, id=7108, stack(0x000000784ce00000,0x000000784cf00000)]
  0x000002566ceb3000 JavaThread "Unconstrained build operations Thread 43" [_thread_blocked, id=5928, stack(0x000000784cf00000,0x000000784d000000)]
  0x000002566ceb0000 JavaThread "Unconstrained build operations Thread 44" [_thread_blocked, id=2776, stack(0x000000784d000000,0x000000784d100000)]
  0x000002566ceb0800 JavaThread "Unconstrained build operations Thread 45" [_thread_blocked, id=11276, stack(0x000000784d100000,0x000000784d200000)]
  0x000002566ceae000 JavaThread "Unconstrained build operations Thread 46" [_thread_blocked, id=4140, stack(0x000000784d200000,0x000000784d300000)]
  0x000002566ceb1800 JavaThread "Unconstrained build operations Thread 47" [_thread_blocked, id=9640, stack(0x000000784d300000,0x000000784d400000)]
  0x000002566ceb2800 JavaThread "Unconstrained build operations Thread 48" [_thread_blocked, id=2900, stack(0x000000784d400000,0x000000784d500000)]
  0x0000025666e51000 JavaThread "Unconstrained build operations Thread 49" [_thread_blocked, id=4184, stack(0x000000784d500000,0x000000784d600000)]
  0x0000025666e53800 JavaThread "Unconstrained build operations Thread 50" [_thread_blocked, id=11160, stack(0x000000784d600000,0x000000784d700000)]
  0x0000025666e52800 JavaThread "Unconstrained build operations Thread 51" [_thread_blocked, id=1492, stack(0x000000784d700000,0x000000784d800000)]
  0x0000025666e55000 JavaThread "Unconstrained build operations Thread 52" [_thread_blocked, id=4892, stack(0x000000784d800000,0x000000784d900000)]
  0x0000025666e54800 JavaThread "Unconstrained build operations Thread 53" [_thread_blocked, id=10404, stack(0x000000784d900000,0x000000784da00000)]
  0x0000025666e50000 JavaThread "Unconstrained build operations Thread 54" [_thread_blocked, id=3012, stack(0x000000784da00000,0x000000784db00000)]
  0x0000025666e5b000 JavaThread "Unconstrained build operations Thread 55" [_thread_blocked, id=8548, stack(0x000000784db00000,0x000000784dc00000)]
  0x0000025666e5a000 JavaThread "Unconstrained build operations Thread 56" [_thread_blocked, id=10940, stack(0x000000784dc00000,0x000000784dd00000)]
  0x0000025666e57800 JavaThread "Unconstrained build operations Thread 57" [_thread_blocked, id=1148, stack(0x000000784dd00000,0x000000784de00000)]
  0x0000025666e5b800 JavaThread "Unconstrained build operations Thread 58" [_thread_blocked, id=4112, stack(0x000000784de00000,0x000000784df00000)]
  0x0000025666e58800 JavaThread "Unconstrained build operations Thread 59" [_thread_blocked, id=8368, stack(0x000000784df00000,0x000000784e000000)]
  0x0000025666e56000 JavaThread "Unconstrained build operations Thread 60" [_thread_blocked, id=10736, stack(0x000000784e000000,0x000000784e100000)]
  0x0000025666e56800 JavaThread "Unconstrained build operations Thread 61" [_thread_blocked, id=5380, stack(0x000000784e100000,0x000000784e200000)]
  0x0000025666e5f000 JavaThread "Unconstrained build operations Thread 62" [_thread_blocked, id=9344, stack(0x000000784e200000,0x000000784e300000)]
  0x0000025666e5d000 JavaThread "Unconstrained build operations Thread 63" [_thread_blocked, id=8964, stack(0x000000784e300000,0x000000784e400000)]
  0x0000025666e5e000 JavaThread "Unconstrained build operations Thread 64" [_thread_blocked, id=11660, stack(0x000000784e400000,0x000000784e500000)]
  0x0000025666f41800 JavaThread "Unconstrained build operations Thread 65" [_thread_blocked, id=8980, stack(0x000000784e500000,0x000000784e600000)]
  0x0000025666f44000 JavaThread "Unconstrained build operations Thread 66" [_thread_blocked, id=1228, stack(0x000000784e600000,0x000000784e700000)]
  0x0000025666f40000 JavaThread "Unconstrained build operations Thread 67" [_thread_blocked, id=10632, stack(0x000000784e700000,0x000000784e800000)]
  0x0000025666f41000 JavaThread "Unconstrained build operations Thread 68" [_thread_blocked, id=9064, stack(0x000000784e800000,0x000000784e900000)]
  0x0000025666f43800 JavaThread "Unconstrained build operations Thread 69" [_thread_blocked, id=9624, stack(0x000000784e900000,0x000000784ea00000)]
  0x0000025666f42800 JavaThread "Unconstrained build operations Thread 70" [_thread_blocked, id=1588, stack(0x000000784ea00000,0x000000784eb00000)]
  0x0000025666f45000 JavaThread "Unconstrained build operations Thread 71" [_thread_blocked, id=1316, stack(0x000000784eb00000,0x000000784ec00000)]
  0x0000025666f3f800 JavaThread "Unconstrained build operations Thread 72" [_thread_blocked, id=1252, stack(0x000000784ec00000,0x000000784ed00000)]
  0x0000025666f46800 JavaThread "Unconstrained build operations Thread 73" [_thread_blocked, id=8848, stack(0x000000784ed00000,0x000000784ee00000)]
  0x0000025666f46000 JavaThread "Unconstrained build operations Thread 74" [_thread_blocked, id=8588, stack(0x000000784ee00000,0x000000784ef00000)]
  0x0000025666f48000 JavaThread "Unconstrained build operations Thread 75" [_thread_blocked, id=2836, stack(0x000000784ef00000,0x000000784f000000)]
  0x0000025666f47800 JavaThread "Unconstrained build operations Thread 76" [_thread_blocked, id=3724, stack(0x000000784f000000,0x000000784f100000)]
  0x0000025666f49000 JavaThread "Unconstrained build operations Thread 77" [_thread_blocked, id=5104, stack(0x000000784f100000,0x000000784f200000)]
  0x0000025666f4a000 JavaThread "Unconstrained build operations Thread 78" [_thread_blocked, id=11360, stack(0x000000784f200000,0x000000784f300000)]
  0x0000025666f4a800 JavaThread "Unconstrained build operations Thread 79" [_thread_blocked, id=2784, stack(0x000000784f300000,0x000000784f400000)]
  0x0000025664d66000 JavaThread "Unconstrained build operations Thread 80" [_thread_blocked, id=1676, stack(0x000000784f400000,0x000000784f500000)]
  0x0000025664d67800 JavaThread "build event listener" [_thread_blocked, id=10628, stack(0x000000784f500000,0x000000784f600000)]
  0x0000025664d64800 JavaThread "included builds" [_thread_blocked, id=3416, stack(0x000000784fc00000,0x000000784fd00000)]
  0x0000025664d62800 JavaThread "Execution worker" [_thread_blocked, id=3592, stack(0x000000784ff00000,0x0000007850000000)]
  0x0000025664d6f000 JavaThread "Execution worker Thread 2" [_thread_blocked, id=10300, stack(0x0000007850000000,0x0000007850100000)]
  0x0000025664d69000 JavaThread "Execution worker Thread 3" [_thread_in_Java, id=10128, stack(0x0000007850100000,0x0000007850200000)]
  0x0000025664d6b000 JavaThread "Execution worker Thread 4" [_thread_blocked, id=1132, stack(0x0000007850200000,0x0000007850300000)]
  0x0000025664d70800 JavaThread "Execution worker Thread 5" [_thread_blocked, id=3280, stack(0x0000007850300000,0x0000007850400000)]
  0x0000025664d6b800 JavaThread "Execution worker Thread 6" [_thread_blocked, id=9292, stack(0x0000007850400000,0x0000007850500000)]
  0x0000025664d6c800 JavaThread "Execution worker Thread 7" [_thread_blocked, id=860, stack(0x0000007850500000,0x0000007850600000)]
  0x0000025663265000 JavaThread "Cache worker for execution history cache (C:\Users\Ranialvz-PC\MyApplicationLayout02\.gradle\7.5\executionHistory)" [_thread_blocked, id=5516, stack(0x0000007850600000,0x0000007850700000)]
  0x0000025663267800 JavaThread "WorkerExecutor Queue" [_thread_blocked, id=10832, stack(0x0000007850c00000,0x0000007850d00000)]
  0x000002566326b000 JavaThread "WorkerExecutor Queue Thread 2" [_thread_blocked, id=9788, stack(0x000000784f600000,0x000000784f700000)]
  0x000002566326d000 JavaThread "WorkerExecutor Queue Thread 3" [_thread_blocked, id=8336, stack(0x000000784f700000,0x000000784f800000)]
  0x000002566326a000 JavaThread "WorkerExecutor Queue Thread 4" [_thread_blocked, id=7724, stack(0x0000007850e00000,0x0000007850f00000)]
  0x000002566326c800 JavaThread "WorkerExecutor Queue Thread 5" [_thread_blocked, id=5452, stack(0x0000007850f00000,0x0000007851000000)]
  0x000002566326b800 JavaThread "WorkerExecutor Queue Thread 6" [_thread_blocked, id=11860, stack(0x0000007851000000,0x0000007851100000)]
  0x000002566326e000 JavaThread "WorkerExecutor Queue Thread 7" [_thread_blocked, id=7464, stack(0x0000007851400000,0x0000007851500000)]
  0x00000256622da000 JavaThread "WorkerExecutor Queue Thread 8" [_thread_blocked, id=2288, stack(0x0000007851500000,0x0000007851600000)]
  0x00000256622d8800 JavaThread "WorkerExecutor Queue Thread 9" [_thread_blocked, id=9044, stack(0x0000007851600000,0x0000007851700000)]
  0x0000025661106000 JavaThread "C2 CompilerThread1" daemon [_thread_blocked, id=3368, stack(0x0000007850d00000,0x0000007850e00000)]

Other Threads:
  0x000002565fbdc000 VMThread "VM Thread" [stack: 0x0000007847700000,0x0000007847800000] [id=9304]
  0x000002565fde8800 WatcherThread [stack: 0x0000007848100000,0x0000007848200000] [id=2932]
  0x0000025642f20000 GCTaskThread "GC Thread#0" [stack: 0x0000007847200000,0x0000007847300000] [id=4524]
  0x000002566022e800 GCTaskThread "GC Thread#1" [stack: 0x0000007848400000,0x0000007848500000] [id=2552]
  0x0000025660b13000 GCTaskThread "GC Thread#2" [stack: 0x0000007848500000,0x0000007848600000] [id=9152]
  0x0000025660c2e000 GCTaskThread "GC Thread#3" [stack: 0x0000007848600000,0x0000007848700000] [id=10284]
  0x00000256604c0000 GCTaskThread "GC Thread#4" [stack: 0x0000007848700000,0x0000007848800000] [id=8628]
  0x0000025660d8a800 GCTaskThread "GC Thread#5" [stack: 0x0000007848800000,0x0000007848900000] [id=8048]
  0x0000025661eba800 GCTaskThread "GC Thread#6" [stack: 0x0000007849400000,0x0000007849500000] [id=7376]
  0x00000256615ef800 GCTaskThread "GC Thread#7" [stack: 0x0000007849500000,0x0000007849600000] [id=4080]
  0x0000025642f53000 ConcurrentGCThread "G1 Main Marker" [stack: 0x0000007847300000,0x0000007847400000] [id=11748]
  0x0000025642f55000 ConcurrentGCThread "G1 Conc#0" [stack: 0x0000007847400000,0x0000007847500000] [id=6688]
  0x0000025660201000 ConcurrentGCThread "G1 Conc#1" [stack: 0x0000007849600000,0x0000007849700000] [id=1620]
  0x0000025642fcd800 ConcurrentGCThread "G1 Refine#0" [stack: 0x0000007847500000,0x0000007847600000] [id=3080]
  0x000002566143e000 ConcurrentGCThread "G1 Refine#1" [stack: 0x0000007849700000,0x0000007849800000] [id=7960]
  0x0000025666e4f800 ConcurrentGCThread "G1 Refine#2" [stack: 0x0000007850700000,0x0000007850800000] [id=5436]
  0x00000256600f7800 ConcurrentGCThread "G1 Refine#3" [stack: 0x0000007850800000,0x0000007850900000] [id=3320]
  0x000002565f22e800 ConcurrentGCThread "G1 Young RemSet Sampling" [stack: 0x0000007847600000,0x0000007847700000] [id=11044]

Threads with active compile tasks:
C2 CompilerThread0  4967383 36499       4       com.android.tools.r8.internal.wh::a (1086 bytes)

VM state:not at safepoint (normal execution)

VM Mutex/Monitor currently owned by a thread: None

Heap address: 0x0000000080000000, size: 2048 MB, Compressed Oops mode: 32-bit
Narrow klass base: 0x0000000000000000, Narrow klass shift: 3
Compressed class space size: 1073741824 Address: 0x0000000100000000

Heap:
 garbage-first heap   total 262144K, used 138950K [0x0000000080000000, 0x0000000100000000)
  region size 1024K, 3 young (3072K), 1 survivors (1024K)
 Metaspace       used 148148K, capacity 154059K, committed 154312K, reserved 1183744K
  class space    used 18155K, capacity 20247K, committed 20300K, reserved 1048576K
Heap Regions: E=young(eden), S=young(survivor), O=old, HS=humongous(starts), HC=humongous(continues), CS=collection set, F=free, A=archive, TAMS=top-at-mark-start (previous, next)
|   0|0x0000000080000000, 0x0000000080100000, 0x0000000080100000|100%| O|  |TAMS 0x0000000080100000, 0x0000000080100000| Untracked 
|   1|0x0000000080100000, 0x0000000080200000, 0x0000000080200000|100%| O|  |TAMS 0x0000000080200000, 0x0000000080200000| Untracked 
|   2|0x0000000080200000, 0x0000000080300000, 0x0000000080300000|100%| O|  |TAMS 0x0000000080300000, 0x0000000080300000| Untracked 
|   3|0x0000000080300000, 0x0000000080400000, 0x0000000080400000|100%|HS|  |TAMS 0x0000000080400000, 0x0000000080400000| Complete 
|   4|0x0000000080400000, 0x0000000080500000, 0x0000000080500000|100%|HC|  |TAMS 0x0000000080500000, 0x0000000080500000| Complete 
|   5|0x0000000080500000, 0x0000000080600000, 0x0000000080600000|100%|HC|  |TAMS 0x0000000080600000, 0x0000000080600000| Complete 
|   6|0x0000000080600000, 0x0000000080700000, 0x0000000080700000|100%| O|  |TAMS 0x0000000080700000, 0x0000000080700000| Untracked 
|   7|0x0000000080700000, 0x0000000080800000, 0x0000000080800000|100%| O|  |TAMS 0x0000000080800000, 0x0000000080800000| Untracked 
|   8|0x0000000080800000, 0x0000000080900000, 0x0000000080900000|100%| O|  |TAMS 0x0000000080900000, 0x0000000080900000| Untracked 
|   9|0x0000000080900000, 0x0000000080a00000, 0x0000000080a00000|100%| O|  |TAMS 0x0000000080a00000, 0x0000000080a00000| Untracked 
|  10|0x0000000080a00000, 0x0000000080b00000, 0x0000000080b00000|100%| O|  |TAMS 0x0000000080b00000, 0x0000000080b00000| Untracked 
|  11|0x0000000080b00000, 0x0000000080c00000, 0x0000000080c00000|100%| O|  |TAMS 0x0000000080c00000, 0x0000000080c00000| Untracked 
|  12|0x0000000080c00000, 0x0000000080d00000, 0x0000000080d00000|100%| O|  |TAMS 0x0000000080d00000, 0x0000000080d00000| Untracked 
|  13|0x0000000080d00000, 0x0000000080e00000, 0x0000000080e00000|100%| O|  |TAMS 0x0000000080e00000, 0x0000000080e00000| Untracked 
|  14|0x0000000080e00000, 0x0000000080f00000, 0x0000000080f00000|100%| O|  |TAMS 0x0000000080f00000, 0x0000000080f00000| Untracked 
|  15|0x0000000080f00000, 0x0000000081000000, 0x0000000081000000|100%| O|  |TAMS 0x0000000081000000, 0x0000000081000000| Untracked 
|  16|0x0000000081000000, 0x0000000081100000, 0x0000000081100000|100%| O|  |TAMS 0x0000000081100000, 0x0000000081100000| Untracked 
|  17|0x0000000081100000, 0x0000000081200000, 0x0000000081200000|100%|HS|  |TAMS 0x0000000081200000, 0x0000000081200000| Complete 
|  18|0x0000000081200000, 0x0000000081300000, 0x0000000081300000|100%|HS|  |TAMS 0x0000000081300000, 0x0000000081300000| Complete 
|  19|0x0000000081300000, 0x0000000081400000, 0x0000000081400000|100%|HC|  |TAMS 0x0000000081400000, 0x0000000081400000| Complete 
|  20|0x0000000081400000, 0x0000000081500000, 0x0000000081500000|100%|HS|  |TAMS 0x0000000081500000, 0x0000000081500000| Complete 
|  21|0x0000000081500000, 0x0000000081600000, 0x0000000081600000|100%|HS|  |TAMS 0x0000000081600000, 0x0000000081600000| Complete 
|  22|0x0000000081600000, 0x0000000081700000, 0x0000000081700000|100%|HC|  |TAMS 0x0000000081700000, 0x0000000081700000| Complete 
|  23|0x0000000081700000, 0x0000000081800000, 0x0000000081800000|100%|HC|  |TAMS 0x0000000081800000, 0x0000000081800000| Complete 
|  24|0x0000000081800000, 0x0000000081900000, 0x0000000081900000|100%|HC|  |TAMS 0x0000000081900000, 0x0000000081900000| Complete 
|  25|0x0000000081900000, 0x0000000081a00000, 0x0000000081a00000|100%| O|  |TAMS 0x0000000081a00000, 0x0000000081a00000| Untracked 
|  26|0x0000000081a00000, 0x0000000081b00000, 0x0000000081b00000|100%| O|  |TAMS 0x0000000081b00000, 0x0000000081b00000| Untracked 
|  27|0x0000000081b00000, 0x0000000081c00000, 0x0000000081c00000|100%| O|  |TAMS 0x0000000081c00000, 0x0000000081c00000| Untracked 
|  28|0x0000000081c00000, 0x0000000081d00000, 0x0000000081d00000|100%| O|  |TAMS 0x0000000081d00000, 0x0000000081d00000| Untracked 
|  29|0x0000000081d00000, 0x0000000081e00000, 0x0000000081e00000|100%| O|  |TAMS 0x0000000081e00000, 0x0000000081e00000| Untracked 
|  30|0x0000000081e00000, 0x0000000081e00000, 0x0000000081f00000|  0%| F|  |TAMS 0x0000000081e00000, 0x0000000081e00000| Untracked 
|  31|0x0000000081f00000, 0x0000000082000000, 0x0000000082000000|100%| O|  |TAMS 0x0000000082000000, 0x0000000082000000| Untracked 
|  32|0x0000000082000000, 0x0000000082100000, 0x0000000082100000|100%| O|  |TAMS 0x0000000082100000, 0x0000000082100000| Untracked 
|  33|0x0000000082100000, 0x0000000082200000, 0x0000000082200000|100%| O|  |TAMS 0x0000000082200000, 0x0000000082200000| Untracked 
|  34|0x0000000082200000, 0x0000000082300000, 0x0000000082300000|100%| O|  |TAMS 0x0000000082300000, 0x0000000082300000| Untracked 
|  35|0x0000000082300000, 0x0000000082400000, 0x0000000082400000|100%| O|  |TAMS 0x0000000082400000, 0x0000000082400000| Untracked 
|  36|0x0000000082400000, 0x0000000082500000, 0x0000000082500000|100%| O|  |TAMS 0x0000000082500000, 0x0000000082500000| Untracked 
|  37|0x0000000082500000, 0x0000000082600000, 0x0000000082600000|100%| O|  |TAMS 0x0000000082600000, 0x0000000082600000| Untracked 
|  38|0x0000000082600000, 0x0000000082700000, 0x0000000082700000|100%| O|  |TAMS 0x0000000082600000, 0x0000000082700000| Untracked 
|  39|0x0000000082700000, 0x0000000082800000, 0x0000000082800000|100%| O|  |TAMS 0x0000000082800000, 0x0000000082800000| Untracked 
|  40|0x0000000082800000, 0x0000000082900000, 0x0000000082900000|100%| O|  |TAMS 0x0000000082900000, 0x0000000082900000| Untracked 
|  41|0x0000000082900000, 0x0000000082a00000, 0x0000000082a00000|100%| O|  |TAMS 0x0000000082a00000, 0x0000000082a00000| Untracked 
|  42|0x0000000082a00000, 0x0000000082b00000, 0x0000000082b00000|100%| O|  |TAMS 0x0000000082a00000, 0x0000000082b00000| Untracked 
|  43|0x0000000082b00000, 0x0000000082c00000, 0x0000000082c00000|100%| O|  |TAMS 0x0000000082c00000, 0x0000000082c00000| Untracked 
|  44|0x0000000082c00000, 0x0000000082d00000, 0x0000000082d00000|100%| O|  |TAMS 0x0000000082d00000, 0x0000000082d00000| Untracked 
|  45|0x0000000082d00000, 0x0000000082e00000, 0x0000000082e00000|100%| O|  |TAMS 0x0000000082e00000, 0x0000000082e00000| Untracked 
|  46|0x0000000082e00000, 0x0000000082f00000, 0x0000000082f00000|100%| O|  |TAMS 0x0000000082f00000, 0x0000000082f00000| Untracked 
|  47|0x0000000082f00000, 0x0000000082f00000, 0x0000000083000000|  0%| F|  |TAMS 0x0000000082f00000, 0x0000000082f00000| Untracked 
|  48|0x0000000083000000, 0x0000000083100000, 0x0000000083100000|100%| O|  |TAMS 0x0000000083100000, 0x0000000083100000| Untracked 
|  49|0x0000000083100000, 0x0000000083200000, 0x0000000083200000|100%| O|  |TAMS 0x0000000083200000, 0x0000000083200000| Untracked 
|  50|0x0000000083200000, 0x0000000083300000, 0x0000000083300000|100%| O|  |TAMS 0x0000000083300000, 0x0000000083300000| Untracked 
|  51|0x0000000083300000, 0x0000000083400000, 0x0000000083400000|100%| O|  |TAMS 0x0000000083400000, 0x0000000083400000| Untracked 
|  52|0x0000000083400000, 0x0000000083500000, 0x0000000083500000|100%| O|  |TAMS 0x0000000083500000, 0x0000000083500000| Untracked 
|  53|0x0000000083500000, 0x0000000083600000, 0x0000000083600000|100%| O|  |TAMS 0x0000000083600000, 0x0000000083600000| Untracked 
|  54|0x0000000083600000, 0x0000000083600000, 0x0000000083700000|  0%| F|  |TAMS 0x0000000083600000, 0x0000000083600000| Untracked 
|  55|0x0000000083700000, 0x0000000083800000, 0x0000000083800000|100%| O|  |TAMS 0x0000000083800000, 0x0000000083800000| Untracked 
|  56|0x0000000083800000, 0x0000000083900000, 0x0000000083900000|100%| O|  |TAMS 0x0000000083900000, 0x0000000083900000| Untracked 
|  57|0x0000000083900000, 0x0000000083a00000, 0x0000000083a00000|100%| O|  |TAMS 0x0000000083a00000, 0x0000000083a00000| Untracked 
|  58|0x0000000083a00000, 0x0000000083b00000, 0x0000000083b00000|100%| O|  |TAMS 0x0000000083b00000, 0x0000000083b00000| Untracked 
|  59|0x0000000083b00000, 0x0000000083c00000, 0x0000000083c00000|100%| O|  |TAMS 0x0000000083b00000, 0x0000000083c00000| Untracked 
|  60|0x0000000083c00000, 0x0000000083c00000, 0x0000000083d00000|  0%| F|  |TAMS 0x0000000083c00000, 0x0000000083c00000| Untracked 
|  61|0x0000000083d00000, 0x0000000083e00000, 0x0000000083e00000|100%| O|  |TAMS 0x0000000083e00000, 0x0000000083e00000| Untracked 
|  62|0x0000000083e00000, 0x0000000083f00000, 0x0000000083f00000|100%|HS|  |TAMS 0x0000000083e00000, 0x0000000083e00000| Complete 
|  63|0x0000000083f00000, 0x0000000084000000, 0x0000000084000000|100%|HC|  |TAMS 0x0000000083f00000, 0x0000000083f00000| Complete 
|  64|0x0000000084000000, 0x0000000084100000, 0x0000000084100000|100%| O|  |TAMS 0x0000000084000000, 0x0000000084100000| Untracked 
|  65|0x0000000084100000, 0x0000000084200000, 0x0000000084200000|100%| O|  |TAMS 0x0000000084200000, 0x0000000084200000| Untracked 
|  66|0x0000000084200000, 0x0000000084300000, 0x0000000084300000|100%| O|  |TAMS 0x0000000084300000, 0x0000000084300000| Untracked 
|  67|0x0000000084300000, 0x0000000084400000, 0x0000000084400000|100%| O|  |TAMS 0x0000000084400000, 0x0000000084400000| Untracked 
|  68|0x0000000084400000, 0x0000000084500000, 0x0000000084500000|100%| O|  |TAMS 0x0000000084500000, 0x0000000084500000| Untracked 
|  69|0x0000000084500000, 0x0000000084600000, 0x0000000084600000|100%| O|  |TAMS 0x0000000084600000, 0x0000000084600000| Untracked 
|  70|0x0000000084600000, 0x0000000084600000, 0x0000000084700000|  0%| F|  |TAMS 0x0000000084600000, 0x0000000084600000| Untracked 
|  71|0x0000000084700000, 0x0000000084800000, 0x0000000084800000|100%| O|  |TAMS 0x0000000084700000, 0x0000000084800000| Untracked 
|  72|0x0000000084800000, 0x0000000084900000, 0x0000000084900000|100%| O|  |TAMS 0x0000000084800000, 0x0000000084900000| Untracked 
|  73|0x0000000084900000, 0x0000000084a00000, 0x0000000084a00000|100%| O|  |TAMS 0x0000000084900000, 0x0000000084a00000| Untracked 
|  74|0x0000000084a00000, 0x0000000084b00000, 0x0000000084b00000|100%|HS|  |TAMS 0x0000000084a00000, 0x0000000084a00000| Complete 
|  75|0x0000000084b00000, 0x0000000084c00000, 0x0000000084c00000|100%|HC|  |TAMS 0x0000000084b00000, 0x0000000084b00000| Complete 
|  76|0x0000000084c00000, 0x0000000084c00000, 0x0000000084d00000|  0%| F|  |TAMS 0x0000000084c00000, 0x0000000084c00000| Untracked 
|  77|0x0000000084d00000, 0x0000000084e00000, 0x0000000084e00000|100%| O|  |TAMS 0x0000000084e00000, 0x0000000084e00000| Untracked 
|  78|0x0000000084e00000, 0x0000000084f00000, 0x0000000084f00000|100%| O|  |TAMS 0x0000000084f00000, 0x0000000084f00000| Untracked 
|  79|0x0000000084f00000, 0x0000000085000000, 0x0000000085000000|100%| O|  |TAMS 0x0000000085000000, 0x0000000085000000| Untracked 
|  80|0x0000000085000000, 0x0000000085000000, 0x0000000085100000|  0%| F|  |TAMS 0x0000000085000000, 0x0000000085000000| Untracked 
|  81|0x0000000085100000, 0x0000000085200000, 0x0000000085200000|100%| O|  |TAMS 0x0000000085200000, 0x0000000085200000| Untracked 
|  82|0x0000000085200000, 0x0000000085300000, 0x0000000085300000|100%| O|  |TAMS 0x0000000085300000, 0x0000000085300000| Untracked 
|  83|0x0000000085300000, 0x0000000085400000, 0x0000000085400000|100%| O|  |TAMS 0x0000000085400000, 0x0000000085400000| Untracked 
|  84|0x0000000085400000, 0x0000000085500000, 0x0000000085500000|100%| O|  |TAMS 0x0000000085500000, 0x0000000085500000| Untracked 
|  85|0x0000000085500000, 0x0000000085600000, 0x0000000085600000|100%| O|  |TAMS 0x0000000085600000, 0x0000000085600000| Untracked 
|  86|0x0000000085600000, 0x0000000085700000, 0x0000000085700000|100%| O|  |TAMS 0x0000000085700000, 0x0000000085700000| Untracked 
|  87|0x0000000085700000, 0x0000000085800000, 0x0000000085800000|100%| O|  |TAMS 0x0000000085800000, 0x0000000085800000| Untracked 
|  88|0x0000000085800000, 0x0000000085900000, 0x0000000085900000|100%| O|  |TAMS 0x0000000085900000, 0x0000000085900000| Untracked 
|  89|0x0000000085900000, 0x0000000085a00000, 0x0000000085a00000|100%| O|  |TAMS 0x0000000085a00000, 0x0000000085a00000| Untracked 
|  90|0x0000000085a00000, 0x0000000085b00000, 0x0000000085b00000|100%| O|  |TAMS 0x0000000085b00000, 0x0000000085b00000| Untracked 
|  91|0x0000000085b00000, 0x0000000085c00000, 0x0000000085c00000|100%| O|  |TAMS 0x0000000085c00000, 0x0000000085c00000| Untracked 
|  92|0x0000000085c00000, 0x0000000085d00000, 0x0000000085d00000|100%| O|  |TAMS 0x0000000085d00000, 0x0000000085d00000| Untracked 
|  93|0x0000000085d00000, 0x0000000085e00000, 0x0000000085e00000|100%| O|  |TAMS 0x0000000085e00000, 0x0000000085e00000| Untracked 
|  94|0x0000000085e00000, 0x0000000085f00000, 0x0000000085f00000|100%| O|  |TAMS 0x0000000085f00000, 0x0000000085f00000| Untracked 
|  95|0x0000000085f00000, 0x0000000086000000, 0x0000000086000000|100%| O|  |TAMS 0x0000000086000000, 0x0000000086000000| Untracked 
|  96|0x0000000086000000, 0x0000000086000000, 0x0000000086100000|  0%| F|  |TAMS 0x0000000086000000, 0x0000000086000000| Untracked 
|  97|0x0000000086100000, 0x0000000086200000, 0x0000000086200000|100%| O|  |TAMS 0x0000000086100000, 0x0000000086200000| Untracked 
|  98|0x0000000086200000, 0x0000000086300000, 0x0000000086300000|100%| O|  |TAMS 0x0000000086300000, 0x0000000086300000| Untracked 
|  99|0x0000000086300000, 0x0000000086400000, 0x0000000086400000|100%| O|  |TAMS 0x0000000086400000, 0x0000000086400000| Untracked 
| 100|0x0000000086400000, 0x0000000086500000, 0x0000000086500000|100%| O|  |TAMS 0x0000000086500000, 0x0000000086500000| Untracked 
| 101|0x0000000086500000, 0x0000000086600000, 0x0000000086600000|100%| O|  |TAMS 0x0000000086500000, 0x0000000086600000| Untracked 
| 102|0x0000000086600000, 0x0000000086700000, 0x0000000086700000|100%| O|  |TAMS 0x0000000086700000, 0x0000000086700000| Untracked 
| 103|0x0000000086700000, 0x0000000086800000, 0x0000000086800000|100%| O|  |TAMS 0x0000000086800000, 0x0000000086800000| Untracked 
| 104|0x0000000086800000, 0x0000000086900000, 0x0000000086900000|100%| O|  |TAMS 0x0000000086800000, 0x0000000086900000| Untracked 
| 105|0x0000000086900000, 0x0000000086a00000, 0x0000000086a00000|100%| O|  |TAMS 0x0000000086a00000, 0x0000000086a00000| Untracked 
| 106|0x0000000086a00000, 0x0000000086b00000, 0x0000000086b00000|100%| O|  |TAMS 0x0000000086b00000, 0x0000000086b00000| Untracked 
| 107|0x0000000086b00000, 0x0000000086c00000, 0x0000000086c00000|100%| O|  |TAMS 0x0000000086c00000, 0x0000000086c00000| Untracked 
| 108|0x0000000086c00000, 0x0000000086d00000, 0x0000000086d00000|100%| O|  |TAMS 0x0000000086d00000, 0x0000000086d00000| Untracked 
| 109|0x0000000086d00000, 0x0000000086e00000, 0x0000000086e00000|100%| O|  |TAMS 0x0000000086e00000, 0x0000000086e00000| Untracked 
| 110|0x0000000086e00000, 0x0000000086f00000, 0x0000000086f00000|100%| O|  |TAMS 0x0000000086f00000, 0x0000000086f00000| Untracked 
| 111|0x0000000086f00000, 0x0000000087000000, 0x0000000087000000|100%| O|  |TAMS 0x0000000087000000, 0x0000000087000000| Untracked 
| 112|0x0000000087000000, 0x0000000087100000, 0x0000000087100000|100%| O|  |TAMS 0x0000000087000000, 0x0000000087100000| Untracked 
| 113|0x0000000087100000, 0x0000000087200000, 0x0000000087200000|100%| O|  |TAMS 0x0000000087100000, 0x0000000087200000| Untracked 
| 114|0x0000000087200000, 0x0000000087300000, 0x0000000087300000|100%| O|  |TAMS 0x0000000087300000, 0x0000000087300000| Untracked 
| 115|0x0000000087300000, 0x0000000087300000, 0x0000000087400000|  0%| F|  |TAMS 0x0000000087300000, 0x0000000087300000| Untracked 
| 116|0x0000000087400000, 0x0000000087500000, 0x0000000087500000|100%| O|  |TAMS 0x0000000087500000, 0x0000000087500000| Untracked 
| 117|0x0000000087500000, 0x0000000087600000, 0x0000000087600000|100%| O|  |TAMS 0x0000000087600000, 0x0000000087600000| Untracked 
| 118|0x0000000087600000, 0x0000000087600000, 0x0000000087700000|  0%| F|  |TAMS 0x0000000087600000, 0x0000000087600000| Untracked 
| 119|0x0000000087700000, 0x0000000087800000, 0x0000000087800000|100%| O|  |TAMS 0x0000000087800000, 0x0000000087800000| Untracked 
| 120|0x0000000087800000, 0x0000000087900000, 0x0000000087900000|100%| O|  |TAMS 0x0000000087900000, 0x0000000087900000| Untracked 
| 121|0x0000000087900000, 0x0000000087a00000, 0x0000000087a00000|100%| O|  |TAMS 0x0000000087a00000, 0x0000000087a00000| Untracked 
| 122|0x0000000087a00000, 0x0000000087b00000, 0x0000000087b00000|100%| O|  |TAMS 0x0000000087b00000, 0x0000000087b00000| Untracked 
| 123|0x0000000087b00000, 0x0000000087c00000, 0x0000000087c00000|100%| O|  |TAMS 0x0000000087c00000, 0x0000000087c00000| Untracked 
| 124|0x0000000087c00000, 0x0000000087d00000, 0x0000000087d00000|100%| O|  |TAMS 0x0000000087d00000, 0x0000000087d00000| Untracked 
| 125|0x0000000087d00000, 0x0000000087e00000, 0x0000000087e00000|100%| O|  |TAMS 0x0000000087d1e600, 0x0000000087e00000| Untracked 
| 126|0x0000000087e00000, 0x0000000087f00000, 0x0000000087f00000|100%| O|  |TAMS 0x0000000087f00000, 0x0000000087f00000| Untracked 
| 127|0x0000000087f00000, 0x0000000088000000, 0x0000000088000000|100%| O|  |TAMS 0x0000000087f00000, 0x0000000088000000| Untracked 
| 128|0x0000000088000000, 0x0000000088100000, 0x0000000088100000|100%| O|  |TAMS 0x0000000088000000, 0x0000000088100000| Untracked 
| 129|0x0000000088100000, 0x00000000881fce00, 0x0000000088200000| 98%| O|  |TAMS 0x0000000088100000, 0x00000000881fce00| Untracked 
| 130|0x0000000088200000, 0x0000000088300000, 0x0000000088300000|100%|HS|  |TAMS 0x0000000088200000, 0x0000000088200000| Complete 
| 131|0x0000000088300000, 0x0000000088400000, 0x0000000088400000|100%|HC|  |TAMS 0x0000000088300000, 0x0000000088300000| Complete 
| 132|0x0000000088400000, 0x0000000088500000, 0x0000000088500000|100%|HS|  |TAMS 0x0000000088400000, 0x0000000088400000| Complete 
| 133|0x0000000088500000, 0x0000000088600000, 0x0000000088600000|100%|HC|  |TAMS 0x0000000088500000, 0x0000000088500000| Complete 
| 134|0x0000000088600000, 0x0000000088600000, 0x0000000088700000|  0%| F|  |TAMS 0x0000000088600000, 0x0000000088600000| Untracked 
| 135|0x0000000088700000, 0x0000000088800000, 0x0000000088800000|100%| O|  |TAMS 0x0000000088800000, 0x0000000088800000| Untracked 
| 136|0x0000000088800000, 0x0000000088900000, 0x0000000088900000|100%| O|  |TAMS 0x0000000088900000, 0x0000000088900000| Untracked 
| 137|0x0000000088900000, 0x0000000088900000, 0x0000000088a00000|  0%| F|  |TAMS 0x0000000088900000, 0x0000000088900000| Untracked 
| 138|0x0000000088a00000, 0x0000000088b00000, 0x0000000088b00000|100%| O|  |TAMS 0x0000000088b00000, 0x0000000088b00000| Untracked 
| 139|0x0000000088b00000, 0x0000000088c00000, 0x0000000088c00000|100%|HS|  |TAMS 0x0000000088b00000, 0x0000000088b00000| Complete 
| 140|0x0000000088c00000, 0x0000000088d00000, 0x0000000088d00000|100%|HC|  |TAMS 0x0000000088c00000, 0x0000000088c00000| Complete 
| 141|0x0000000088d00000, 0x0000000088e00000, 0x0000000088e00000|100%|HS|  |TAMS 0x0000000088d00000, 0x0000000088d00000| Complete 
| 142|0x0000000088e00000, 0x0000000088f00000, 0x0000000088f00000|100%|HC|  |TAMS 0x0000000088e00000, 0x0000000088e00000| Complete 
| 143|0x0000000088f00000, 0x0000000088f00000, 0x0000000089000000|  0%| F|  |TAMS 0x0000000088f00000, 0x0000000088f00000| Untracked 
| 144|0x0000000089000000, 0x0000000089000000, 0x0000000089100000|  0%| F|  |TAMS 0x0000000089000000, 0x0000000089000000| Untracked 
| 145|0x0000000089100000, 0x0000000089100000, 0x0000000089200000|  0%| F|  |TAMS 0x0000000089100000, 0x0000000089100000| Untracked 
| 146|0x0000000089200000, 0x0000000089200000, 0x0000000089300000|  0%| F|  |TAMS 0x0000000089200000, 0x0000000089200000| Untracked 
| 147|0x0000000089300000, 0x0000000089300000, 0x0000000089400000|  0%| F|  |TAMS 0x0000000089300000, 0x0000000089300000| Untracked 
| 148|0x0000000089400000, 0x0000000089400000, 0x0000000089500000|  0%| F|  |TAMS 0x0000000089400000, 0x0000000089400000| Untracked 
| 149|0x0000000089500000, 0x0000000089500000, 0x0000000089600000|  0%| F|  |TAMS 0x0000000089500000, 0x0000000089500000| Untracked 
| 150|0x0000000089600000, 0x0000000089600000, 0x0000000089700000|  0%| F|  |TAMS 0x0000000089600000, 0x0000000089600000| Untracked 
| 151|0x0000000089700000, 0x0000000089800000, 0x0000000089800000|100%| O|  |TAMS 0x0000000089800000, 0x0000000089800000| Untracked 
| 152|0x0000000089800000, 0x0000000089900000, 0x0000000089900000|100%| O|  |TAMS 0x0000000089900000, 0x0000000089900000| Untracked 
| 153|0x0000000089900000, 0x0000000089900000, 0x0000000089a00000|  0%| F|  |TAMS 0x0000000089900000, 0x0000000089900000| Untracked 
| 154|0x0000000089a00000, 0x0000000089b00000, 0x0000000089b00000|100%| O|  |TAMS 0x0000000089b00000, 0x0000000089b00000| Untracked 
| 155|0x0000000089b00000, 0x0000000089b00000, 0x0000000089c00000|  0%| F|  |TAMS 0x0000000089b00000, 0x0000000089b00000| Untracked 
| 156|0x0000000089c00000, 0x0000000089c00000, 0x0000000089d00000|  0%| F|  |TAMS 0x0000000089c00000, 0x0000000089c00000| Untracked 
| 157|0x0000000089d00000, 0x0000000089d00000, 0x0000000089e00000|  0%| F|  |TAMS 0x0000000089d00000, 0x0000000089d00000| Untracked 
| 158|0x0000000089e00000, 0x0000000089e00000, 0x0000000089f00000|  0%| F|  |TAMS 0x0000000089e00000, 0x0000000089e00000| Untracked 
| 159|0x0000000089f00000, 0x0000000089f00000, 0x000000008a000000|  0%| F|  |TAMS 0x0000000089f00000, 0x0000000089f00000| Untracked 
| 160|0x000000008a000000, 0x000000008a000000, 0x000000008a100000|  0%| F|  |TAMS 0x000000008a000000, 0x000000008a000000| Untracked 
| 161|0x000000008a100000, 0x000000008a100000, 0x000000008a200000|  0%| F|  |TAMS 0x000000008a100000, 0x000000008a100000| Untracked 
| 162|0x000000008a200000, 0x000000008a200000, 0x000000008a300000|  0%| F|  |TAMS 0x000000008a200000, 0x000000008a200000| Untracked 
| 163|0x000000008a300000, 0x000000008a300000, 0x000000008a400000|  0%| F|  |TAMS 0x000000008a300000, 0x000000008a300000| Untracked 
| 164|0x000000008a400000, 0x000000008a400000, 0x000000008a500000|  0%| F|  |TAMS 0x000000008a400000, 0x000000008a400000| Untracked 
| 165|0x000000008a500000, 0x000000008a500000, 0x000000008a600000|  0%| F|  |TAMS 0x000000008a500000, 0x000000008a500000| Untracked 
| 166|0x000000008a600000, 0x000000008a600000, 0x000000008a700000|  0%| F|  |TAMS 0x000000008a600000, 0x000000008a600000| Untracked 
| 167|0x000000008a700000, 0x000000008a700000, 0x000000008a800000|  0%| F|  |TAMS 0x000000008a700000, 0x000000008a700000| Untracked 
| 168|0x000000008a800000, 0x000000008a800000, 0x000000008a900000|  0%| F|  |TAMS 0x000000008a800000, 0x000000008a800000| Untracked 
| 169|0x000000008a900000, 0x000000008a900000, 0x000000008aa00000|  0%| F|  |TAMS 0x000000008a900000, 0x000000008a900000| Untracked 
| 170|0x000000008aa00000, 0x000000008aa00000, 0x000000008ab00000|  0%| F|  |TAMS 0x000000008aa00000, 0x000000008aa00000| Untracked 
| 171|0x000000008ab00000, 0x000000008ab00000, 0x000000008ac00000|  0%| F|  |TAMS 0x000000008ab00000, 0x000000008ab00000| Untracked 
| 172|0x000000008ac00000, 0x000000008ac00000, 0x000000008ad00000|  0%| F|  |TAMS 0x000000008ac00000, 0x000000008ac00000| Untracked 
| 173|0x000000008ad00000, 0x000000008ad00000, 0x000000008ae00000|  0%| F|  |TAMS 0x000000008ad00000, 0x000000008ad00000| Untracked 
| 174|0x000000008ae00000, 0x000000008ae00000, 0x000000008af00000|  0%| F|  |TAMS 0x000000008ae00000, 0x000000008ae00000| Untracked 
| 175|0x000000008af00000, 0x000000008af00000, 0x000000008b000000|  0%| F|  |TAMS 0x000000008af00000, 0x000000008af00000| Untracked 
| 176|0x000000008b000000, 0x000000008b000000, 0x000000008b100000|  0%| F|  |TAMS 0x000000008b000000, 0x000000008b000000| Untracked 
| 177|0x000000008b100000, 0x000000008b100000, 0x000000008b200000|  0%| F|  |TAMS 0x000000008b100000, 0x000000008b100000| Untracked 
| 178|0x000000008b200000, 0x000000008b200000, 0x000000008b300000|  0%| F|  |TAMS 0x000000008b200000, 0x000000008b200000| Untracked 
| 179|0x000000008b300000, 0x000000008b300000, 0x000000008b400000|  0%| F|  |TAMS 0x000000008b300000, 0x000000008b300000| Untracked 
| 180|0x000000008b400000, 0x000000008b400000, 0x000000008b500000|  0%| F|  |TAMS 0x000000008b400000, 0x000000008b400000| Untracked 
| 181|0x000000008b500000, 0x000000008b500000, 0x000000008b600000|  0%| F|  |TAMS 0x000000008b500000, 0x000000008b500000| Untracked 
| 182|0x000000008b600000, 0x000000008b600000, 0x000000008b700000|  0%| F|  |TAMS 0x000000008b600000, 0x000000008b600000| Untracked 
| 183|0x000000008b700000, 0x000000008b700000, 0x000000008b800000|  0%| F|  |TAMS 0x000000008b700000, 0x000000008b700000| Untracked 
| 184|0x000000008b800000, 0x000000008b800000, 0x000000008b900000|  0%| F|  |TAMS 0x000000008b800000, 0x000000008b800000| Untracked 
| 185|0x000000008b900000, 0x000000008b900000, 0x000000008ba00000|  0%| F|  |TAMS 0x000000008b900000, 0x000000008b900000| Untracked 
| 186|0x000000008ba00000, 0x000000008ba00000, 0x000000008bb00000|  0%| F|  |TAMS 0x000000008ba00000, 0x000000008ba00000| Untracked 
| 187|0x000000008bb00000, 0x000000008bb00000, 0x000000008bc00000|  0%| F|  |TAMS 0x000000008bb00000, 0x000000008bb00000| Untracked 
| 188|0x000000008bc00000, 0x000000008bc00000, 0x000000008bd00000|  0%| F|  |TAMS 0x000000008bc00000, 0x000000008bc00000| Untracked 
| 189|0x000000008bd00000, 0x000000008bd00000, 0x000000008be00000|  0%| F|  |TAMS 0x000000008bd00000, 0x000000008bd00000| Untracked 
| 190|0x000000008be00000, 0x000000008be00000, 0x000000008bf00000|  0%| F|  |TAMS 0x000000008be00000, 0x000000008be00000| Untracked 
| 191|0x000000008bf00000, 0x000000008bf00000, 0x000000008c000000|  0%| F|  |TAMS 0x000000008bf00000, 0x000000008bf00000| Untracked 
| 192|0x000000008c000000, 0x000000008c000000, 0x000000008c100000|  0%| F|  |TAMS 0x000000008c000000, 0x000000008c000000| Untracked 
| 193|0x000000008c100000, 0x000000008c100000, 0x000000008c200000|  0%| F|  |TAMS 0x000000008c100000, 0x000000008c100000| Untracked 
| 194|0x000000008c200000, 0x000000008c200000, 0x000000008c300000|  0%| F|  |TAMS 0x000000008c200000, 0x000000008c200000| Untracked 
| 195|0x000000008c300000, 0x000000008c300000, 0x000000008c400000|  0%| F|  |TAMS 0x000000008c300000, 0x000000008c300000| Untracked 
| 196|0x000000008c400000, 0x000000008c400000, 0x000000008c500000|  0%| F|  |TAMS 0x000000008c400000, 0x000000008c400000| Untracked 
| 197|0x000000008c500000, 0x000000008c500000, 0x000000008c600000|  0%| F|  |TAMS 0x000000008c500000, 0x000000008c500000| Untracked 
| 198|0x000000008c600000, 0x000000008c600000, 0x000000008c700000|  0%| F|  |TAMS 0x000000008c600000, 0x000000008c600000| Untracked 
| 199|0x000000008c700000, 0x000000008c700000, 0x000000008c800000|  0%| F|  |TAMS 0x000000008c700000, 0x000000008c700000| Untracked 
| 200|0x000000008c800000, 0x000000008c800000, 0x000000008c900000|  0%| F|  |TAMS 0x000000008c800000, 0x000000008c800000| Untracked 
| 201|0x000000008c900000, 0x000000008c900000, 0x000000008ca00000|  0%| F|  |TAMS 0x000000008c900000, 0x000000008c900000| Untracked 
| 202|0x000000008ca00000, 0x000000008ca00000, 0x000000008cb00000|  0%| F|  |TAMS 0x000000008ca00000, 0x000000008ca00000| Untracked 
| 203|0x000000008cb00000, 0x000000008cb00000, 0x000000008cc00000|  0%| F|  |TAMS 0x000000008cb00000, 0x000000008cb00000| Untracked 
| 204|0x000000008cc00000, 0x000000008cc00000, 0x000000008cd00000|  0%| F|  |TAMS 0x000000008cc00000, 0x000000008cc00000| Untracked 
| 205|0x000000008cd00000, 0x000000008cd00000, 0x000000008ce00000|  0%| F|  |TAMS 0x000000008cd00000, 0x000000008cd00000| Untracked 
| 206|0x000000008ce00000, 0x000000008ce00000, 0x000000008cf00000|  0%| F|  |TAMS 0x000000008ce00000, 0x000000008ce00000| Untracked 
| 207|0x000000008cf00000, 0x000000008cf00000, 0x000000008d000000|  0%| F|  |TAMS 0x000000008cf00000, 0x000000008cf00000| Untracked 
| 208|0x000000008d000000, 0x000000008d000000, 0x000000008d100000|  0%| F|  |TAMS 0x000000008d000000, 0x000000008d000000| Untracked 
| 209|0x000000008d100000, 0x000000008d100000, 0x000000008d200000|  0%| F|  |TAMS 0x000000008d100000, 0x000000008d100000| Untracked 
| 210|0x000000008d200000, 0x000000008d200000, 0x000000008d300000|  0%| F|  |TAMS 0x000000008d200000, 0x000000008d200000| Untracked 
| 211|0x000000008d300000, 0x000000008d300000, 0x000000008d400000|  0%| F|  |TAMS 0x000000008d300000, 0x000000008d300000| Untracked 
| 212|0x000000008d400000, 0x000000008d400000, 0x000000008d500000|  0%| F|  |TAMS 0x000000008d400000, 0x000000008d400000| Untracked 
| 213|0x000000008d500000, 0x000000008d500000, 0x000000008d600000|  0%| F|  |TAMS 0x000000008d500000, 0x000000008d500000| Untracked 
| 214|0x000000008d600000, 0x000000008d600000, 0x000000008d700000|  0%| F|  |TAMS 0x000000008d600000, 0x000000008d600000| Untracked 
| 215|0x000000008d700000, 0x000000008d700000, 0x000000008d800000|  0%| F|  |TAMS 0x000000008d700000, 0x000000008d700000| Untracked 
| 216|0x000000008d800000, 0x000000008d800000, 0x000000008d900000|  0%| F|  |TAMS 0x000000008d800000, 0x000000008d800000| Untracked 
| 217|0x000000008d900000, 0x000000008d900000, 0x000000008da00000|  0%| F|  |TAMS 0x000000008d900000, 0x000000008d900000| Untracked 
| 218|0x000000008da00000, 0x000000008da00000, 0x000000008db00000|  0%| F|  |TAMS 0x000000008da00000, 0x000000008da00000| Untracked 
| 219|0x000000008db00000, 0x000000008db00000, 0x000000008dc00000|  0%| F|  |TAMS 0x000000008db00000, 0x000000008db00000| Untracked 
| 220|0x000000008dc00000, 0x000000008dc00000, 0x000000008dd00000|  0%| F|  |TAMS 0x000000008dc00000, 0x000000008dc00000| Untracked 
| 221|0x000000008dd00000, 0x000000008dd00000, 0x000000008de00000|  0%| F|  |TAMS 0x000000008dd00000, 0x000000008dd00000| Untracked 
| 222|0x000000008de00000, 0x000000008de00000, 0x000000008df00000|  0%| F|  |TAMS 0x000000008de00000, 0x000000008de00000| Untracked 
| 223|0x000000008df00000, 0x000000008df00000, 0x000000008e000000|  0%| F|  |TAMS 0x000000008df00000, 0x000000008df00000| Untracked 
| 224|0x000000008e000000, 0x000000008e000000, 0x000000008e100000|  0%| F|  |TAMS 0x000000008e000000, 0x000000008e000000| Untracked 
| 225|0x000000008e100000, 0x000000008e100000, 0x000000008e200000|  0%| F|  |TAMS 0x000000008e100000, 0x000000008e100000| Untracked 
| 226|0x000000008e200000, 0x000000008e200000, 0x000000008e300000|  0%| F|  |TAMS 0x000000008e200000, 0x000000008e200000| Untracked 
| 227|0x000000008e300000, 0x000000008e300000, 0x000000008e400000|  0%| F|  |TAMS 0x000000008e300000, 0x000000008e300000| Untracked 
| 228|0x000000008e400000, 0x000000008e400000, 0x000000008e500000|  0%| F|  |TAMS 0x000000008e400000, 0x000000008e400000| Untracked 
| 229|0x000000008e500000, 0x000000008e500000, 0x000000008e600000|  0%| F|  |TAMS 0x000000008e500000, 0x000000008e500000| Untracked 
| 230|0x000000008e600000, 0x000000008e600000, 0x000000008e700000|  0%| F|  |TAMS 0x000000008e600000, 0x000000008e600000| Untracked 
| 231|0x000000008e700000, 0x000000008e700000, 0x000000008e800000|  0%| F|  |TAMS 0x000000008e700000, 0x000000008e700000| Untracked 
| 232|0x000000008e800000, 0x000000008e800000, 0x000000008e900000|  0%| F|  |TAMS 0x000000008e800000, 0x000000008e800000| Untracked 
| 233|0x000000008e900000, 0x000000008e900000, 0x000000008ea00000|  0%| F|  |TAMS 0x000000008e900000, 0x000000008e900000| Untracked 
| 234|0x000000008ea00000, 0x000000008ea00000, 0x000000008eb00000|  0%| F|  |TAMS 0x000000008ea00000, 0x000000008ea00000| Untracked 
| 235|0x000000008eb00000, 0x000000008eb00000, 0x000000008ec00000|  0%| F|  |TAMS 0x000000008eb00000, 0x000000008eb00000| Untracked 
| 236|0x000000008ec00000, 0x000000008ec00000, 0x000000008ed00000|  0%| F|  |TAMS 0x000000008ec00000, 0x000000008ec00000| Untracked 
| 237|0x000000008ed00000, 0x000000008ed00000, 0x000000008ee00000|  0%| F|  |TAMS 0x000000008ed00000, 0x000000008ed00000| Untracked 
| 238|0x000000008ee00000, 0x000000008ee00000, 0x000000008ef00000|  0%| F|  |TAMS 0x000000008ee00000, 0x000000008ee00000| Untracked 
| 239|0x000000008ef00000, 0x000000008ef00000, 0x000000008f000000|  0%| F|  |TAMS 0x000000008ef00000, 0x000000008ef00000| Untracked 
| 240|0x000000008f000000, 0x000000008f000000, 0x000000008f100000|  0%| F|  |TAMS 0x000000008f000000, 0x000000008f000000| Untracked 
| 241|0x000000008f100000, 0x000000008f1b4d68, 0x000000008f200000| 70%| S|CS|TAMS 0x000000008f100000, 0x000000008f100000| Complete 
| 242|0x000000008f200000, 0x000000008f200000, 0x000000008f300000|  0%| F|  |TAMS 0x000000008f200000, 0x000000008f200000| Untracked 
| 243|0x000000008f300000, 0x000000008f300000, 0x000000008f400000|  0%| F|  |TAMS 0x000000008f300000, 0x000000008f300000| Untracked 
| 244|0x000000008f400000, 0x000000008f400000, 0x000000008f500000|  0%| F|  |TAMS 0x000000008f400000, 0x000000008f400000| Untracked 
| 245|0x000000008f500000, 0x000000008f500000, 0x000000008f600000|  0%| F|  |TAMS 0x000000008f500000, 0x000000008f500000| Untracked 
| 246|0x000000008f600000, 0x000000008f600000, 0x000000008f700000|  0%| F|  |TAMS 0x000000008f600000, 0x000000008f600000| Untracked 
| 247|0x000000008f700000, 0x000000008f700000, 0x000000008f800000|  0%| F|  |TAMS 0x000000008f700000, 0x000000008f700000| Untracked 
| 248|0x000000008f800000, 0x000000008f800000, 0x000000008f900000|  0%| F|  |TAMS 0x000000008f800000, 0x000000008f800000| Untracked 
| 249|0x000000008f900000, 0x000000008f900000, 0x000000008fa00000|  0%| F|  |TAMS 0x000000008f900000, 0x000000008f900000| Untracked 
| 250|0x000000008fa00000, 0x000000008fa00000, 0x000000008fb00000|  0%| F|  |TAMS 0x000000008fa00000, 0x000000008fa00000| Untracked 
| 251|0x000000008fb00000, 0x000000008fb00000, 0x000000008fc00000|  0%| F|  |TAMS 0x000000008fb00000, 0x000000008fb00000| Untracked 
| 252|0x000000008fc00000, 0x000000008fc00000, 0x000000008fd00000|  0%| F|  |TAMS 0x000000008fc00000, 0x000000008fc00000| Untracked 
| 253|0x000000008fd00000, 0x000000008fd00000, 0x000000008fe00000|  0%| F|  |TAMS 0x000000008fd00000, 0x000000008fd00000| Untracked 
| 254|0x000000008fe00000, 0x000000008fe1f930, 0x000000008ff00000| 12%| E|  |TAMS 0x000000008fe00000, 0x000000008fe00000| Complete 
| 255|0x000000008ff00000, 0x0000000090000000, 0x0000000090000000|100%| E|CS|TAMS 0x000000008ff00000, 0x000000008ff00000| Complete 

Card table byte_map: [0x0000025658070000,0x0000025658470000] _byte_map_base: 0x0000025657c70000

Marking Bits (Prev, Next): (CMBitMap*) 0x0000025642f4a038, (CMBitMap*) 0x0000025642f4a070
 Prev Bits: [0x0000025658870000, 0x000002565a870000)
 Next Bits: [0x000002565a870000, 0x000002565c870000)

Polling page: 0x0000025642fd0000

Metaspace:

Usage:
  Non-class:    130.68 MB capacity,   126.95 MB ( 97%) used,     3.06 MB (  2%) free+waste,   680.69 KB ( <1%) overhead. 
      Class:     19.77 MB capacity,    17.73 MB ( 90%) used,     1.75 MB (  9%) free+waste,   298.31 KB (  1%) overhead. 
       Both:    150.45 MB capacity,   144.68 MB ( 96%) used,     4.82 MB (  3%) free+waste,   979.00 KB ( <1%) overhead. 

Virtual space:
  Non-class space:      132.00 MB reserved,     130.87 MB (>99%) committed 
      Class space:        1.00 GB reserved,      19.82 MB (  2%) committed 
             Both:        1.13 GB reserved,     150.70 MB ( 13%) committed 

Chunk freelists:
   Non-Class:  72.00 KB
       Class:  15.00 KB
        Both:  87.00 KB

MaxMetaspaceSize: 17179869184.00 GB
CompressedClassSpaceSize: 1.00 GB
Initial GC threshold: 20.80 MB
Current GC threshold: 251.16 MB
CDS: off

CodeHeap 'non-profiled nmethods': size=120000Kb used=30216Kb max_used=30216Kb free=89783Kb
 bounds [0x000002564fcc0000, 0x0000025651a50000, 0x00000256571f0000]
CodeHeap 'profiled nmethods': size=120000Kb used=66082Kb max_used=66082Kb free=53918Kb
 bounds [0x0000025648790000, 0x000002564c850000, 0x000002564fcc0000]
CodeHeap 'non-nmethods': size=5760Kb used=2504Kb max_used=2598Kb free=3255Kb
 bounds [0x00000256481f0000, 0x0000025648480000, 0x0000025648790000]
 total_blobs=31401 nmethods=30351 adapters=960
 compilation: enabled
              stopped_count=0, restarted_count=0
 full_count=0

Compilation events (20 events):
Event: 4967.258 Thread 0x0000025661106000 36519       4       com.android.tools.r8.internal.Eu::size (8 bytes)
Event: 4967.258 Thread 0x0000025661106000 nmethod 36519 0x0000025651a3c290 code [0x0000025651a3c420, 0x0000025651a3c498]
Event: 4967.259 Thread 0x0000025661106000 36536   !   4       java.util.concurrent.ConcurrentHashMap::merge (545 bytes)
Event: 4967.262 Thread 0x000002565fc55800 36540       3       com.android.tools.r8.internal.Dl::i (8 bytes)
Event: 4967.262 Thread 0x000002565fc55800 nmethod 36540 0x0000025649abcd10 code [0x0000025649abcf00, 0x0000025649abd458]
Event: 4967.271 Thread 0x000002565fc55800 36542       3       com.android.builder.files.SerializableInputChanges::<init> (27 bytes)
Event: 4967.272 Thread 0x000002565fc55800 nmethod 36542 0x0000025649d42490 code [0x0000025649d42740, 0x0000025649d43278]
Event: 4967.272 Thread 0x000002565fc55800 36543   !   3       jdk.internal.reflect.GeneratedSerializationConstructorAccessor78::newInstance (49 bytes)
Event: 4967.272 Thread 0x000002565fc55800 nmethod 36543 0x0000025649d41c90 code [0x0000025649d41e80, 0x0000025649d42268]
Event: 4967.272 Thread 0x000002565fc55800 36544       3       com.google.common.collect.ImmutableList$SerializedForm::readResolve (8 bytes)
Event: 4967.272 Thread 0x000002565fc55800 nmethod 36544 0x000002564b252b10 code [0x000002564b252cc0, 0x000002564b252de8]
Event: 4967.292 Thread 0x0000025661106000 nmethod 36536 0x0000025651a3c590 code [0x0000025651a3c7c0, 0x0000025651a3dd30]
Event: 4967.292 Thread 0x0000025661106000 36541       4       com.android.tools.r8.internal.Dl::b (42 bytes)
Event: 4967.295 Thread 0x0000025661106000 nmethod 36541 0x0000025651a3ea90 code [0x0000025651a3ec40, 0x0000025651a3eeb8]
Event: 4967.295 Thread 0x0000025661106000 36539       4       com.android.tools.r8.dex.code.I1::a (44 bytes)
Event: 4967.303 Thread 0x0000025661106000 nmethod 36539 0x0000025651a3f190 code [0x0000025651a3f420, 0x0000025651a3fb60]
Event: 4967.303 Thread 0x0000025661106000 36537       4       com.android.tools.r8.internal.jo::a (48 bytes)
Event: 4967.317 Thread 0x0000025661106000 nmethod 36537 0x0000025651a40590 code [0x0000025651a40780, 0x0000025651a41168]
Event: 4967.317 Thread 0x0000025661106000 36538       4       com.android.tools.r8.internal.w::a (8 bytes)
Event: 4967.318 Thread 0x0000025661106000 nmethod 36538 0x0000025651a41990 code [0x0000025651a41b40, 0x0000025651a41c08]

GC Heap History (20 events):
Event: 4846.727 GC heap before
{Heap before GC invocations=189 (full 0):
 garbage-first heap   total 262144K, used 136140K [0x0000000080000000, 0x0000000100000000)
  region size 1024K, 12 young (12288K), 1 survivors (1024K)
 Metaspace       used 147893K, capacity 153796K, committed 154056K, reserved 1183744K
  class space    used 18162K, capacity 20261K, committed 20300K, reserved 1048576K
}
Event: 4846.736 GC heap after
{Heap after GC invocations=190 (full 0):
 garbage-first heap   total 262144K, used 119598K [0x0000000080000000, 0x0000000100000000)
  region size 1024K, 2 young (2048K), 2 survivors (2048K)
 Metaspace       used 147893K, capacity 153796K, committed 154056K, reserved 1183744K
  class space    used 18162K, capacity 20261K, committed 20300K, reserved 1048576K
}
Event: 4891.807 GC heap before
{Heap before GC invocations=190 (full 0):
 garbage-first heap   total 262144K, used 217902K [0x0000000080000000, 0x0000000100000000)
  region size 1024K, 99 young (101376K), 2 survivors (2048K)
 Metaspace       used 147994K, capacity 153993K, committed 154056K, reserved 1183744K
  class space    used 18162K, capacity 20261K, committed 20300K, reserved 1048576K
}
Event: 4891.817 GC heap after
{Heap after GC invocations=191 (full 0):
 garbage-first heap   total 262144K, used 121317K [0x0000000080000000, 0x0000000100000000)
  region size 1024K, 4 young (4096K), 4 survivors (4096K)
 Metaspace       used 147994K, capacity 153993K, committed 154056K, reserved 1183744K
  class space    used 18162K, capacity 20261K, committed 20300K, reserved 1048576K
}
Event: 4911.864 GC heap before
{Heap before GC invocations=192 (full 0):
 garbage-first heap   total 262144K, used 230885K [0x0000000080000000, 0x0000000100000000)
  region size 1024K, 100 young (102400K), 4 survivors (4096K)
 Metaspace       used 147977K, capacity 153910K, committed 154056K, reserved 1183744K
  class space    used 18155K, capacity 20247K, committed 20300K, reserved 1048576K
}
Event: 4911.869 GC heap after
{Heap after GC invocations=193 (full 0):
 garbage-first heap   total 262144K, used 121699K [0x0000000080000000, 0x0000000100000000)
  region size 1024K, 4 young (4096K), 4 survivors (4096K)
 Metaspace       used 147977K, capacity 153910K, committed 154056K, reserved 1183744K
  class space    used 18155K, capacity 20247K, committed 20300K, reserved 1048576K
}
Event: 4911.907 GC heap before
{Heap before GC invocations=193 (full 0):
 garbage-first heap   total 262144K, used 129891K [0x0000000080000000, 0x0000000100000000)
  region size 1024K, 12 young (12288K), 4 survivors (4096K)
 Metaspace       used 147989K, capacity 153910K, committed 154056K, reserved 1183744K
  class space    used 18155K, capacity 20247K, committed 20300K, reserved 1048576K
}
Event: 4911.918 GC heap after
{Heap after GC invocations=194 (full 0):
 garbage-first heap   total 262144K, used 119483K [0x0000000080000000, 0x0000000100000000)
  region size 1024K, 2 young (2048K), 2 survivors (2048K)
 Metaspace       used 147989K, capacity 153910K, committed 154056K, reserved 1183744K
  class space    used 18155K, capacity 20247K, committed 20300K, reserved 1048576K
}
Event: 4912.721 GC heap before
{Heap before GC invocations=194 (full 0):
 garbage-first heap   total 262144K, used 171707K [0x0000000080000000, 0x0000000100000000)
  region size 1024K, 55 young (56320K), 2 survivors (2048K)
 Metaspace       used 148014K, capacity 153976K, committed 154312K, reserved 1183744K
  class space    used 18155K, capacity 20247K, committed 20300K, reserved 1048576K
}
Event: 4912.731 GC heap after
{Heap after GC invocations=195 (full 0):
 garbage-first heap   total 262144K, used 123121K [0x0000000080000000, 0x0000000100000000)
  region size 1024K, 6 young (6144K), 6 survivors (6144K)
 Metaspace       used 148014K, capacity 153976K, committed 154312K, reserved 1183744K
  class space    used 18155K, capacity 20247K, committed 20300K, reserved 1048576K
}
Event: 4941.963 GC heap before
{Heap before GC invocations=196 (full 0):
 garbage-first heap   total 262144K, used 211185K [0x0000000080000000, 0x0000000100000000)
  region size 1024K, 81 young (82944K), 6 survivors (6144K)
 Metaspace       used 148047K, capacity 154044K, committed 154312K, reserved 1183744K
  class space    used 18155K, capacity 20247K, committed 20300K, reserved 1048576K
}
Event: 4941.973 GC heap after
{Heap after GC invocations=197 (full 0):
 garbage-first heap   total 262144K, used 129949K [0x0000000080000000, 0x0000000100000000)
  region size 1024K, 11 young (11264K), 11 survivors (11264K)
 Metaspace       used 148047K, capacity 154044K, committed 154312K, reserved 1183744K
  class space    used 18155K, capacity 20247K, committed 20300K, reserved 1048576K
}
Event: 4941.978 GC heap before
{Heap before GC invocations=197 (full 0):
 garbage-first heap   total 262144K, used 130973K [0x0000000080000000, 0x0000000100000000)
  region size 1024K, 12 young (12288K), 11 survivors (11264K)
 Metaspace       used 148048K, capacity 154044K, committed 154312K, reserved 1183744K
  class space    used 18155K, capacity 20247K, committed 20300K, reserved 1048576K
}
Event: 4941.992 GC heap after
{Heap after GC invocations=198 (full 0):
 garbage-first heap   total 262144K, used 124732K [0x0000000080000000, 0x0000000100000000)
  region size 1024K, 2 young (2048K), 2 survivors (2048K)
 Metaspace       used 148048K, capacity 154044K, committed 154312K, reserved 1183744K
  class space    used 18155K, capacity 20247K, committed 20300K, reserved 1048576K
}
Event: 4942.118 GC heap before
{Heap before GC invocations=198 (full 0):
 garbage-first heap   total 262144K, used 141116K [0x0000000080000000, 0x0000000100000000)
  region size 1024K, 20 young (20480K), 2 survivors (2048K)
 Metaspace       used 148102K, capacity 154053K, committed 154312K, reserved 1183744K
  class space    used 18155K, capacity 20247K, committed 20300K, reserved 1048576K
}
Event: 4942.126 GC heap after
{Heap after GC invocations=199 (full 0):
 garbage-first heap   total 262144K, used 123873K [0x0000000080000000, 0x0000000100000000)
  region size 1024K, 1 young (1024K), 1 survivors (1024K)
 Metaspace       used 148102K, capacity 154053K, committed 154312K, reserved 1183744K
  class space    used 18155K, capacity 20247K, committed 20300K, reserved 1048576K
}
Event: 4967.189 GC heap before
{Heap before GC invocations=200 (full 0):
 garbage-first heap   total 262144K, used 216033K [0x0000000080000000, 0x0000000100000000)
  region size 1024K, 80 young (81920K), 1 survivors (1024K)
 Metaspace       used 148138K, capacity 154059K, committed 154312K, reserved 1183744K
  class space    used 18155K, capacity 20247K, committed 20300K, reserved 1048576K
}
Event: 4967.202 GC heap after
{Heap after GC invocations=201 (full 0):
 garbage-first heap   total 262144K, used 131580K [0x0000000080000000, 0x0000000100000000)
  region size 1024K, 9 young (9216K), 9 survivors (9216K)
 Metaspace       used 148138K, capacity 154059K, committed 154312K, reserved 1183744K
  class space    used 18155K, capacity 20247K, committed 20300K, reserved 1048576K
}
Event: 4967.212 GC heap before
{Heap before GC invocations=201 (full 0):
 garbage-first heap   total 262144K, used 134652K [0x0000000080000000, 0x0000000100000000)
  region size 1024K, 12 young (12288K), 9 survivors (9216K)
 Metaspace       used 148140K, capacity 154059K, committed 154312K, reserved 1183744K
  class space    used 18155K, capacity 20247K, committed 20300K, reserved 1048576K
}
Event: 4967.231 GC heap after
{Heap after GC invocations=202 (full 0):
 garbage-first heap   total 262144K, used 125720K [0x0000000080000000, 0x0000000100000000)
  region size 1024K, 1 young (1024K), 1 survivors (1024K)
 Metaspace       used 148140K, capacity 154059K, committed 154312K, reserved 1183744K
  class space    used 18155K, capacity 20247K, committed 20300K, reserved 1048576K
}

Deoptimization events (20 events):
Event: 4846.891 Thread 0x0000025663262000 DEOPT PACKING pc=0x00000256518faf3c sp=0x00000078500fd290
Event: 4846.891 Thread 0x0000025663262000 DEOPT UNPACKING pc=0x000002564823a1af sp=0x00000078500fd258 mode 2
Event: 4846.895 Thread 0x0000025663262000 Uncommon trap: trap_request=0xffffffbe fr.pc=0x00000256518faf3c relative=0x0000000000000c9c
Event: 4846.895 Thread 0x0000025663262000 Uncommon trap: reason=profile_predicate action=maybe_recompile pc=0x00000256518faf3c method=com.google.common.collect.ImmutableSortedMap.forEach(Ljava/util/function/BiConsumer;)V @ 20 c2
Event: 4846.895 Thread 0x0000025663262000 DEOPT PACKING pc=0x00000256518faf3c sp=0x00000078500fd290
Event: 4846.895 Thread 0x0000025663262000 DEOPT UNPACKING pc=0x000002564823a1af sp=0x00000078500fd258 mode 2
Event: 4846.981 Thread 0x000002566326c800 DEOPT PACKING pc=0x000002564bb051bb sp=0x00000078505fd360
Event: 4846.982 Thread 0x000002566326c800 DEOPT UNPACKING pc=0x000002564823a95e sp=0x00000078505fc890 mode 0
Event: 4892.602 Thread 0x0000025666e54800 Uncommon trap: trap_request=0xffffff4d fr.pc=0x000002565080e39c relative=0x0000000000000a1c
Event: 4892.602 Thread 0x0000025666e54800 Uncommon trap: reason=unstable_if action=reinterpret pc=0x000002565080e39c method=java.util.concurrent.ConcurrentLinkedQueue.offer(Ljava/lang/Object;)Z @ 42 c2
Event: 4892.602 Thread 0x0000025666e54800 DEOPT PACKING pc=0x000002565080e39c sp=0x000000784ddfe0d0
Event: 4892.602 Thread 0x0000025666e54800 DEOPT UNPACKING pc=0x000002564823a1af sp=0x000000784ddfdf10 mode 2
Event: 4941.317 Thread 0x0000025664d6b800 DEOPT PACKING pc=0x00000256488f366b sp=0x00000078500fbf10
Event: 4941.317 Thread 0x0000025664d6b800 DEOPT UNPACKING pc=0x000002564823a95e sp=0x00000078500fb478 mode 0
Event: 4942.013 Thread 0x000002566326a000 Uncommon trap: trap_request=0xffffff76 fr.pc=0x00000256519b3550 relative=0x0000000000001390
Event: 4942.013 Thread 0x000002566326a000 Uncommon trap: reason=loop_limit_check action=maybe_recompile pc=0x00000256519b3550 method=com.android.tools.r8.internal.K.putAll(Ljava/util/Map;)V @ 31 c2
Event: 4942.013 Thread 0x000002566326a000 DEOPT PACKING pc=0x00000256519b3550 sp=0x0000007850cfc2e0
Event: 4942.013 Thread 0x000002566326a000 DEOPT UNPACKING pc=0x000002564823a1af sp=0x0000007850cfc310 mode 2
Event: 4942.140 Thread 0x000002566326b000 DEOPT PACKING pc=0x000002564a4b7d54 sp=0x0000007850dfd610
Event: 4942.140 Thread 0x000002566326b000 DEOPT UNPACKING pc=0x000002564823a95e sp=0x0000007850dfcb60 mode 0

Classes redefined (0 events):
No events

Internal exceptions (20 events):
Event: 4941.244 Thread 0x0000025664d63800 Exception <a 'sun/nio/fs/WindowsException'{0x000000008da58268}> (0x000000008da58268) thrown at [src/hotspot/share/prims/jni.cpp, line 617]
Event: 4941.390 Thread 0x000002566326b000 Exception <a 'java/lang/InterruptedException'{0x000000008b631260}> (0x000000008b631260) thrown at [src/hotspot/share/runtime/objectMonitor.cpp, line 1635]
Event: 4942.007 Thread 0x000002566326a000 Exception <a 'sun/nio/fs/WindowsException'{0x000000008fbb3320}> (0x000000008fbb3320) thrown at [src/hotspot/share/prims/jni.cpp, line 617]
Event: 4942.028 Thread 0x000002566326a000 Exception <a 'sun/nio/fs/WindowsException'{0x000000008f6f3f98}> (0x000000008f6f3f98) thrown at [src/hotspot/share/prims/jni.cpp, line 617]
Event: 4942.040 Thread 0x000002566326c800 Exception <a 'sun/nio/fs/WindowsException'{0x000000008f58a3b8}> (0x000000008f58a3b8) thrown at [src/hotspot/share/prims/jni.cpp, line 617]
Event: 4942.047 Thread 0x000002566326c800 Exception <a 'sun/nio/fs/WindowsException'{0x000000008f3489a8}> (0x000000008f3489a8) thrown at [src/hotspot/share/prims/jni.cpp, line 617]
Event: 4942.171 Thread 0x0000025664d63800 Exception <a 'sun/nio/fs/WindowsException'{0x000000008fe72e80}> (0x000000008fe72e80) thrown at [src/hotspot/share/prims/jni.cpp, line 617]
Event: 4942.171 Thread 0x0000025664d63800 Exception <a 'sun/nio/fs/WindowsException'{0x000000008fe72f08}> (0x000000008fe72f08) thrown at [src/hotspot/share/prims/jni.cpp, line 617]
Event: 4942.171 Thread 0x0000025664d63800 Exception <a 'sun/nio/fs/WindowsException'{0x000000008fe74838}> (0x000000008fe74838) thrown at [src/hotspot/share/prims/jni.cpp, line 617]
Event: 4966.375 Thread 0x0000025664d63800 Exception <a 'sun/nio/fs/WindowsException'{0x000000008e3b9f60}> (0x000000008e3b9f60) thrown at [src/hotspot/share/prims/jni.cpp, line 617]
Event: 4966.419 Thread 0x0000025664d63800 Exception <a 'sun/nio/fs/WindowsException'{0x000000008d93b6b8}> (0x000000008d93b6b8) thrown at [src/hotspot/share/prims/jni.cpp, line 617]
Event: 4966.422 Thread 0x0000025664d63800 Exception <a 'sun/nio/fs/WindowsException'{0x000000008d9d72f8}> (0x000000008d9d72f8) thrown at [src/hotspot/share/prims/jni.cpp, line 617]
Event: 4966.422 Thread 0x0000025664d63800 Exception <a 'sun/nio/fs/WindowsException'{0x000000008d9d8568}> (0x000000008d9d8568) thrown at [src/hotspot/share/prims/jni.cpp, line 617]
Event: 4966.422 Thread 0x0000025664d63800 Exception <a 'sun/nio/fs/WindowsException'{0x000000008d9d9828}> (0x000000008d9d9828) thrown at [src/hotspot/share/prims/jni.cpp, line 617]
Event: 4966.422 Thread 0x0000025664d63800 Exception <a 'sun/nio/fs/WindowsException'{0x000000008d9daae8}> (0x000000008d9daae8) thrown at [src/hotspot/share/prims/jni.cpp, line 617]
Event: 4966.563 Thread 0x0000025663262000 Exception <a 'java/lang/InterruptedException'{0x000000008bb4c248}> (0x000000008bb4c248) thrown at [src/hotspot/share/runtime/objectMonitor.cpp, line 1635]
Event: 4967.187 Thread 0x0000025663267800 Exception <a 'sun/nio/fs/WindowsException'{0x000000008b03e968}> (0x000000008b03e968) thrown at [src/hotspot/share/prims/jni.cpp, line 617]
Event: 4967.242 Thread 0x0000025663267800 Exception <a 'sun/nio/fs/WindowsException'{0x000000008fef3020}> (0x000000008fef3020) thrown at [src/hotspot/share/prims/jni.cpp, line 617]
Event: 4967.256 Thread 0x000002566326e000 Exception <a 'sun/nio/fs/WindowsException'{0x000000008fb59b08}> (0x000000008fb59b08) thrown at [src/hotspot/share/prims/jni.cpp, line 617]
Event: 4967.263 Thread 0x000002566326e000 Exception <a 'sun/nio/fs/WindowsException'{0x000000008f91cb98}> (0x000000008f91cb98) thrown at [src/hotspot/share/prims/jni.cpp, line 617]

Events (20 events):
Event: 4967.186 Thread 0x000002566326a000 Thread added: 0x000002566326a000
Event: 4967.186 Thread 0x000002566326c800 Thread added: 0x000002566326c800
Event: 4967.187 Thread 0x000002566326b800 Thread added: 0x000002566326b800
Event: 4967.187 Thread 0x000002566326e000 Thread added: 0x000002566326e000
Event: 4967.188 Thread 0x00000256622da000 Thread added: 0x00000256622da000
Event: 4967.188 Executing VM operation: G1CollectForAllocation
Event: 4967.188 Thread 0x00000256622d8800 Thread added: 0x00000256622d8800
Event: 4967.202 Executing VM operation: G1CollectForAllocation done
Event: 4967.203 Executing VM operation: RevokeBias
Event: 4967.203 Executing VM operation: RevokeBias done
Event: 4967.203 Executing VM operation: RevokeBias
Event: 4967.203 Executing VM operation: RevokeBias done
Event: 4967.204 Executing VM operation: RevokeBias
Event: 4967.204 Executing VM operation: RevokeBias done
Event: 4967.206 Executing VM operation: RevokeBias
Event: 4967.206 Executing VM operation: RevokeBias done
Event: 4967.207 Thread 0x0000025663262000 Thread exited: 0x0000025663262000
Event: 4967.212 Executing VM operation: G1CollectForAllocation
Event: 4967.231 Executing VM operation: G1CollectForAllocation done
Event: 4967.234 Thread 0x0000025661106000 Thread added: 0x0000025661106000


Dynamic libraries:
0x00007ff6c3fd0000 - 0x00007ff6c3fda000 	C:\Program Files\Android\Android Studio\jbr\bin\java.exe
0x00007ff933240000 - 0x00007ff93342e000 	C:\Windows\SYSTEM32\ntdll.dll
0x00007ff931560000 - 0x00007ff931613000 	C:\Windows\System32\KERNEL32.DLL
0x00007ff92f8b0000 - 0x00007ff92fb4c000 	C:\Windows\System32\KERNELBASE.dll
0x00007ff930370000 - 0x00007ff93046a000 	C:\Windows\System32\ucrtbase.dll
0x00007ff9198a0000 - 0x00007ff9198b7000 	C:\Program Files\Android\Android Studio\jbr\bin\jli.dll
0x00007ff925780000 - 0x00007ff92579b000 	C:\Program Files\Android\Android Studio\jbr\bin\VCRUNTIME140.dll
0x00007ff9312a0000 - 0x00007ff931438000 	C:\Windows\System32\USER32.dll
0x00007ff92f2e0000 - 0x00007ff92f300000 	C:\Windows\System32\win32u.dll
0x00007ff921110000 - 0x00007ff921389000 	C:\Windows\WinSxS\amd64_microsoft.windows.common-controls_6595b64144ccf1df_6.0.17763.4131_none_de70d21e534b9adf\COMCTL32.dll
0x00007ff930d70000 - 0x00007ff930d99000 	C:\Windows\System32\GDI32.dll
0x00007ff930f40000 - 0x00007ff930fde000 	C:\Windows\System32\msvcrt.dll
0x00007ff92f480000 - 0x00007ff92f620000 	C:\Windows\System32\gdi32full.dll
0x00007ff92f300000 - 0x00007ff92f3a0000 	C:\Windows\System32\msvcp_win.dll
0x00007ff930a40000 - 0x00007ff930d6c000 	C:\Windows\System32\combase.dll
0x00007ff931440000 - 0x00007ff93155d000 	C:\Windows\System32\RPCRT4.dll
0x00007ff92f620000 - 0x00007ff92f6a2000 	C:\Windows\System32\bcryptPrimitives.dll
0x00007ff930470000 - 0x00007ff93049e000 	C:\Windows\System32\IMM32.DLL
0x00007ff8fb7e0000 - 0x00007ff8fb86d000 	C:\Program Files\Android\Android Studio\jbr\bin\msvcp140.dll
0x00007ff91ce10000 - 0x00007ff91ce1c000 	C:\Windows\SYSTEM32\VCRUNTIME140_1.dll
0x00007ff8cf2e0000 - 0x00007ff8cfe9c000 	C:\Program Files\Android\Android Studio\jbr\bin\server\jvm.dll
0x00007ff930e90000 - 0x00007ff930f37000 	C:\Windows\System32\ADVAPI32.dll
0x00007ff933170000 - 0x00007ff93320f000 	C:\Windows\System32\sechost.dll
0x00007ff9304a0000 - 0x00007ff9304a8000 	C:\Windows\System32\PSAPI.DLL
0x00007ff91b710000 - 0x00007ff91b719000 	C:\Windows\SYSTEM32\WSOCK32.dll
0x00007ff930e00000 - 0x00007ff930e6d000 	C:\Windows\System32\WS2_32.dll
0x00007ff92c290000 - 0x00007ff92c2b4000 	C:\Windows\SYSTEM32\WINMM.dll
0x00007ff9254f0000 - 0x00007ff9254fa000 	C:\Windows\SYSTEM32\VERSION.dll
0x00007ff92c030000 - 0x00007ff92c05d000 	C:\Windows\SYSTEM32\WINMMBASE.dll
0x00007ff930300000 - 0x00007ff93034a000 	C:\Windows\System32\cfgmgr32.dll
0x00007ff92f210000 - 0x00007ff92f221000 	C:\Windows\System32\kernel.appcore.dll
0x00007ff921390000 - 0x00007ff9213a0000 	C:\Program Files\Android\Android Studio\jbr\bin\verify.dll
0x00007ff92d9e0000 - 0x00007ff92dbcd000 	C:\Windows\SYSTEM32\DBGHELP.DLL
0x00007ff91b9d0000 - 0x00007ff91b9fa000 	C:\Windows\SYSTEM32\dbgcore.DLL
0x00007ff9102b0000 - 0x00007ff9102d8000 	C:\Program Files\Android\Android Studio\jbr\bin\java.dll
0x00007ff9210a0000 - 0x00007ff9210aa000 	C:\Program Files\Android\Android Studio\jbr\bin\jimage.dll
0x00007ff90a510000 - 0x00007ff90a528000 	C:\Program Files\Android\Android Studio\jbr\bin\zip.dll
0x00007ff931c70000 - 0x00007ff933168000 	C:\Windows\System32\SHELL32.dll
0x00007ff930ff0000 - 0x00007ff931097000 	C:\Windows\System32\shcore.dll
0x00007ff92fb50000 - 0x00007ff930299000 	C:\Windows\System32\windows.storage.dll
0x00007ff92f2b0000 - 0x00007ff92f2d3000 	C:\Windows\System32\profapi.dll
0x00007ff92f230000 - 0x00007ff92f28d000 	C:\Windows\System32\powrprof.dll
0x00007ff930da0000 - 0x00007ff930df2000 	C:\Windows\System32\shlwapi.dll
0x00007ff930350000 - 0x00007ff93036b000 	C:\Windows\System32\cryptsp.dll
0x00007ff9066f0000 - 0x00007ff906709000 	C:\Program Files\Android\Android Studio\jbr\bin\net.dll
0x00007ff925c40000 - 0x00007ff925d3f000 	C:\Windows\SYSTEM32\WINHTTP.dll
0x00007ff92ea60000 - 0x00007ff92eac7000 	C:\Windows\system32\mswsock.dll
0x00007ff905bb0000 - 0x00007ff905bc3000 	C:\Program Files\Android\Android Studio\jbr\bin\nio.dll
0x00007ff8fffd0000 - 0x00007ff8ffff7000 	C:\Users\Ranialvz-PC\.gradle\native\e1d6ef7f7dcc3fd88c89a11ec53ec762bb8ba0a96d01ffa2cd45eb1d1d8dd5c5\windows-amd64\native-platform.dll
0x00007ff912200000 - 0x00007ff912344000 	C:\Users\Ranialvz-PC\.gradle\native\0d407fdbe67a94daf76414ababcb853783967236a71b16ec16e742cd7a986fd3\windows-amd64\native-platform-file-events.dll
0x00007ff920310000 - 0x00007ff92031a000 	C:\Program Files\Android\Android Studio\jbr\bin\management.dll
0x00007ff91c4d0000 - 0x00007ff91c4db000 	C:\Program Files\Android\Android Studio\jbr\bin\management_ext.dll
0x00007ff92e5e0000 - 0x00007ff92e613000 	C:\Windows\system32\rsaenh.dll
0x00007ff92f450000 - 0x00007ff92f476000 	C:\Windows\System32\bcrypt.dll
0x00007ff92f140000 - 0x00007ff92f169000 	C:\Windows\SYSTEM32\USERENV.dll
0x00007ff92ec30000 - 0x00007ff92ec3c000 	C:\Windows\SYSTEM32\CRYPTBASE.dll
0x00007ff92e770000 - 0x00007ff92e7ad000 	C:\Windows\SYSTEM32\IPHLPAPI.DLL
0x00007ff930fe0000 - 0x00007ff930fe8000 	C:\Windows\System32\NSI.dll
0x00007ff928f50000 - 0x00007ff928f66000 	C:\Windows\SYSTEM32\dhcpcsvc6.DLL
0x00007ff928f20000 - 0x00007ff928f3c000 	C:\Windows\SYSTEM32\dhcpcsvc.DLL
0x00007ff92e7b0000 - 0x00007ff92e876000 	C:\Windows\SYSTEM32\DNSAPI.dll
0x00007ff92e250000 - 0x00007ff92e281000 	C:\Windows\SYSTEM32\ntmarta.dll
0x00007ff9289b0000 - 0x00007ff9289ce000 	C:\Users\Ranialvz-PC\AppData\Local\Temp\native-platform10958934377238321078dir\native-platform.dll
0x00007ff92bf10000 - 0x00007ff92bf17000 	C:\Program Files\Android\Android Studio\jbr\bin\rmi.dll
0x00007ff8fdd00000 - 0x00007ff8fdd27000 	C:\Program Files\Android\Android Studio\jbr\bin\sunec.dll

dbghelp: loaded successfully - version: 4.0.5 - missing functions: none
symbol engine: initialized successfully - sym options: 0x614 - pdb path: .;C:\Program Files\Android\Android Studio\jbr\bin;C:\Windows\SYSTEM32;C:\Windows\WinSxS\amd64_microsoft.windows.common-controls_6595b64144ccf1df_6.0.17763.4131_none_de70d21e534b9adf;C:\Program Files\Android\Android Studio\jbr\bin\server;C:\Users\Ranialvz-PC\.gradle\native\e1d6ef7f7dcc3fd88c89a11ec53ec762bb8ba0a96d01ffa2cd45eb1d1d8dd5c5\windows-amd64;C:\Users\Ranialvz-PC\.gradle\native\0d407fdbe67a94daf76414ababcb853783967236a71b16ec16e742cd7a986fd3\windows-amd64;C:\Users\Ranialvz-PC\AppData\Local\Temp\native-platform10958934377238321078dir

VM Arguments:
jvm_args: --add-opens=java.base/java.util=ALL-UNNAMED --add-opens=java.base/java.lang=ALL-UNNAMED --add-opens=java.base/java.lang.invoke=ALL-UNNAMED --add-opens=java.base/java.util=ALL-UNNAMED --add-opens=java.prefs/java.util.prefs=ALL-UNNAMED --add-opens=java.prefs/java.util.prefs=ALL-UNNAMED --add-opens=java.base/java.nio.charset=ALL-UNNAMED --add-opens=java.base/java.net=ALL-UNNAMED --add-opens=java.base/java.util.concurrent.atomic=ALL-UNNAMED -Xmx2048m -Dfile.encoding=UTF-8 -Duser.country=US -Duser.language=en -Duser.variant 
java_command: org.gradle.launcher.daemon.bootstrap.GradleDaemon 7.5
java_class_path (initial): C:\Users\Ranialvz-PC\.gradle\wrapper\dists\gradle-7.5-bin\f1w0cc9nuo0eivz97x2xlu9sv\gradle-7.5\lib\gradle-launcher-7.5.jar
Launcher Type: SUN_STANDARD

[Global flags]
     intx CICompilerCount                          = 4                                         {product} {ergonomic}
     uint ConcGCThreads                            = 2                                         {product} {ergonomic}
     uint G1ConcRefinementThreads                  = 8                                         {product} {ergonomic}
   size_t G1HeapRegionSize                         = 1048576                                   {product} {ergonomic}
    uintx GCDrainStackTargetSize                   = 64                                        {product} {ergonomic}
   size_t InitialHeapSize                          = 268435456                                 {product} {ergonomic}
   size_t MarkStackSize                            = 4194304                                   {product} {ergonomic}
   size_t MaxHeapSize                              = 2147483648                                {product} {command line}
   size_t MaxNewSize                               = 1287651328                                {product} {ergonomic}
   size_t MinHeapDeltaBytes                        = 1048576                                   {product} {ergonomic}
    uintx NonNMethodCodeHeapSize                   = 5836300                                {pd product} {ergonomic}
    uintx NonProfiledCodeHeapSize                  = 122910970                              {pd product} {ergonomic}
    uintx ProfiledCodeHeapSize                     = 122910970                              {pd product} {ergonomic}
    uintx ReservedCodeCacheSize                    = 251658240                              {pd product} {ergonomic}
     bool SegmentedCodeCache                       = true                                      {product} {ergonomic}
     bool UseCompressedClassPointers               = true                                 {lp64_product} {ergonomic}
     bool UseCompressedOops                        = true                                 {lp64_product} {ergonomic}
     bool UseG1GC                                  = true                                      {product} {ergonomic}
     bool UseLargePagesIndividualAllocation        = false                                  {pd product} {ergonomic}

Logging:
Log output configuration:
 #0: stdout all=warning uptime,level,tags
 #1: stderr all=off uptime,level,tags

Environment Variables:
PATH=C:\Windows\system32;C:\Windows;C:\Windows\System32\Wbem;C:\Windows\System32\WindowsPowerShell\v1.0\;C:\Windows\System32\OpenSSH\;C:\Program Files\PuTTY\;I:\git\Git\cmd;C:\Program Files\dotnet\;C:\Users\Ranialvz-PC\AppData\Local\Programs\Python\Python311\Scripts\;C:\Users\Ranialvz-PC\AppData\Local\Programs\Python\Python311\;C:\Users\Ranialvz-PC\AppData\Local\Microsoft\WindowsApps;I:\intel\IntelliJ IDEA Community Edition 2022.3.2\bin;;C:\Users\Ranialvz-PC\AppData\Local\GitHubDesktop\bin
USERNAME=Ranialvz-PC
OS=Windows_NT
PROCESSOR_IDENTIFIER=Intel64 Family 6 Model 60 Stepping 3, GenuineIntel



---------------  S Y S T E M  ---------------

OS: Windows 10 , 64 bit Build 17763 (10.0.17763.4131)
OS uptime: 0 days 16:49 hours

CPU:total 8 (initial active 8) (4 cores per cpu, 2 threads per core) family 6 model 60 stepping 3 microcode 0x28, cmov, cx8, fxsr, mmx, sse, sse2, sse3, ssse3, sse4.1, sse4.2, popcnt, avx, avx2, aes, clmul, erms, lzcnt, ht, tsc, tscinvbit, bmi1, bmi2, fma

Memory: 4k page, system-wide physical 16318M (905M free)
TotalPageFile size 18366M (AvailPageFile size 5M)
current process WorkingSet (physical memory assigned to process): 710M, peak: 722M
current process commit charge ("private bytes"): 744M, peak: 756M

vm_info: OpenJDK 64-Bit Server VM (11.0.15+0-b2043.56-8887301) for windows-amd64 JRE (11.0.15+0-b2043.56-8887301), built on Jul 29 2022 23:19:47 by "builduser" with unknown MS VC++:1929

END.
